0 0.000000 -0.693111 1.408420 0.000000 2.756060 1.837373 0.000000 0.000000 
0 0.000000 -0.693810 1.398123 0.000000 3.582757 2.688824 0.000000 -0.450479 
1000 5.000000 -0.924972 1.122529 0.000000 5.891751 5.435429 0.000000 -2.261393 
2000 10.000000 -1.112929 0.838887 0.000000 3.714877 0.565058 0.000000 2.867291 
3000 15.000000 -1.021981 0.833641 0.000000 4.600345 0.487935 0.000000 3.868443 
4000 20.000000 -0.935535 0.769439 0.000000 3.960307 0.252179 0.000000 3.582039 
5000 25.000000 -0.603647 1.235586 0.000000 4.350644 1.625248 0.000000 1.912772 
6000 30.000000 -1.043448 0.875661 0.000000 5.069075 1.989980 0.000000 2.084106 
7000 35.000000 -0.752849 1.149002 0.000000 5.338332 0.750039 0.000000 4.213274 
8000 40.000000 -0.898781 1.096548 0.000000 4.476368 0.487699 0.000000 3.744819 
9000 45.000000 -0.952482 0.922508 0.000000 4.535479 0.123784 0.000000 4.349803 
10000 50.000000 -0.865111 1.029636 0.000000 4.793076 0.174379 0.000000 4.531508 
11000 55.000000 -0.803228 0.786464 0.000000 2.708053 0.529835 0.000000 1.913302 
12000 60.000000 -0.851001 0.980731 0.000000 5.290396 2.043813 0.000000 2.224677 
13000 65.000000 -0.978888 0.777970 0.000000 4.168583 0.020592 0.000000 4.137694 
14000 70.000000 -0.890138 1.023593 0.000000 5.551701 1.768036 0.000000 2.899647 
15000 75.000000 -0.783483 1.210063 0.000000 5.423707 1.254208 0.000000 3.542394 
16000 80.000000 -0.863247 1.023837 0.000000 5.207191 1.086659 0.000000 3.577203 
17000 85.000000 -0.669551 1.247300 0.000000 5.319070 0.691481 0.000000 4.281848 
18000 90.000000 -0.629330 1.336554 0.000000 4.937357 0.289905 0.000000 4.502499 
19000 95.000000 -0.727696 1.194887 0.000000 5.196047 0.206290 0.000000 4.886612 
20000 100.000000 -1.047045 0.775129 0.000000 5.301452 2.105400 0.000000 2.143351 
21000 105.000000 -0.785036 1.137020 0.000000 5.074404 0.093003 0.000000 4.934899 
22000 110.000000 -0.854882 0.856648 0.000000 3.762167 0.823974 0.000000 2.526206 
23000 115.000000 -0.782019 0.725147 0.000000 2.252999 0.182531 0.000000 1.979203 
24000 120.000000 -0.791138 1.201662 0.000000 5.304173 1.021648 0.000000 3.771701 
25000 125.000000 -0.849872 1.011015 0.000000 4.573494 0.126177 0.000000 4.384229 
26000 130.000000 -0.646593 1.427799 0.000000 2.579559 0.033242 0.000000 2.529697 
27000 135.000000 -0.720214 1.232648 0.000000 5.345176 0.394380 0.000000 4.753606 
28000 140.000000 -0.554037 1.402197 0.000000 4.910937 1.594592 0.000000 2.519049 
29000 145.000000 -0.707308 1.360934 0.000000 3.677594 1.018146 0.000000 2.150374 
30000 150.000000 -0.537420 1.404454 0.000000 4.489303 1.085250 0.000000 2.861429 
31000 155.000000 -0.801293 0.647619 0.000000 2.086491 0.686393 0.000000 1.056901 
32000 160.000000 -0.771051 1.318066 0.000000 2.793054 0.436080 0.000000 2.138935 
33000 165.000000 -0.753612 1.102878 0.000000 4.656783 0.417341 0.000000 4.030772 
34000 170.000000 -0.911112 0.849821 0.000000 4.121827 0.236751 0.000000 3.766700 
35000 175.000000 -1.077588 0.770423 0.000000 6.040492 3.808245 0.000000 0.328125 
36000 180.000000 -0.868601 0.969481 0.000000 5.827039 2.956174 0.000000 1.392778 
37000 185.000000 -0.412649 1.427799 0.000000 1.049906 0.640822 0.000000 0.088673 
38000 190.000000 -0.618714 1.356789 0.000000 4.883501 0.476350 0.000000 4.168976 
39000 195.000000 -0.696950 1.265265 0.000000 5.386265 0.581033 0.000000 4.514715 
40000 200.000000 -0.908777 0.670637 0.000000 2.719505 0.051968 0.000000 2.641553 
41000 205.000000 -0.878507 1.053428 0.000000 6.616499 3.803526 0.000000 0.911209 
42000 210.000000 -0.989189 0.992679 0.000000 4.018742 0.449866 0.000000 3.343943 
43000 215.000000 -0.869227 0.983399 0.000000 4.958283 1.050827 0.000000 3.382042 
44000 220.000000 -0.634905 0.574663 0.000000 0.720581 0.359003 0.000000 0.182076 
45000 225.000000 -0.991816 0.746181 0.000000 4.374510 0.723893 0.000000 3.288671 
46000 230.000000 -0.858368 1.008903 0.000000 4.875270 0.687463 0.000000 3.844076 
47000 235.000000 -1.107936 0.737570 0.000000 4.072520 0.362332 0.000000 3.529022 
48000 240.000000 -0.521961 1.367976 0.000000 3.590935 0.242305 0.000000 3.227477 
49000 245.000000 -0.804253 1.052609 0.000000 4.815011 0.702267 0.000000 3.761610 
50000 250.000000 -0.741283 1.255978 0.000000 4.866434 0.115147 0.000000 4.693713 
51000 255.000000 -1.191260 0.608249 0.000000 2.531984 0.814417 0.000000 1.310359 
52000 260.000000 -0.884406 1.105214 0.000000 4.695813 0.672278 0.000000 3.687397 
53000 265.000000 -0.725740 1.193384 0.000000 5.584010 1.038417 0.000000 4.026385 
54000 270.000000 -1.176684 0.731422 0.000000 3.211072 0.017978 0.000000 3.184105 
55000 275.000000 -0.964629 0.875900 0.000000 4.710522 0.640418 0.000000 3.749895 
56000 280.000000 -0.750010 0.584131 0.000000 0.779709 0.261140 0.000000 0.387999 
57000 285.000000 -0.806010 1.016020 0.000000 4.214660 0.314535 0.000000 3.742857 
58000 290.000000 -1.004047 0.868304 0.000000 4.904597 1.087918 0.000000 3.272719 
59000 295.000000 -0.634658 1.282512 0.000000 5.292160 0.961073 0.000000 3.850551 
60000 300.000000 -0.707017 1.379896 0.000000 2.720417 0.483819 0.000000 1.994689 
61000 305.000000 -0.697705 1.276431 0.000000 5.192532 0.356669 0.000000 4.657528 
62000 310.000000 -0.788260 1.148015 0.000000 5.522165 0.971945 0.000000 4.064247 
63000 315.000000 -1.021313 0.807684 0.000000 5.146161 1.641812 0.000000 2.683443 
64000 320.000000 -1.107270 0.670726 0.000000 5.386233 3.960999 0.000000 -0.555266 
65000 325.000000 -0.828483 1.137904 0.000000 5.011875 0.359259 0.000000 4.472986 
66000 330.000000 -0.689039 1.231572 0.000000 6.108288 2.152015 0.000000 2.880265 
67000 335.000000 -0.728551 1.226270 0.000000 5.238046 0.219666 0.000000 4.908547 
68000 340.000000 -0.853419 0.996311 0.000000 5.055007 1.300938 0.000000 3.103599 
69000 345.000000 -1.093266 0.753046 0.000000 5.084176 2.149545 0.000000 1.859859 
70000 350.000000 -0.805608 1.173143 0.000000 5.168925 0.624570 0.000000 4.232071 
71000 355.000000 -0.756386 1.130700 0.000000 7.203048 4.801399 0.000000 0.000950 
72000 360.000000 -1.113077 0.821910 0.000000 3.574953 0.008257 0.000000 3.562567 
73000 365.000000 -0.602275 1.319564 0.000000 5.044787 0.846690 0.000000 3.774752 
74000 370.000000 -0.619971 1.481134 0.000000 1.929876 1.540067 0.000000 -0.380224 
75000 375.000000 -0.661987 1.303191 0.000000 5.405921 0.865214 0.000000 4.108101 
76000 380.000000 -0.908006 1.114531 0.000000 3.924547 0.329619 0.000000 3.430118 
77000 385.000000 -0.754571 1.176473 0.000000 5.166960 0.114297 0.000000 4.995515 
78000 390.000000 -1.117246 0.962178 0.000000 1.812251 1.466414 0.000000 -0.387370 
79000 395.000000 -0.686350 1.286492 0.000000 5.028221 0.008185 0.000000 5.015943 
80000 400.000000 -0.991007 0.876654 0.000000 4.595421 0.381452 0.000000 4.023243 
81000 405.000000 -0.466107 1.412066 0.000000 2.508417 0.159656 0.000000 2.268932 
82000 410.000000 -0.934855 0.592243 0.000000 2.659994 2.616759 0.000000 -1.265144 
83000 415.000000 -0.648805 1.314396 0.000000 5.661167 1.440343 0.000000 3.500653 
84000 420.000000 -0.987789 0.880419 0.000000 4.651370 0.474747 0.000000 3.939249 
85000 425.000000 -0.781463 1.146994 0.000000 6.110886 2.095022 0.000000 2.968353 
86000 430.000000 -0.712338 1.179931 0.000000 5.004926 0.292004 0.000000 4.566920 
87000 435.000000 -0.901216 1.054763 0.000000 4.900754 0.717790 0.000000 3.824069 
88000 440.000000 -0.754458 1.108048 0.000000 4.686341 0.315256 0.000000 4.213457 
89000 445.000000 -0.613359 1.391460 0.000000 4.203984 0.014706 0.000000 4.181924 
90000 450.000000 -1.022704 0.829953 0.000000 5.256046 1.827213 0.000000 2.515227 
91000 455.000000 -1.052318 0.797904 0.000000 4.375143 0.244197 0.000000 4.008847 
92000 460.000000 -1.033625 0.743534 0.000000 4.396239 0.530477 0.000000 3.600524 
93000 465.000000 -1.180120 0.583871 0.000000 2.408938 1.476131 0.000000 0.194741 
94000 470.000000 -0.663232 1.324389 0.000000 5.199729 0.797228 0.000000 4.003887 
95000 475.000000 -0.547293 1.474759 0.000000 3.072114 0.164530 0.000000 2.825318 
96000 480.000000 -0.827129 0.887833 0.000000 4.664685 3.116598 0.000000 -0.010211 
97000 485.000000 -1.044902 0.759357 0.000000 4.723898 1.021613 0.000000 3.191478 
98000 490.000000 -0.956193 0.899123 0.000000 4.950540 1.018682 0.000000 3.422517 
99000 495.000000 -0.546832 1.534702 0.000000 0.998204 0.146058 0.000000 0.779117 
100000 500.000000 -0.834741 1.033255 0.000000 4.654927 0.128452 0.000000 4.462249 
101000 505.000000 -1.016114 0.743656 0.000000 4.571964 0.915057 0.000000 3.199378 
102000 510.000000 -0.927008 0.912692 0.000000 4.911740 0.996115 0.000000 3.417568 
103000 515.000000 -1.017731 0.674932 0.000000 4.215394 1.625412 0.000000 1.777277 
104000 520.000000 -0.816285 1.115187 0.000000 5.452684 0.944506 0.000000 4.035924 
105000 525.000000 -0.727978 1.105331 0.000000 5.740741 3.373170 0.000000 0.680986 
106000 530.000000 -0.790870 1.174578 0.000000 5.501413 0.969446 0.000000 4.047244 
107000 535.000000 -0.701501 1.272593 0.000000 5.303147 0.490676 0.000000 4.567133 
108000 540.000000 -0.896206 0.672339 0.000000 3.863931 2.416841 0.000000 0.238670 
109000 545.000000 -0.855291 1.196252 0.000000 3.637580 0.268071 0.000000 3.235474 
110000 550.000000 -0.953078 0.887111 0.000000 4.894577 0.935209 0.000000 3.491763 
111000 555.000000 -1.085837 0.739969 0.000000 4.340228 0.586034 0.000000 3.461176 
112000 560.000000 -0.591979 1.282828 0.000000 5.077968 1.989692 0.000000 2.093430 
113000 565.000000 -1.035764 0.906268 0.000000 4.417534 0.943769 0.000000 3.001881 
114000 570.000000 -0.792945 1.268839 0.000000 3.905050 0.912890 0.000000 2.535714 
115000 575.000000 -1.034705 0.912334 0.000000 4.906111 2.001285 0.000000 1.904184 
116000 580.000000 -1.138266 0.779305 0.000000 4.074026 1.052130 0.000000 2.495831 
117000 585.000000 -0.947727 0.884693 0.000000 4.507596 0.210589 0.000000 4.191713 
118000 590.000000 -0.711872 1.168398 0.000000 4.732968 0.010468 0.000000 4.717267 
119000 595.000000 -0.854706 1.193568 0.000000 4.216308 1.262862 0.000000 2.322015 
120000 600.000000 -0.706806 1.235002 0.000000 5.187115 0.040339 0.000000 5.126606 
121000 605.000000 -0.246042 0.675878 0.000000 2.299286 4.115842 0.000000 -3.874476 
122000 610.000000 -1.069778 0.712068 0.000000 4.399696 0.945604 0.000000 2.981289 
123000 615.000000 -0.581550 1.286501 0.000000 4.277540 0.765921 0.000000 3.128659 
124000 620.000000 -1.056155 0.959659 0.000000 3.010271 0.246842 0.000000 2.640008 
125000 625.000000 -0.676147 1.242397 0.000000 5.452053 0.855354 0.000000 4.169023 
126000 630.000000 -0.953783 0.987945 0.000000 4.586172 0.465119 0.000000 3.888493 
127000 635.000000 -0.955544 1.069244 0.000000 3.632151 0.416858 0.000000 3.006865 
128000 640.000000 -0.679050 1.198195 0.000000 5.818192 2.406503 0.000000 2.208438 
129000 645.000000 -0.843091 1.001569 0.000000 5.028611 1.285197 0.000000 3.100815 
130000 650.000000 -0.714724 1.191830 0.000000 5.314817 0.620700 0.000000 4.383767 
131000 655.000000 -0.751660 1.130297 0.000000 5.176545 0.801906 0.000000 3.973686 
132000 660.000000 -1.020946 0.749144 0.000000 5.082295 1.858104 0.000000 2.295140 
133000 665.000000 -0.852202 0.845893 0.000000 3.429399 0.323708 0.000000 2.943838 
134000 670.000000 -0.811084 1.173488 0.000000 5.064456 0.521249 0.000000 4.282582 
135000 675.000000 -0.590199 1.304280 0.000000 5.075524 1.505370 0.000000 2.817469 
136000 680.000000 -0.989214 0.928815 0.000000 4.673396 0.757398 0.000000 3.537299 
137000 685.000000 -1.022115 0.866724 0.000000 4.451999 0.327164 0.000000 3.961252 
138000 690.000000 -0.755797 0.672883 0.000000 2.621431 1.709183 0.000000 0.057656 
139000 695.000000 -0.673648 1.119239 0.000000 3.036070 0.052148 0.000000 2.957849 
140000 700.000000 -0.785166 1.143340 0.000000 5.444724 0.763258 0.000000 4.299837 
141000 705.000000 -0.795474 1.026898 0.000000 4.068972 0.024895 0.000000 4.031629 
142000 710.000000 -0.991239 1.045476 0.000000 3.285219 0.684941 0.000000 2.257807 
143000 715.000000 -0.942105 1.096099 0.000000 3.510685 0.493483 0.000000 2.770460 
144000 720.000000 -1.107580 0.832760 0.000000 3.678190 0.185011 0.000000 3.400674 
145000 725.000000 -0.594078 1.250925 0.000000 4.586065 1.999761 0.000000 1.586423 
146000 730.000000 -0.756038 1.109423 0.000000 5.245475 1.305949 0.000000 3.286551 
147000 735.000000 -1.001759 0.875320 0.000000 4.609662 0.435726 0.000000 3.956073 
148000 740.000000 -0.913102 0.711644 0.000000 3.305940 0.147124 0.000000 3.085254 
149000 745.000000 -0.696171 1.244902 0.000000 5.840867 1.368976 0.000000 3.787402 
150000 750.000000 -0.765514 0.767890 0.000000 2.200798 0.346114 0.000000 1.681627 
151000 755.000000 -0.570643 1.364465 0.000000 5.220521 1.654483 0.000000 2.738797 
152000 760.000000 -0.626160 1.263037 0.000000 4.829761 0.559461 0.000000 3.990569 
153000 765.000000 -1.045151 1.086253 0.000000 0.084677 0.247091 0.000000 -0.285959 
154000 770.000000 -0.948594 0.854310 0.000000 4.856367 1.055286 0.000000 3.273438 
155000 775.000000 -0.663564 1.253116 0.000000 5.398474 0.813238 0.000000 4.178617 
156000 780.000000 -0.844241 1.018051 0.000000 4.608603 0.090578 0.000000 4.472736 
157000 785.000000 -0.951606 0.984716 0.000000 4.503354 0.185538 0.000000 4.225048 
158000 790.000000 -0.753500 1.060893 0.000000 4.545362 1.400627 0.000000 2.444421 
159000 795.000000 -1.114865 0.706100 0.000000 3.901933 0.248074 0.000000 3.529822 
160000 800.000000 -0.802556 1.116377 0.000000 5.468541 0.895499 0.000000 4.125293 
161000 805.000000 -0.933233 1.054325 0.000000 4.168498 0.070953 0.000000 4.062068 
162000 810.000000 -0.973724 0.591989 0.000000 1.607151 0.126868 0.000000 1.416849 
163000 815.000000 -0.964968 0.991408 0.000000 4.543438 0.643640 0.000000 3.577978 
164000 820.000000 -1.084845 0.574232 0.000000 1.803773 0.707773 0.000000 0.742113 
165000 825.000000 -0.570492 1.284733 0.000000 4.030975 0.896962 0.000000 2.685532 
166000 830.000000 -0.754343 1.156242 0.000000 5.106635 0.106708 0.000000 4.946573 
167000 835.000000 -0.752152 1.152324 0.000000 5.251826 0.482817 0.000000 4.527601 
168000 840.000000 -0.857873 0.685169 0.000000 3.177128 1.250237 0.000000 1.301773 
169000 845.000000 -0.661827 1.281599 0.000000 5.151990 0.118885 0.000000 4.973663 
170000 850.000000 -0.552286 1.404225 0.000000 5.637581 2.994858 0.000000 1.145295 
171000 855.000000 -0.723102 0.778877 0.000000 2.675611 2.226600 0.000000 -0.664290 
172000 860.000000 -0.891378 0.807566 0.000000 4.470476 1.647822 0.000000 1.998744 
173000 865.000000 -0.961114 0.956971 0.000000 4.622877 0.332647 0.000000 4.123907 
174000 870.000000 -0.869517 1.084454 0.000000 5.146019 0.746719 0.000000 4.025941 
175000 875.000000 -0.654960 1.222350 0.000000 4.576479 0.016510 0.000000 4.551714 
176000 880.000000 -0.694852 1.252795 0.000000 5.468157 0.545725 0.000000 4.649569 
177000 885.000000 -0.885601 1.117276 0.000000 4.704134 0.867171 0.000000 3.403378 
178000 890.000000 -0.755994 1.261731 0.000000 4.717565 0.303589 0.000000 4.262181 
179000 895.000000 -0.452044 1.475016 0.000000 3.115195 1.292230 0.000000 1.176851 
180000 900.000000 -0.668345 1.208676 0.000000 5.273849 1.312935 0.000000 3.304446 
181000 905.000000 -0.902664 0.613019 0.000000 1.901342 0.352123 0.000000 1.373157 
182000 910.000000 -0.666657 1.318212 0.000000 4.923254 0.025626 0.000000 4.884815 
183000 915.000000 -1.046961 0.863155 0.000000 4.632302 0.930735 0.000000 3.236199 
184000 920.000000 -0.905402 1.050865 0.000000 4.940077 0.716329 0.000000 3.865583 
185000 925.000000 -0.830693 1.090406 0.000000 5.954205 1.975762 0.000000 2.990563 
186000 930.000000 -0.505642 1.525561 0.000000 2.485454 0.903875 0.000000 1.129641 
187000 935.000000 -0.744283 1.154895 0.000000 5.694748 1.302579 0.000000 3.740880 
188000 940.000000 -0.633077 1.436616 0.000000 3.152227 0.876937 0.000000 1.836822 
189000 945.000000 -0.477517 1.402677 0.000000 3.024329 0.520171 0.000000 2.244073 
190000 950.000000 -0.729029 1.187173 0.000000 5.253201 0.167720 0.000000 5.001622 
191000 955.000000 -0.746759 1.057352 0.000000 3.769518 0.117394 0.000000 3.593428 
192000 960.000000 -0.878565 0.992078 0.000000 4.831139 0.336092 0.000000 4.327002 
193000 965.000000 -1.026841 1.023818 0.000000 2.682625 0.395594 0.000000 2.089234 
194000 970.000000 -0.597271 1.403530 0.000000 4.522461 0.611147 0.000000 3.605740 
195000 975.000000 -0.821427 1.022150 0.000000 5.017269 1.132923 0.000000 3.317884 
196000 980.000000 -0.918049 0.847353 0.000000 5.110870 1.915098 0.000000 2.238223 
197000 985.000000 -0.698257 1.254367 0.000000 5.650075 0.833378 0.000000 4.400007 
198000 990.000000 -0.648467 1.434789 0.000000 2.399775 0.120406 0.000000 2.219166 
199000 995.000000 -0.547960 1.320241 0.000000 3.716389 0.171496 0.000000 3.459146 
200000 1000.000000 -0.665018 1.369813 0.000000 5.047249 2.015218 0.000000 2.024422 
201000 1005.000000 -0.904181 0.849942 0.000000 4.259055 0.457856 0.000000 3.572271 
202000 1010.000000 -0.884022 1.187932 0.000000 3.097099 0.383988 0.000000 2.521118 
203000 1015.000000 -1.094007 0.733491 0.000000 5.814245 3.466778 0.000000 0.614079 
204000 1020.000000 -0.724243 1.179802 0.000000 5.250157 0.335232 0.000000 4.747309 
205000 1025.000000 -1.049076 0.845638 0.000000 4.413562 0.279878 0.000000 3.993745 
206000 1030.000000 -0.764643 1.180635 0.000000 5.233106 0.020711 0.000000 5.202039 
207000 1035.000000 -0.943169 0.650798 0.000000 3.076495 0.723877 0.000000 1.990679 
208000 1040.000000 -0.616342 1.356032 0.000000 4.973633 0.432130 0.000000 4.325437 
209000 1045.000000 -0.793057 1.077467 0.000000 4.787340 0.115667 0.000000 4.613840 
210000 1050.000000 -0.804074 1.155415 0.000000 5.380686 0.595043 0.000000 4.488121 
211000 1055.000000 -1.047109 0.830331 0.000000 5.606013 2.543985 0.000000 1.790036 
212000 1060.000000 -0.764543 1.130865 0.000000 5.073302 0.161613 0.000000 4.830882 
213000 1065.000000 -0.800903 1.141621 0.000000 5.147056 0.049717 0.000000 5.072481 
214000 1070.000000 -0.730869 1.069552 0.000000 4.326400 1.520659 0.000000 2.045411 
215000 1075.000000 -1.078650 0.772522 0.000000 4.286176 0.119928 0.000000 4.106284 
216000 1080.000000 -0.612166 1.299910 0.000000 4.978103 0.462659 0.000000 4.284114 
217000 1085.000000 -0.762659 1.183331 0.000000 5.297824 0.158498 0.000000 5.060077 
218000 1090.000000 -0.850481 0.895974 0.000000 3.732613 0.207340 0.000000 3.421603 
219000 1095.000000 -0.951499 0.687447 0.000000 3.422420 0.209359 0.000000 3.108382 
220000 1100.000000 -0.921746 1.002185 0.000000 4.966535 0.613663 0.000000 4.046041 
221000 1105.000000 -0.810994 1.118389 0.000000 5.107003 0.027539 0.000000 5.065694 
222000 1110.000000 -0.704972 1.151678 0.000000 4.807906 0.660701 0.000000 3.816855 
223000 1115.000000 -0.970018 0.824114 0.000000 5.297039 1.758826 0.000000 2.658800 
224000 1120.000000 -0.663228 1.259732 0.000000 5.673431 1.095221 0.000000 4.030599 
225000 1125.000000 -1.052343 0.804532 0.000000 4.469820 0.175224 0.000000 4.206984 
226000 1130.000000 -0.704283 1.219096 0.000000 5.767347 1.091770 0.000000 4.129692 
227000 1135.000000 -0.382543 1.518829 0.000000 0.931946 0.347078 0.000000 0.411328 
228000 1140.000000 -0.889985 0.959048 0.000000 4.824160 0.525249 0.000000 4.036286 
229000 1145.000000 -0.868403 1.050562 0.000000 5.262880 0.823066 0.000000 4.028281 
230000 1150.000000 -0.883130 0.876961 0.000000 4.222164 0.580356 0.000000 3.351629 
231000 1155.000000 -1.004042 0.892951 0.000000 4.810550 0.801595 0.000000 3.608157 
232000 1160.000000 -0.845063 0.878529 0.000000 3.456207 0.054587 0.000000 3.374326 
233000 1165.000000 -0.669164 1.286175 0.000000 5.906696 1.510072 0.000000 3.641587 
234000 1170.000000 -1.012371 0.791927 0.000000 4.518074 0.203314 0.000000 4.213103 
235000 1175.000000 -0.799572 1.154946 0.000000 5.113644 0.001381 0.000000 5.111572 
236000 1180.000000 -0.803523 1.249120 0.000000 4.263212 1.051260 0.000000 2.686322 
237000 1185.000000 -0.871289 1.116118 0.000000 4.659711 0.191789 0.000000 4.372027 
238000 1190.000000 -0.560521 1.418151 0.000000 4.278039 0.374380 0.000000 3.716469 
239000 1195.000000 -0.845247 0.978884 0.000000 4.828753 1.115410 0.000000 3.155638 
240000 1200.000000 -0.669591 1.242649 0.000000 5.490117 0.910288 0.000000 4.124685 
241000 1205.000000 -1.055934 0.903753 0.000000 4.304068 1.112658 0.000000 2.635080 
242000 1210.000000 -0.341903 0.765650 0.000000 0.165463 0.953270 0.000000 -1.264442 
243000 1215.000000 -0.864934 1.046488 0.000000 5.270684 0.844801 0.000000 4.003483 
244000 1220.000000 -0.514524 1.397196 0.000000 3.666837 0.040157 0.000000 3.606602 
245000 1225.000000 -1.058470 0.748606 0.000000 4.405651 0.329008 0.000000 3.912139 
246000 1230.000000 -0.912462 0.906421 0.000000 5.060375 1.346524 0.000000 3.040590 
247000 1235.000000 -0.751760 1.163506 0.000000 6.249346 2.211181 0.000000 2.932574 
248000 1240.000000 -0.708201 1.150391 0.000000 4.845784 0.696031 0.000000 3.801738 
249000 1245.000000 -0.949699 0.711063 0.000000 3.619071 0.087011 0.000000 3.488555 
250000 1250.000000 -0.688168 1.210079 0.000000 5.393700 0.844837 0.000000 4.126444 
251000 1255.000000 -0.912127 0.915652 0.000000 5.960589 3.055329 0.000000 1.377595 
252000 1260.000000 -0.696145 1.295294 0.000000 5.033355 0.136618 0.000000 4.828427 
253000 1265.000000 -0.977168 0.907542 0.000000 4.817214 0.612670 0.000000 3.898209 
254000 1270.000000 -0.565804 1.281675 0.000000 3.478910 0.062518 0.000000 3.385133 
255000 1275.000000 -0.648314 1.322058 0.000000 7.089138 4.228007 0.000000 0.747128 
256000 1280.000000 -0.870729 0.996540 0.000000 4.894713 0.533883 0.000000 4.093889 
257000 1285.000000 -1.064052 0.830609 0.000000 4.383436 0.382257 0.000000 3.810050 
258000 1290.000000 -0.960703 0.848531 0.000000 4.775842 0.708301 0.000000 3.713391 
259000 1295.000000 -0.999823 0.642694 0.000000 2.953562 0.209577 0.000000 2.639196 
260000 1300.000000 -0.712165 1.254953 0.000000 5.670444 0.977270 0.000000 4.204539 
261000 1305.000000 -0.778812 1.302859 0.000000 3.042807 0.246601 0.000000 2.672905 
262000 1310.000000 -1.036583 0.747800 0.000000 4.470738 0.451630 0.000000 3.793292 
263000 1315.000000 -0.693715 1.238692 0.000000 5.324867 0.259986 0.000000 4.934887 
264000 1320.000000 -1.035067 0.714530 0.000000 4.363906 0.724367 0.000000 3.277356 
265000 1325.000000 -0.717020 1.109127 0.000000 4.203011 0.473776 0.000000 3.492347 
266000 1330.000000 -0.615671 1.258706 0.000000 4.488837 0.333294 0.000000 3.988895 
267000 1335.000000 -0.880524 0.781603 0.000000 3.631158 0.398473 0.000000 3.033448 
268000 1340.000000 -0.686507 1.327606 0.000000 4.737566 0.340094 0.000000 4.227425 
269000 1345.000000 -0.825488 1.184858 0.000000 4.833004 0.662363 0.000000 3.839460 
270000 1350.000000 -0.871869 1.106010 0.000000 4.906843 0.556881 0.000000 4.071522 
271000 1355.000000 -1.177927 0.689186 0.000000 5.535928 4.582945 0.000000 -1.338490 
272000 1360.000000 -0.858754 0.918067 0.000000 4.109105 0.442105 0.000000 3.445947 
273000 1365.000000 -0.630674 1.360350 0.000000 4.731254 0.184551 0.000000 4.454428 
274000 1370.000000 -0.710881 1.142108 0.000000 4.507908 0.221710 0.000000 4.175343 
275000 1375.000000 -0.735826 1.211988 0.000000 5.824381 1.188357 0.000000 4.041846 
276000 1380.000000 -1.005101 0.822506 0.000000 4.592397 0.285421 0.000000 4.164266 
277000 1385.000000 -0.609659 1.256842 0.000000 4.753999 1.183200 0.000000 2.979199 
278000 1390.000000 -0.699154 1.206744 0.000000 5.743726 1.397965 0.000000 3.646778 
279000 1395.000000 -0.551865 1.399372 0.000000 4.687244 0.998218 0.000000 3.189917 
280000 1400.000000 -0.577530 1.337626 0.000000 4.567628 0.230513 0.000000 4.221858 
281000 1405.000000 -0.742261 1.208887 0.000000 5.365673 0.279005 0.000000 4.947166 
282000 1410.000000 -0.765404 1.137964 0.000000 6.286494 2.490427 0.000000 2.550853 
283000 1415.000000 -1.128739 0.826584 0.000000 3.753651 0.763506 0.000000 2.608392 
284000 1420.000000 -0.924284 0.870332 0.000000 7.745057 6.912509 0.000000 -2.623706 
285000 1425.000000 -0.901149 0.994402 0.000000 4.782181 0.182469 0.000000 4.508477 
286000 1430.000000 -0.723237 1.196974 0.000000 5.574151 0.803880 0.000000 4.368332 
287000 1435.000000 -0.869891 0.956803 0.000000 4.851891 1.022951 0.000000 3.317464 
288000 1440.000000 -0.627179 1.416815 0.000000 4.923192 2.888243 0.000000 0.590828 
289000 1445.000000 -0.659523 1.235138 0.000000 5.099984 0.547517 0.000000 4.278708 
290000 1450.000000 -0.875099 1.034463 0.000000 4.926917 0.271501 0.000000 4.519666 
291000 1455.000000 -0.779062 1.145310 0.000000 5.712290 1.202115 0.000000 3.909117 
292000 1460.000000 -0.638687 1.311103 0.000000 5.229161 0.491199 0.000000 4.492363 
293000 1465.000000 -0.518412 1.482047 0.000000 3.097640 0.104528 0.000000 2.940848 
294000 1470.000000 -1.226590 0.683594 0.000000 3.211155 1.172856 0.000000 1.451871 
295000 1475.000000 -0.907770 0.850229 0.000000 4.119769 0.185264 0.000000 3.841873 
296000 1480.000000 -0.710081 1.183528 0.000000 5.472983 1.091618 0.000000 3.835556 
297000 1485.000000 -1.205991 0.590666 0.000000 2.389503 1.205551 0.000000 0.581177 
298000 1490.000000 -0.542583 1.388056 0.000000 4.167082 0.165288 0.000000 3.919149 
299000 1495.000000 -0.815677 1.124081 0.000000 5.169166 0.264185 0.000000 4.772888 
300000 1500.000000 -0.638423 1.292242 0.000000 5.592487 1.245178 0.000000 3.724721 
301000 1505.000000 -0.859609 1.082739 0.000000 5.035893 0.369674 0.000000 4.481383 
302000 1510.000000 -0.890776 1.007327 0.000000 4.958328 0.499266 0.000000 4.209430 
303000 1515.000000 -0.870999 1.064286 0.000000 5.229736 0.824948 0.000000 3.992314 
304000 1520.000000 -0.607175 1.220185 0.000000 3.917886 1.107280 0.000000 2.256965 
305000 1525.000000 -1.083588 0.605207 0.000000 2.744936 0.920553 0.000000 1.364106 
306000 1530.000000 -0.747210 1.131130 0.000000 4.968442 0.363517 0.000000 4.423166 
307000 1535.000000 -0.628532 1.206099 0.000000 3.878158 0.384148 0.000000 3.301936 
308000 1540.000000 -0.685332 1.361290 0.000000 4.079748 0.543403 0.000000 3.264643 
309000 1545.000000 -0.929456 0.706607 0.000000 4.778052 2.830298 0.000000 0.532605 
310000 1550.000000 -0.775804 1.065328 0.000000 4.516522 0.368062 0.000000 3.964429 
311000 1555.000000 -0.758182 1.188017 0.000000 5.667228 0.938150 0.000000 4.260003 
312000 1560.000000 -0.811236 1.169184 0.000000 4.951525 0.099833 0.000000 4.801775 
313000 1565.000000 -0.732804 1.145518 0.000000 4.818783 0.078590 0.000000 4.700897 
314000 1570.000000 -0.746787 1.063532 0.000000 3.787872 0.028908 0.000000 3.744510 
315000 1575.000000 -0.870475 0.887659 0.000000 3.916229 0.209859 0.000000 3.601439 
316000 1580.000000 -0.906949 1.076461 0.000000 4.578412 0.416906 0.000000 3.953054 
317000 1585.000000 -1.100645 0.771847 0.000000 4.565290 1.059868 0.000000 2.975488 
318000 1590.000000 -0.800629 0.665359 0.000000 2.037654 0.087179 0.000000 1.906885 
319000 1595.000000 -0.791299 1.228747 0.000000 5.100831 1.280143 0.000000 3.180616 
320000 1600.000000 -0.701929 1.148983 0.000000 4.377390 0.108181 0.000000 4.215119 
321000 1605.000000 -0.834468 0.765403 0.000000 3.641420 1.604754 0.000000 1.234290 
322000 1610.000000 -0.927358 0.960831 0.000000 4.602289 0.022844 0.000000 4.568023 
323000 1615.000000 -0.758355 0.768326 0.000000 2.091538 0.225257 0.000000 1.753653 
324000 1620.000000 -0.895420 1.074586 0.000000 4.702586 0.323895 0.000000 4.216743 
325000 1625.000000 -0.976157 0.903879 0.000000 6.296286 3.633843 0.000000 0.845522 
326000 1630.000000 -0.951635 0.887277 0.000000 5.664390 2.403613 0.000000 2.058972 
327000 1635.000000 -0.763654 1.121681 0.000000 4.990592 0.276022 0.000000 4.576560 
328000 1640.000000 -0.731298 1.073576 0.000000 3.766932 0.323308 0.000000 3.281970 
329000 1645.000000 -0.869479 1.037159 0.000000 5.661996 1.767337 0.000000 3.010991 
330000 1650.000000 -0.878222 1.035294 0.000000 4.996119 0.465116 0.000000 4.298445 
331000 1655.000000 -0.821086 1.202581 0.000000 4.396977 0.243898 0.000000 4.031129 
332000 1660.000000 -0.590948 1.334879 0.000000 4.696095 0.197728 0.000000 4.399503 
333000 1665.000000 -0.710156 1.086228 0.000000 3.763144 0.853974 0.000000 2.482183 
334000 1670.000000 -1.086943 0.697849 0.000000 3.843976 0.060231 0.000000 3.753630 
335000 1675.000000 -0.592213 1.384108 0.000000 4.500279 0.104036 0.000000 4.344225 
336000 1680.000000 -0.935513 0.909121 0.000000 4.693861 0.459178 0.000000 4.005094 
337000 1685.000000 -0.678110 1.222350 0.000000 5.270852 0.736156 0.000000 4.166618 
338000 1690.000000 -0.792619 1.110733 0.000000 5.669898 1.427840 0.000000 3.528139 
339000 1695.000000 -0.899583 1.004115 0.000000 4.904245 0.469241 0.000000 4.200383 
340000 1700.000000 -0.945621 0.905731 0.000000 6.475549 3.980878 0.000000 0.504232 
341000 1705.000000 -0.611720 1.309525 0.000000 5.429533 1.356614 0.000000 3.394612 
342000 1710.000000 -0.898367 1.057779 0.000000 4.855977 0.507082 0.000000 4.095354 
343000 1715.000000 -0.877571 0.970229 0.000000 4.707804 0.493030 0.000000 3.968259 
344000 1720.000000 -0.701259 1.298667 0.000000 4.876773 0.129329 0.000000 4.682780 
345000 1725.000000 -0.978179 0.812525 0.000000 5.077842 1.472411 0.000000 2.869226 
346000 1730.000000 -1.144091 0.846787 0.000000 3.989161 2.445804 0.000000 0.320455 
347000 1735.000000 -0.840602 1.119238 0.000000 5.040363 0.334215 0.000000 4.539041 
348000 1740.000000 -0.829999 1.145697 0.000000 5.070875 0.472879 0.000000 4.361557 
349000 1745.000000 -0.595166 1.308653 0.000000 4.570975 0.150896 0.000000 4.344630 
350000 1750.000000 -0.857453 1.032267 0.000000 5.251655 1.028531 0.000000 3.708859 
351000 1755.000000 -0.993515 0.773976 0.000000 4.751870 1.002468 0.000000 3.248168 
352000 1760.000000 -0.933765 1.121672 0.000000 3.650336 1.364486 0.000000 1.603607 
353000 1765.000000 -1.007179 0.860815 0.000000 4.492858 0.156526 0.000000 4.258068 
354000 1770.000000 -0.474188 1.549016 0.000000 2.580663 2.089586 0.000000 -0.553715 
355000 1775.000000 -0.815855 1.012528 0.000000 4.704580 0.994590 0.000000 3.212695 
356000 1780.000000 -1.072328 0.713961 0.000000 4.920515 1.928699 0.000000 2.027467 
357000 1785.000000 -0.725483 1.239574 0.000000 5.678141 1.071709 0.000000 4.070578 
358000 1790.000000 -0.972063 1.026399 0.000000 3.767580 0.064241 0.000000 3.671219 
359000 1795.000000 -0.818587 1.067300 0.000000 5.527348 1.513191 0.000000 3.257561 
360000 1800.000000 -0.819469 0.809715 0.000000 3.600028 1.795130 0.000000 0.907333 
361000 1805.000000 -1.155977 0.635341 0.000000 2.817770 0.042825 0.000000 2.753532 
362000 1810.000000 -0.903520 0.919479 0.000000 4.347432 0.064307 0.000000 4.250972 
363000 1815.000000 -0.957666 0.907760 0.000000 4.624034 0.306773 0.000000 4.163874 
364000 1820.000000 -0.634362 1.331366 0.000000 5.573533 1.428737 0.000000 3.430428 
365000 1825.000000 -0.887675 1.059266 0.000000 4.907550 0.468614 0.000000 4.204629 
366000 1830.000000 -0.928194 1.039899 0.000000 5.224813 1.780696 0.000000 2.553769 
367000 1835.000000 -0.487001 1.308284 0.000000 1.178853 0.061755 0.000000 1.086221 
368000 1840.000000 -0.839264 0.784501 0.000000 3.239042 0.660964 0.000000 2.247595 
369000 1845.000000 -0.587487 1.386073 0.000000 4.414585 0.031487 0.000000 4.367355 
370000 1850.000000 -0.850353 1.022481 0.000000 4.757491 0.277283 0.000000 4.341566 
371000 1855.000000 -0.763239 1.086599 0.000000 4.388144 0.012124 0.000000 4.369958 
372000 1860.000000 -0.710880 1.195654 0.000000 5.352555 0.732776 0.000000 4.253391 
373000 1865.000000 -1.005127 0.928573 0.000000 4.268955 0.262381 0.000000 3.875384 
374000 1870.000000 -0.847614 0.920045 0.000000 4.778839 2.216554 0.000000 1.454008 
375000 1875.000000 -0.839009 1.062068 0.000000 5.105162 0.621847 0.000000 4.172392 
376000 1880.000000 -0.785219 0.798608 0.000000 2.226565 0.053129 0.000000 2.146871 
377000 1885.000000 -0.994879 0.806408 0.000000 4.493590 0.345704 0.000000 3.975034 
378000 1890.000000 -0.563974 1.372807 0.000000 4.363644 0.152873 0.000000 4.134334 
379000 1895.000000 -1.063894 0.817401 0.000000 5.186010 2.082759 0.000000 2.061871 
380000 1900.000000 -0.547696 1.332622 0.000000 3.765342 0.135479 0.000000 3.562124 
381000 1905.000000 -1.013384 1.046014 0.000000 2.931040 1.334499 0.000000 0.929292 
382000 1910.000000 -0.697408 1.246951 0.000000 5.385305 0.502420 0.000000 4.631674 
383000 1915.000000 -1.011403 0.864358 0.000000 5.032658 1.362421 0.000000 2.989026 
384000 1920.000000 -0.709887 1.295229 0.000000 5.906067 2.397381 0.000000 2.309995 
385000 1925.000000 -0.836349 1.205006 0.000000 3.809385 0.002922 0.000000 3.805002 
386000 1930.000000 -0.722766 1.163785 0.000000 4.998352 0.388582 0.000000 4.415479 
387000 1935.000000 -1.262416 0.726023 0.000000 2.684932 1.865515 0.000000 -0.113339 
388000 1940.000000 -0.722018 1.235952 0.000000 5.530441 0.750805 0.000000 4.404234 
389000 1945.000000 -0.444662 1.452684 0.000000 4.353817 4.338856 0.000000 -2.154467 
390000 1950.000000 -0.796517 1.009195 0.000000 3.869935 0.040311 0.000000 3.809468 
391000 1955.000000 -1.000589 0.881308 0.000000 5.468791 2.174169 0.000000 2.207538 
392000 1960.000000 -0.990401 0.860346 0.000000 4.596113 0.347601 0.000000 4.074711 
393000 1965.000000 -0.980450 0.958446 0.000000 4.403858 0.324161 0.000000 3.917616 
394000 1970.000000 -0.997175 0.797155 0.000000 4.612601 0.581665 0.000000 3.740104 
395000 1975.000000 -0.756757 1.077198 0.000000 4.310221 0.333885 0.000000 3.809393 
396000 1980.000000 -0.785087 1.047924 0.000000 4.644547 0.925108 0.000000 3.256885 
397000 1985.000000 -0.974363 0.905165 0.000000 4.613644 0.341355 0.000000 4.101611 
398000 1990.000000 -0.860819 1.098196 0.000000 4.752800 0.023212 0.000000 4.717983 
399000 1995.000000 -0.929997 1.065434 0.000000 4.165300 0.271074 0.000000 3.758689 
400000 2000.000000 -1.116721 0.718252 0.000000 3.977813 0.360174 0.000000 3.437552 
401000 2005.000000 -0.955706 1.050095 0.000000 4.671251 1.912773 0.000000 1.802092 
402000 2010.000000 -0.951610 0.997105 0.000000 4.396914 0.167224 0.000000 4.146077 
403000 2015.000000 -0.781962 1.243360 0.000000 5.705192 2.744709 0.000000 1.588129 
404000 2020.000000 -0.911281 1.198198 0.000000 2.235094 1.522933 0.000000 -0.049306 
405000 2025.000000 -0.980388 0.798699 0.000000 4.346786 0.156210 0.000000 4.112471 
406000 2030.000000 -0.593742 1.378760 0.000000 4.646555 0.361302 0.000000 4.104602 
407000 2035.000000 -0.569331 1.371080 0.000000 4.416629 0.096358 0.000000 4.272092 
408000 2040.000000 -1.027112 0.957514 0.000000 5.641709 4.182166 0.000000 -0.631540 
409000 2045.000000 -0.663036 1.225528 0.000000 5.321097 1.226553 0.000000 3.481267 
410000 2050.000000 -0.973767 0.684435 0.000000 3.703403 0.743378 0.000000 2.588335 
411000 2055.000000 -0.695575 1.289300 0.000000 5.319941 0.689501 0.000000 4.285690 
412000 2060.000000 -0.932892 0.826049 0.000000 4.761556 1.287025 0.000000 2.831019 
413000 2065.000000 -0.704567 1.203564 0.000000 6.157544 2.258148 0.000000 2.770322 
414000 2070.000000 -1.096829 0.670417 0.000000 3.610176 0.257207 0.000000 3.224365 
415000 2075.000000 -1.096635 0.637939 0.000000 3.416637 0.888143 0.000000 2.084422 
416000 2080.000000 -0.785859 1.061557 0.000000 4.709558 0.615888 0.000000 3.785726 
417000 2085.000000 -1.091280 0.694977 0.000000 4.591743 1.639897 0.000000 2.131898 
418000 2090.000000 -1.050015 0.885811 0.000000 4.373581 0.786760 0.000000 3.193442 
419000 2095.000000 -0.828018 1.128954 0.000000 5.020604 0.110144 0.000000 4.855388 
420000 2100.000000 -0.694693 1.225616 0.000000 6.366977 2.487014 0.000000 2.636457 
421000 2105.000000 -0.597137 1.282464 0.000000 4.611422 0.722726 0.000000 3.527333 
422000 2110.000000 -0.621429 1.198438 0.000000 3.550579 0.478520 0.000000 2.832799 
423000 2115.000000 -1.225938 0.652563 0.000000 5.185500 5.360556 0.000000 -2.855334 
424000 2120.000000 -1.076351 0.648322 0.000000 3.446984 0.551782 0.000000 2.619312 
425000 2125.000000 -0.817842 0.627486 0.000000 1.754820 0.294301 0.000000 1.313368 
426000 2130.000000 -0.914062 1.061716 0.000000 4.491311 0.190818 0.000000 4.205084 
427000 2135.000000 -1.111240 0.842342 0.000000 3.709813 0.463201 0.000000 3.015012 
428000 2140.000000 -0.724879 1.294769 0.000000 4.788033 0.495782 0.000000 4.044361 
429000 2145.000000 -0.988378 0.847844 0.000000 4.680894 0.424412 0.000000 4.044275 
430000 2150.000000 -0.715552 0.955633 0.000000 1.916872 1.059099 0.000000 0.328224 
431000 2155.000000 -1.154639 0.671335 0.000000 3.447761 0.293069 0.000000 3.008157 
432000 2160.000000 -0.727799 1.257574 0.000000 5.596234 1.124253 0.000000 3.909855 
433000 2165.000000 -0.833049 0.673422 0.000000 2.294927 0.033542 0.000000 2.244615 
434000 2170.000000 -0.788827 1.173834 0.000000 5.102622 0.032067 0.000000 5.054522 
435000 2175.000000 -1.002793 0.823325 0.000000 4.546772 0.218090 0.000000 4.219637 
436000 2180.000000 -0.838282 0.771878 0.000000 2.995018 0.186011 0.000000 2.716002 
437000 2185.000000 -0.793198 1.107883 0.000000 5.133690 0.343176 0.000000 4.618926 
438000 2190.000000 -0.555339 1.412084 0.000000 4.836833 1.446316 0.000000 2.667360 
439000 2195.000000 -0.760664 1.168561 0.000000 5.276952 0.223291 0.000000 4.942015 
440000 2200.000000 -1.009047 0.644675 0.000000 3.222176 0.621614 0.000000 2.289754 
441000 2205.000000 -0.922336 0.883698 0.000000 4.608705 0.581912 0.000000 3.735838 
442000 2210.000000 -0.636928 1.375715 0.000000 4.622533 0.615781 0.000000 3.698861 
443000 2215.000000 -0.734027 1.143288 0.000000 5.066683 0.610685 0.000000 4.150656 
444000 2220.000000 -0.837031 1.042372 0.000000 5.112821 0.772981 0.000000 3.953349 
445000 2225.000000 -0.951750 0.962247 0.000000 5.847249 2.685153 0.000000 1.819519 
446000 2230.000000 -0.951402 1.024745 0.000000 4.936773 1.560627 0.000000 2.595833 
447000 2235.000000 -1.073561 0.615364 0.000000 3.694713 2.397288 0.000000 0.098781 
448000 2240.000000 -1.004215 0.673310 0.000000 3.503330 0.265096 0.000000 3.105687 
449000 2245.000000 -1.017532 0.976195 0.000000 3.692994 0.325331 0.000000 3.204998 
450000 2250.000000 -0.819235 1.160817 0.000000 5.099311 0.480815 0.000000 4.378089 
451000 2255.000000 -0.557068 1.251755 0.000000 3.542506 2.167966 0.000000 0.290557 
452000 2260.000000 -0.719145 1.133680 0.000000 4.874525 0.967511 0.000000 3.423259 
453000 2265.000000 -0.804539 0.655038 0.000000 2.801598 1.800069 0.000000 0.101495 
454000 2270.000000 -0.897830 0.720054 0.000000 3.682370 0.953568 0.000000 2.252019 
455000 2275.000000 -0.728123 1.155941 0.000000 4.948335 0.258765 0.000000 4.560188 
456000 2280.000000 -0.593969 1.261619 0.000000 3.871895 0.119429 0.000000 3.692751 
457000 2285.000000 -0.740051 1.256961 0.000000 5.836408 1.913716 0.000000 2.965834 
458000 2290.000000 -1.099355 0.660847 0.000000 3.458606 0.211673 0.000000 3.141098 
459000 2295.000000 -0.643773 1.305382 0.000000 5.228325 0.450663 0.000000 4.552330 
460000 2300.000000 -0.996238 0.712187 0.000000 4.748711 1.862549 0.000000 1.954887 
461000 2305.000000 -0.839905 1.164479 0.000000 5.073028 1.153917 0.000000 3.342152 
462000 2310.000000 -0.748282 1.179888 0.000000 5.678063 1.025477 0.000000 4.139848 
463000 2315.000000 -0.653212 1.277756 0.000000 5.646740 1.224061 0.000000 3.810649 
464000 2320.000000 -0.842293 1.102517 0.000000 5.491939 1.115044 0.000000 3.819373 
465000 2325.000000 -0.801130 1.236211 0.000000 4.258441 0.314815 0.000000 3.786219 
466000 2330.000000 -0.771390 1.314109 0.000000 2.784099 0.016622 0.000000 2.759166 
467000 2335.000000 -0.909555 0.925548 0.000000 4.721667 0.558708 0.000000 3.883604 
468000 2340.000000 -0.873789 1.130543 0.000000 4.488415 0.308932 0.000000 4.025016 
469000 2345.000000 -0.864677 1.003164 0.000000 4.998986 0.751720 0.000000 3.871406 
470000 2350.000000 -0.760011 1.152833 0.000000 5.671982 1.152247 0.000000 3.943611 
471000 2355.000000 -0.773284 1.207064 0.000000 5.171897 0.299342 0.000000 4.722884 
472000 2360.000000 -0.825181 1.198072 0.000000 4.556909 0.532054 0.000000 3.758829 
473000 2365.000000 -0.928326 0.879384 0.000000 4.414496 0.138262 0.000000 4.207103 
474000 2370.000000 -0.889290 1.160588 0.000000 3.722675 0.623740 0.000000 2.787065 
475000 2375.000000 -1.058313 0.706601 0.000000 4.285138 0.677015 0.000000 3.269615 
476000 2380.000000 -0.801825 0.916623 0.000000 3.585933 1.289149 0.000000 1.652210 
477000 2385.000000 -0.821751 1.161615 0.000000 5.980388 2.277179 0.000000 2.564621 
478000 2390.000000 -0.647075 1.283884 0.000000 5.082951 0.099328 0.000000 4.933959 
479000 2395.000000 -0.695816 1.288122 0.000000 6.454751 2.857935 0.000000 2.167848 
480000 2400.000000 -0.609246 1.393311 0.000000 4.780363 0.988870 0.000000 3.297058 
481000 2405.000000 -0.799443 1.095243 0.000000 5.287381 0.719447 0.000000 4.208210 
482000 2410.000000 -0.659648 1.300558 0.000000 5.545693 0.923327 0.000000 4.160702 
483000 2415.000000 -0.747736 1.128631 0.000000 5.333508 1.089356 0.000000 3.699473 
484000 2420.000000 -0.672898 1.146644 0.000000 3.912016 0.538518 0.000000 3.104239 
485000 2425.000000 -0.912001 0.949333 0.000000 4.661584 0.189018 0.000000 4.378057 
486000 2430.000000 -0.678822 1.309817 0.000000 5.429461 1.001879 0.000000 3.926642 
487000 2435.000000 -0.882722 0.848339 0.000000 4.047607 0.569222 0.000000 3.193774 
488000 2440.000000 -1.111967 0.700963 0.000000 4.237387 0.838740 0.000000 2.979276 
489000 2445.000000 -0.917040 0.829975 0.000000 4.128936 0.122043 0.000000 3.945871 
490000 2450.000000 -0.770587 1.231233 0.000000 5.896313 2.120965 0.000000 2.714865 
491000 2455.000000 -0.881360 1.077934 0.000000 5.099295 0.730876 0.000000 4.002981 
492000 2460.000000 -0.652332 1.228818 0.000000 5.287582 1.264263 0.000000 3.391188 
493000 2465.000000 -0.819681 0.779105 0.000000 4.454247 3.429859 0.000000 -0.690541 
494000 2470.000000 -0.856193 1.134521 0.000000 4.742399 0.205083 0.000000 4.434774 
495000 2475.000000 -0.615941 1.358153 0.000000 5.636167 1.762962 0.000000 2.991723 
496000 2480.000000 -0.926444 1.090269 0.000000 3.975534 0.228545 0.000000 3.632716 
497000 2485.000000 -0.999402 0.872531 0.000000 5.596630 2.198080 0.000000 2.299510 
498000 2490.000000 -0.869466 0.732305 0.000000 5.048604 3.868772 0.000000 -0.754555 
499000 2495.000000 -0.900914 0.858319 0.000000 4.152428 0.192151 0.000000 3.864202 
