0 0.000000 0.500000 0.000000 0.000000 5.257870 3.505246 0.000000 0.000000 
0 0.000000 0.514726 -0.003524 0.000000 6.016680 4.871860 0.000000 -1.291110 
1000 5.000000 0.388730 0.036569 0.000000 3.178022 1.315863 0.000000 1.204228 
2000 10.000000 0.592674 0.054544 0.000000 4.702945 1.102229 0.000000 3.049601 
3000 15.000000 0.613176 0.020694 0.000000 4.314519 0.033184 0.000000 4.264743 
4000 20.000000 0.689256 -0.014658 0.000000 4.336557 1.190794 0.000000 2.550366 
5000 25.000000 0.512755 0.068233 0.000000 4.191760 1.060143 0.000000 2.601546 
6000 30.000000 0.748343 -0.017606 0.000000 3.590784 0.815655 0.000000 2.367302 
7000 35.000000 0.594554 0.049839 0.000000 4.917664 1.433465 0.000000 2.767468 
8000 40.000000 0.379476 0.055940 0.000000 3.071201 1.323414 0.000000 1.086079 
9000 45.000000 0.454106 0.236830 0.000000 -0.456116 0.514918 0.000000 -1.228493 
10000 50.000000 0.653261 -0.043183 0.000000 5.266203 4.270721 0.000000 -1.139880 
11000 55.000000 0.612351 0.069490 0.000000 4.091663 0.241469 0.000000 3.729459 
12000 60.000000 0.503047 0.002665 0.000000 4.206353 1.236692 0.000000 2.351315 
13000 65.000000 0.714785 -0.029606 0.000000 3.648362 0.840353 0.000000 2.387833 
14000 70.000000 -0.643680 0.725135 0.000000 12.808999 0.776869 0.000000 11.643695 
15000 75.000000 -0.799436 0.644470 0.000000 14.093080 1.765931 0.000000 11.444183 
16000 80.000000 -0.697981 0.562432 0.000000 12.872880 0.532692 0.000000 12.073842 
17000 85.000000 -0.898584 0.282591 0.000000 8.877798 1.690446 0.000000 6.342129 
18000 90.000000 -0.888133 0.593033 0.000000 13.367864 2.088021 0.000000 10.235832 
19000 95.000000 -0.785817 0.738984 0.000000 12.709075 0.558960 0.000000 11.870635 
20000 100.000000 -0.547828 0.943363 0.000000 9.956065 0.976601 0.000000 8.491164 
21000 105.000000 -0.724045 0.579108 0.000000 14.373761 2.543758 0.000000 10.558123 
22000 110.000000 -0.676354 0.727009 0.000000 13.662282 1.703285 0.000000 11.107354 
23000 115.000000 -0.797872 0.438925 0.000000 12.173813 1.007964 0.000000 10.661867 
24000 120.000000 -0.745676 0.877879 0.000000 10.827341 0.707497 0.000000 9.766095 
25000 125.000000 -0.628686 0.742707 0.000000 12.353741 0.245492 0.000000 11.985503 
26000 130.000000 -0.929164 0.583147 0.000000 11.808025 0.379917 0.000000 11.238150 
27000 135.000000 -0.767435 0.613916 0.000000 14.013539 1.100121 0.000000 12.363358 
28000 140.000000 -0.662962 0.858947 0.000000 12.634599 2.759814 0.000000 8.494878 
29000 145.000000 -0.957168 0.759272 0.000000 10.698704 0.418692 0.000000 10.070666 
30000 150.000000 -0.708231 0.767933 0.000000 15.288440 5.409652 0.000000 7.173961 
31000 155.000000 -0.948139 0.474984 0.000000 12.162780 2.385917 0.000000 8.583904 
32000 160.000000 -0.835075 0.586429 0.000000 14.052194 1.897583 0.000000 11.205819 
33000 165.000000 -0.697180 0.668593 0.000000 13.796865 1.426630 0.000000 11.656920 
34000 170.000000 -0.879481 0.554276 0.000000 12.911175 0.764601 0.000000 11.764275 
35000 175.000000 -0.799499 0.597129 0.000000 13.980240 1.205193 0.000000 12.172451 
36000 180.000000 -0.854942 0.666009 0.000000 12.716723 0.636857 0.000000 11.761438 
37000 185.000000 -0.817345 0.684075 0.000000 14.728189 4.016673 0.000000 8.703179 
38000 190.000000 -0.768278 0.679261 0.000000 13.347354 0.319916 0.000000 12.867480 
39000 195.000000 -0.710014 0.591794 0.000000 13.106619 0.159143 0.000000 12.867905 
40000 200.000000 -0.927219 0.798747 0.000000 10.578096 0.051993 0.000000 10.500106 
41000 205.000000 -0.590281 0.588302 0.000000 11.252568 1.303319 0.000000 9.297590 
42000 210.000000 -0.785303 0.543942 0.000000 13.491373 0.492534 0.000000 12.752572 
43000 215.000000 -0.826257 0.817294 0.000000 11.485449 0.751669 0.000000 10.357946 
44000 220.000000 -0.723383 0.669846 0.000000 13.912908 1.245606 0.000000 12.044499 
45000 225.000000 -0.932728 0.674031 0.000000 11.930504 1.434780 0.000000 9.778333 
46000 230.000000 -0.726312 0.664511 0.000000 13.746839 0.892853 0.000000 12.407559 
47000 235.000000 -0.700712 0.713953 0.000000 13.358159 0.687151 0.000000 12.327432 
48000 240.000000 -0.816168 0.463891 0.000000 12.436976 0.365015 0.000000 11.889453 
49000 245.000000 -0.272761 1.025689 0.000000 9.381048 3.592035 0.000000 3.992996 
50000 250.000000 -0.772024 0.685155 0.000000 13.996245 1.742922 0.000000 11.381863 
51000 255.000000 -0.944930 0.967094 0.000000 7.939650 0.508252 0.000000 7.177272 
52000 260.000000 -0.571181 0.793020 0.000000 11.483187 0.200960 0.000000 11.181747 
53000 265.000000 -0.844964 0.457879 0.000000 12.606897 0.971266 0.000000 11.149998 
54000 270.000000 -0.722691 0.635301 0.000000 13.492750 0.367949 0.000000 12.940826 
55000 275.000000 -0.892807 0.679309 0.000000 12.295682 1.067779 0.000000 10.694013 
56000 280.000000 -0.757475 0.615554 0.000000 13.494339 0.065082 0.000000 13.396716 
57000 285.000000 -0.769386 0.626385 0.000000 13.819583 0.736426 0.000000 12.714944 
58000 290.000000 -0.580852 0.897656 0.000000 10.871002 0.350747 0.000000 10.344881 
59000 295.000000 -0.708392 0.551351 0.000000 13.085484 0.853032 0.000000 11.805936 
60000 300.000000 -0.715495 0.673602 0.000000 13.613469 0.780222 0.000000 12.443136 
61000 305.000000 -0.674349 0.678142 0.000000 13.154128 0.647432 0.000000 12.182981 
62000 310.000000 -0.692204 0.613438 0.000000 12.982531 0.130583 0.000000 12.786657 
63000 315.000000 -0.697003 0.548250 0.000000 12.770440 0.615046 0.000000 11.847872 
64000 320.000000 -0.845166 0.680568 0.000000 12.789126 0.705882 0.000000 11.730304 
65000 325.000000 -0.817732 0.730135 0.000000 12.795099 1.073133 0.000000 11.185399 
66000 330.000000 -0.875668 0.526338 0.000000 12.873318 0.645921 0.000000 11.904437 
67000 335.000000 -0.603324 0.758676 0.000000 12.400237 1.107468 0.000000 10.739034 
68000 340.000000 -0.669922 0.691194 0.000000 14.077034 2.566972 0.000000 10.226576 
69000 345.000000 -0.893464 0.732165 0.000000 13.214600 3.688916 0.000000 7.681226 
70000 350.000000 -0.828512 0.498019 0.000000 12.820108 0.142197 0.000000 12.606813 
71000 355.000000 -0.871091 0.529327 0.000000 12.652027 0.075704 0.000000 12.538470 
72000 360.000000 -0.607265 0.918791 0.000000 10.322907 0.716287 0.000000 9.248476 
73000 365.000000 -0.878564 0.437225 0.000000 12.014207 0.814573 0.000000 10.792347 
74000 370.000000 -0.772159 0.595077 0.000000 14.090684 1.229070 0.000000 12.247079 
75000 375.000000 -0.735918 0.635947 0.000000 13.470027 0.125090 0.000000 13.282392 
76000 380.000000 -0.730924 0.739052 0.000000 12.940110 0.177552 0.000000 12.673782 
77000 385.000000 -0.809042 0.584098 0.000000 13.634236 0.555491 0.000000 12.801000 
78000 390.000000 -0.800577 0.767651 0.000000 12.743052 1.555012 0.000000 10.410534 
79000 395.000000 -0.773465 0.637616 0.000000 13.728754 0.599552 0.000000 12.829425 
80000 400.000000 -0.699398 0.555598 0.000000 14.067237 2.929840 0.000000 9.672477 
81000 405.000000 -0.982337 0.583145 0.000000 11.108627 1.014761 0.000000 9.586485 
82000 410.000000 -0.886188 0.367213 0.000000 10.544193 0.694197 0.000000 9.502897 
83000 415.000000 -0.637888 0.624580 0.000000 12.680408 1.379870 0.000000 10.610603 
84000 420.000000 -0.675276 0.749350 0.000000 13.741005 1.979306 0.000000 10.772046 
85000 425.000000 -0.735238 0.784510 0.000000 13.368647 2.225687 0.000000 10.030116 
86000 430.000000 -0.631558 0.477985 0.000000 10.152714 0.401676 0.000000 9.550200 
87000 435.000000 -0.810235 0.549671 0.000000 13.401389 0.248164 0.000000 13.029143 
88000 440.000000 -0.730922 0.594109 0.000000 13.748352 0.886659 0.000000 12.418363 
89000 445.000000 -0.492789 1.552356 0.000000 9.645971 0.577455 0.000000 8.779788 
90000 450.000000 -0.553557 1.401710 0.000000 10.082468 0.351689 0.000000 9.554935 
91000 455.000000 -0.461275 1.611833 0.000000 8.472736 0.546807 0.000000 7.652524 
92000 460.000000 -1.016949 0.719047 0.000000 11.099798 2.397726 0.000000 7.503209 
93000 465.000000 -0.718333 0.613198 0.000000 13.918173 1.321923 0.000000 11.935289 
94000 470.000000 -0.975051 0.838374 0.000000 10.474949 1.410281 0.000000 8.359528 
95000 475.000000 -0.814121 0.545266 0.000000 14.829593 3.210213 0.000000 10.014274 
96000 480.000000 -0.640853 0.716029 0.000000 12.427004 0.062826 0.000000 12.332765 
97000 485.000000 -0.644375 0.711336 0.000000 12.562189 0.243531 0.000000 12.196892 
98000 490.000000 -0.616425 0.725128 0.000000 11.971912 0.024697 0.000000 11.934868 
99000 495.000000 -0.739429 0.733165 0.000000 13.229952 0.697625 0.000000 12.183516 
100000 500.000000 -0.775836 0.713460 0.000000 12.991624 0.275529 0.000000 12.578330 
101000 505.000000 -0.832640 0.452433 0.000000 12.513898 0.881974 0.000000 11.190937 
102000 510.000000 -0.521583 0.914959 0.000000 10.544520 0.175716 0.000000 10.280946 
103000 515.000000 -0.698615 0.560971 0.000000 13.930090 2.599707 0.000000 10.030529 
104000 520.000000 -0.828057 0.507391 0.000000 13.185756 0.662249 0.000000 12.192383 
105000 525.000000 -0.811507 0.562770 0.000000 13.766311 0.938347 0.000000 12.358791 
106000 530.000000 -0.818848 0.759633 0.000000 11.981710 0.186544 0.000000 11.701894 
107000 535.000000 -0.725306 0.564760 0.000000 13.488878 0.909662 0.000000 12.124386 
108000 540.000000 -0.904242 0.688471 0.000000 11.556185 0.004519 0.000000 11.549407 
109000 545.000000 -0.868005 0.765399 0.000000 12.173549 1.617388 0.000000 9.747467 
110000 550.000000 -0.832050 0.860907 0.000000 10.835802 0.632660 0.000000 9.886812 
111000 555.000000 -0.954201 0.456946 0.000000 11.458449 1.450253 0.000000 9.283069 
112000 560.000000 -0.820859 0.966496 0.000000 9.201368 0.620594 0.000000 8.270476 
113000 565.000000 -0.575162 0.796229 0.000000 11.645774 0.291611 0.000000 11.208357 
114000 570.000000 -0.815103 0.485143 0.000000 12.831497 0.457372 0.000000 12.145439 
115000 575.000000 -0.695072 0.676031 0.000000 13.125457 0.091782 0.000000 12.987783 
116000 580.000000 -0.792597 0.537842 0.000000 14.649741 2.892651 0.000000 10.310764 
117000 585.000000 -0.677813 0.555443 0.000000 14.243545 4.043981 0.000000 8.177574 
118000 590.000000 -0.697073 0.622988 0.000000 14.292105 2.525490 0.000000 10.503870 
119000 595.000000 -0.776219 0.523930 0.000000 13.054641 0.065964 0.000000 12.955695 
120000 600.000000 -0.654739 0.532321 0.000000 12.311841 1.694842 0.000000 9.769577 
121000 605.000000 -0.766527 0.678873 0.000000 14.138677 1.827455 0.000000 11.397494 
122000 610.000000 -0.757871 0.604520 0.000000 14.800716 2.657225 0.000000 10.814878 
123000 615.000000 -1.148871 0.565986 0.000000 7.817537 1.247019 0.000000 5.947008 
124000 620.000000 -0.851050 0.588870 0.000000 13.240162 0.615940 0.000000 12.316252 
125000 625.000000 -0.864239 0.480081 0.000000 13.005372 1.374774 0.000000 10.943210 
126000 630.000000 -0.575665 0.762119 0.000000 11.487839 0.497204 0.000000 10.742032 
127000 635.000000 -0.744476 0.668728 0.000000 13.373179 0.054831 0.000000 13.290933 
128000 640.000000 -0.777113 0.537251 0.000000 14.592791 2.840981 0.000000 10.331319 
129000 645.000000 -0.702205 0.842887 0.000000 11.553386 0.286121 0.000000 11.124205 
130000 650.000000 -0.758574 0.699464 0.000000 14.127395 2.050238 0.000000 11.052038 
131000 655.000000 -0.787559 0.575922 0.000000 13.777543 0.718571 0.000000 12.699686 
132000 660.000000 -0.657882 0.633688 0.000000 12.685331 0.497076 0.000000 11.939716 
133000 665.000000 -0.797778 0.679475 0.000000 13.395735 0.818080 0.000000 12.168615 
134000 670.000000 -0.734080 0.632413 0.000000 14.275784 1.773578 0.000000 11.615417 
135000 675.000000 -0.701064 0.551192 0.000000 12.779928 0.453381 0.000000 12.099857 
136000 680.000000 -0.598067 0.550401 0.000000 10.568387 0.286400 0.000000 10.138786 
137000 685.000000 -0.783651 0.486505 0.000000 12.903191 0.754881 0.000000 11.770870 
138000 690.000000 -0.775878 0.481076 0.000000 12.537624 0.323916 0.000000 12.051750 
139000 695.000000 -0.664063 0.791178 0.000000 12.899822 1.002329 0.000000 11.396328 
140000 700.000000 -0.713503 0.809884 0.000000 12.301430 0.670052 0.000000 11.296352 
141000 705.000000 -0.755406 0.688733 0.000000 13.366083 0.336346 0.000000 12.861563 
142000 710.000000 -0.961171 0.415121 0.000000 10.260401 0.240516 0.000000 9.899627 
143000 715.000000 -0.802603 0.762052 0.000000 12.453527 0.860841 0.000000 11.162265 
144000 720.000000 -0.585721 0.549077 0.000000 10.213470 0.177904 0.000000 9.946615 
145000 725.000000 -0.652809 0.680030 0.000000 12.815306 0.611078 0.000000 11.898689 
146000 730.000000 -0.787893 0.650402 0.000000 15.169552 3.744356 0.000000 9.553018 
147000 735.000000 -0.834948 0.534269 0.000000 13.750064 1.426918 0.000000 11.609686 
148000 740.000000 -0.763839 0.536016 0.000000 13.686900 1.166941 0.000000 11.936488 
149000 745.000000 -0.852147 0.387988 0.000000 10.875038 0.315817 0.000000 10.401313 
150000 750.000000 -0.891119 0.388847 0.000000 10.935467 0.571613 0.000000 10.078047 
151000 755.000000 -0.692673 0.807387 0.000000 12.226026 0.169081 0.000000 11.972405 
152000 760.000000 -0.655168 0.688118 0.000000 12.657821 0.148468 0.000000 12.435119 
153000 765.000000 -0.707672 0.592052 0.000000 13.672202 1.297717 0.000000 11.725626 
154000 770.000000 -0.861853 0.569994 0.000000 12.874190 0.115284 0.000000 12.701263 
155000 775.000000 -0.875124 0.550977 0.000000 13.516713 1.786598 0.000000 10.836816 
156000 780.000000 -0.903284 0.463909 0.000000 11.708769 0.046638 0.000000 11.638813 
157000 785.000000 -0.624133 0.764903 0.000000 13.748501 3.049443 0.000000 9.174336 
158000 790.000000 -0.651586 0.760299 0.000000 12.620147 0.145838 0.000000 12.401389 
159000 795.000000 -0.843262 0.965006 0.000000 9.923099 2.121971 0.000000 6.740143 
160000 800.000000 -0.888677 0.499598 0.000000 12.291415 0.136002 0.000000 12.087412 
161000 805.000000 -0.878547 0.647393 0.000000 12.252131 0.044102 0.000000 12.185979 
162000 810.000000 -0.752280 0.593633 0.000000 13.454865 0.055305 0.000000 13.371907 
163000 815.000000 -0.709903 0.604158 0.000000 13.252290 0.256351 0.000000 12.867764 
164000 820.000000 -0.551046 0.802296 0.000000 11.723596 1.371915 0.000000 9.665724 
165000 825.000000 -0.850165 0.639714 0.000000 12.800385 0.179401 0.000000 12.531284 
166000 830.000000 -0.727840 0.656279 0.000000 13.841126 0.980271 0.000000 12.370720 
167000 835.000000 -0.933547 0.476251 0.000000 11.502245 0.406026 0.000000 10.893206 
168000 840.000000 -0.682507 0.511685 0.000000 13.519081 3.672099 0.000000 8.010933 
169000 845.000000 -0.849679 0.632869 0.000000 12.762772 0.016263 0.000000 12.738377 
170000 850.000000 -0.683144 0.639003 0.000000 13.222025 0.653776 0.000000 12.241361 
171000 855.000000 -0.557648 0.690002 0.000000 10.331201 0.179077 0.000000 10.062585 
172000 860.000000 -0.988128 0.724401 0.000000 10.712712 0.887387 0.000000 9.381632 
173000 865.000000 -0.746303 0.671964 0.000000 14.246164 1.839364 0.000000 11.487118 
174000 870.000000 -0.778220 0.513319 0.000000 13.674304 1.540541 0.000000 11.363492 
175000 875.000000 -0.966536 0.630707 0.000000 12.458755 3.276344 0.000000 7.544238 
176000 880.000000 -0.877763 0.694364 0.000000 12.164506 0.596956 0.000000 11.269073 
177000 885.000000 -0.677404 0.748661 0.000000 14.727191 3.937309 0.000000 8.821228 
178000 890.000000 -0.566997 0.756479 0.000000 11.139642 0.344717 0.000000 10.622567 
179000 895.000000 -0.794264 0.600254 0.000000 15.166651 3.484086 0.000000 9.940522 
180000 900.000000 -0.698728 0.687134 0.000000 13.127399 0.045985 0.000000 13.058421 
181000 905.000000 -0.759389 0.595744 0.000000 13.978111 1.051056 0.000000 12.401528 
182000 910.000000 -0.609772 0.856094 0.000000 11.952367 0.808364 0.000000 10.739821 
183000 915.000000 -0.744146 0.557597 0.000000 13.885644 1.447890 0.000000 11.713809 
184000 920.000000 -0.770599 0.682182 0.000000 13.452145 0.544247 0.000000 12.635774 
185000 925.000000 -0.720340 0.549047 0.000000 13.011968 0.390735 0.000000 12.425865 
186000 930.000000 -0.553814 0.835926 0.000000 13.404263 4.114345 0.000000 7.232746 
187000 935.000000 -0.667166 0.659960 0.000000 12.866744 0.315683 0.000000 12.393220 
188000 940.000000 -0.685396 0.777133 0.000000 13.072765 1.019223 0.000000 11.543931 
189000 945.000000 -0.582920 0.543461 0.000000 10.424106 0.855554 0.000000 9.140775 
190000 950.000000 -0.743626 0.681864 0.000000 13.822552 1.058168 0.000000 12.235300 
191000 955.000000 -0.781761 0.489195 0.000000 13.308579 1.448966 0.000000 11.135129 
192000 960.000000 -0.760312 0.423049 0.000000 11.553003 1.272542 0.000000 9.644190 
193000 965.000000 -0.985392 0.656039 0.000000 10.651770 0.377340 0.000000 10.085760 
194000 970.000000 -0.786392 0.570680 0.000000 13.860009 0.886886 0.000000 12.529680 
195000 975.000000 -0.739781 0.568907 0.000000 13.356532 0.268299 0.000000 12.954083 
196000 980.000000 -0.643633 0.628998 0.000000 12.170018 0.049414 0.000000 12.095897 
197000 985.000000 -0.990163 0.642395 0.000000 10.418734 0.035941 0.000000 10.364823 
198000 990.000000 -0.960914 0.752485 0.000000 10.684805 0.356081 0.000000 10.150684 
199000 995.000000 -0.806836 0.554519 0.000000 13.755792 0.911610 0.000000 12.388378 
200000 1000.000000 -0.711012 0.700818 0.000000 13.927012 1.568729 0.000000 11.573918 
201000 1005.000000 -0.941194 0.730254 0.000000 11.396273 1.135526 0.000000 9.692984 
202000 1010.000000 -0.807134 0.515210 0.000000 14.158314 2.331774 0.000000 10.660652 
203000 1015.000000 -1.009683 0.543819 0.000000 10.101797 0.255382 0.000000 9.718724 
204000 1020.000000 -0.888518 0.509032 0.000000 12.385610 0.205717 0.000000 12.077034 
205000 1025.000000 -0.744058 0.490093 0.000000 12.782377 1.076656 0.000000 11.167392 
206000 1030.000000 -0.864963 0.839618 0.000000 10.886338 0.493297 0.000000 10.146393 
207000 1035.000000 -0.864875 0.778860 0.000000 11.986385 1.434313 0.000000 9.834916 
208000 1040.000000 -0.692378 0.538264 0.000000 12.824032 1.098617 0.000000 11.176106 
209000 1045.000000 -0.740923 0.791225 0.000000 12.626502 1.041936 0.000000 11.063597 
210000 1050.000000 -0.803095 0.674227 0.000000 13.065197 0.141982 0.000000 12.852224 
211000 1055.000000 -0.675467 0.674659 0.000000 13.398756 1.076255 0.000000 11.784374 
212000 1060.000000 -0.770804 0.828987 0.000000 11.431285 0.306551 0.000000 10.971459 
213000 1065.000000 -0.725266 0.613410 0.000000 14.460439 2.287848 0.000000 11.028667 
214000 1070.000000 -0.603207 0.922067 0.000000 10.852128 1.904972 0.000000 7.994671 
215000 1075.000000 -0.764265 0.764117 0.000000 12.354889 0.039603 0.000000 12.295484 
216000 1080.000000 -0.958574 0.514746 0.000000 11.879620 1.741615 0.000000 9.267198 
217000 1085.000000 -0.645423 0.843487 0.000000 11.776418 0.161592 0.000000 11.534030 
218000 1090.000000 -0.760304 0.789796 0.000000 12.056047 0.125464 0.000000 11.867851 
219000 1095.000000 -0.859970 0.676393 0.000000 14.235742 3.907330 0.000000 8.374748 
220000 1100.000000 -0.825448 0.445958 0.000000 12.911718 1.905297 0.000000 10.053772 
221000 1105.000000 -0.888478 0.421453 0.000000 11.361007 0.171061 0.000000 11.104416 
222000 1110.000000 -0.759990 0.748308 0.000000 12.968140 0.768150 0.000000 11.815916 
223000 1115.000000 -0.878463 0.632414 0.000000 12.690096 0.708461 0.000000 11.627405 
224000 1120.000000 -0.640276 0.763342 0.000000 12.908058 0.932542 0.000000 11.509245 
225000 1125.000000 -0.711884 0.802633 0.000000 12.135985 0.038900 0.000000 12.077636 
226000 1130.000000 -0.787076 0.479620 0.000000 13.867080 2.834864 0.000000 9.614784 
227000 1135.000000 -0.794841 0.749475 0.000000 12.266474 0.014819 0.000000 12.244247 
228000 1140.000000 -0.609558 0.614774 0.000000 11.407436 0.234343 0.000000 11.055922 
229000 1145.000000 -0.749185 0.529224 0.000000 13.229325 0.631574 0.000000 12.281964 
230000 1150.000000 -0.604403 0.684267 0.000000 11.563686 0.153465 0.000000 11.333488 
231000 1155.000000 -0.815332 0.740064 0.000000 12.721913 1.111798 0.000000 11.054215 
232000 1160.000000 -0.689203 0.634810 0.000000 13.031948 0.121415 0.000000 12.849825 
233000 1165.000000 -0.734291 0.732529 0.000000 13.423089 1.021172 0.000000 11.891331 
234000 1170.000000 -0.756118 0.671467 0.000000 13.429002 0.211070 0.000000 13.112396 
235000 1175.000000 -0.779029 0.529117 0.000000 13.328054 0.443585 0.000000 12.662676 
236000 1180.000000 -0.833595 0.585260 0.000000 13.855169 1.416089 0.000000 11.731035 
237000 1185.000000 -0.692871 0.654615 0.000000 13.736003 1.357330 0.000000 11.700008 
238000 1190.000000 -0.868236 0.794766 0.000000 11.164906 0.155640 0.000000 10.931447 
239000 1195.000000 -0.703234 0.729425 0.000000 13.405380 0.876902 0.000000 12.090027 
240000 1200.000000 -0.757241 0.568773 0.000000 13.363059 0.055017 0.000000 13.280533 
241000 1205.000000 -0.684282 0.782422 0.000000 13.266481 1.531415 0.000000 10.969358 
242000 1210.000000 -0.717691 0.510055 0.000000 12.244391 0.004334 0.000000 12.237890 
243000 1215.000000 -0.781491 0.605588 0.000000 13.999731 1.059253 0.000000 12.410852 
244000 1220.000000 -0.874096 0.980820 0.000000 8.743003 0.762832 0.000000 7.598756 
245000 1225.000000 -0.734731 0.650540 0.000000 14.405415 2.029814 0.000000 11.360694 
246000 1230.000000 -0.837269 0.479779 0.000000 12.696998 0.396383 0.000000 12.102424 
247000 1235.000000 -0.786723 0.520342 0.000000 14.476305 2.882681 0.000000 10.152284 
248000 1240.000000 -0.826258 0.518220 0.000000 13.317427 0.670661 0.000000 12.311436 
249000 1245.000000 -0.833281 0.676686 0.000000 13.071668 0.880646 0.000000 11.750699 
250000 1250.000000 -0.744486 0.671077 0.000000 13.617455 0.567725 0.000000 12.765868 
251000 1255.000000 -0.839267 0.590944 0.000000 13.992872 1.843266 0.000000 11.227972 
252000 1260.000000 -0.823749 0.577260 0.000000 13.763973 1.051913 0.000000 12.186103 
253000 1265.000000 -0.772470 0.718434 0.000000 14.646376 3.648551 0.000000 9.173550 
254000 1270.000000 -0.750962 0.747263 0.000000 12.741598 0.205932 0.000000 12.432700 
255000 1275.000000 -0.717223 0.577429 0.000000 13.566496 1.054309 0.000000 11.985033 
256000 1280.000000 -0.771325 0.457332 0.000000 12.922208 2.104394 0.000000 9.765617 
257000 1285.000000 -0.766334 0.672840 0.000000 13.306803 0.075069 0.000000 13.194199 
258000 1290.000000 -0.715772 0.555835 0.000000 13.436891 1.214211 0.000000 11.615575 
259000 1295.000000 -0.840041 0.492984 0.000000 12.758599 0.219293 0.000000 12.429660 
260000 1300.000000 -0.910374 0.641949 0.000000 12.793606 2.090389 0.000000 9.658024 
261000 1305.000000 -0.681085 0.669326 0.000000 13.039689 0.223563 0.000000 12.704345 
262000 1310.000000 -0.775245 0.526991 0.000000 13.805175 1.481195 0.000000 11.583382 
263000 1315.000000 -0.772616 0.726329 0.000000 12.804836 0.142483 0.000000 12.591112 
264000 1320.000000 -0.927423 0.540329 0.000000 12.740214 2.090425 0.000000 9.604577 
265000 1325.000000 -0.955270 0.631029 0.000000 11.537692 1.041776 0.000000 9.975027 
266000 1330.000000 -0.911399 0.515408 0.000000 13.748279 3.646824 0.000000 8.278044 
267000 1335.000000 -0.615014 0.814845 0.000000 12.285754 0.496083 0.000000 11.541629 
268000 1340.000000 -0.846198 0.473367 0.000000 13.635787 2.550933 0.000000 9.809387 
269000 1345.000000 -0.690969 0.594125 0.000000 12.816604 0.063369 0.000000 12.721551 
270000 1350.000000 -0.844596 0.541672 0.000000 13.459029 0.984643 0.000000 11.982065 
271000 1355.000000 -0.720233 0.790685 0.000000 12.624507 0.798090 0.000000 11.427371 
272000 1360.000000 -0.707540 0.697403 0.000000 13.209740 0.187638 0.000000 12.928284 
273000 1365.000000 -0.766423 0.527281 0.000000 13.158657 0.329047 0.000000 12.665086 
274000 1370.000000 -0.825114 0.555447 0.000000 13.957223 1.568320 0.000000 11.604744 
275000 1375.000000 -0.737677 0.524270 0.000000 13.405017 1.426157 0.000000 11.265781 
276000 1380.000000 -0.736868 0.776876 0.000000 13.250877 1.857279 0.000000 10.464959 
277000 1385.000000 -0.782538 0.635056 0.000000 13.452225 0.149454 0.000000 13.228044 
278000 1390.000000 -0.603743 0.742035 0.000000 12.462397 1.451088 0.000000 10.285764 
279000 1395.000000 -0.679316 0.581719 0.000000 13.096301 1.218050 0.000000 11.269226 
280000 1400.000000 -0.458785 0.886693 0.000000 10.704794 1.667574 0.000000 8.203433 
281000 1405.000000 -0.664584 0.794124 0.000000 12.947282 1.186707 0.000000 11.167221 
282000 1410.000000 -0.728017 0.745073 0.000000 13.132469 0.720942 0.000000 12.051056 
283000 1415.000000 -0.630776 0.663548 0.000000 12.007297 0.040639 0.000000 11.946339 
284000 1420.000000 -0.529239 1.101266 0.000000 6.363235 2.184575 0.000000 3.086372 
285000 1425.000000 -0.624833 0.680190 0.000000 12.539469 1.234700 0.000000 10.687419 
286000 1430.000000 -0.701954 0.485638 0.000000 12.340540 1.682473 0.000000 9.816831 
287000 1435.000000 -0.722354 0.724552 0.000000 13.395095 0.833760 0.000000 12.144454 
288000 1440.000000 -0.777622 0.676274 0.000000 13.753686 1.215329 0.000000 11.930692 
289000 1445.000000 -0.667126 0.676612 0.000000 13.194647 0.982560 0.000000 11.720807 
290000 1450.000000 -0.727133 0.647411 0.000000 13.368526 0.093494 0.000000 13.228285 
291000 1455.000000 -0.831170 0.492933 0.000000 13.773835 2.237177 0.000000 10.418069 
292000 1460.000000 -0.752281 0.514503 0.000000 13.878617 2.354482 0.000000 10.346894 
293000 1465.000000 -0.707129 1.000922 0.000000 8.565386 1.050589 0.000000 6.989502 
294000 1470.000000 -0.716164 0.767245 0.000000 12.611415 0.119620 0.000000 12.431985 
295000 1475.000000 -0.843764 0.559968 0.000000 13.224311 0.455053 0.000000 12.541732 
296000 1480.000000 -0.738541 0.691002 0.000000 13.547050 0.735127 0.000000 12.444359 
297000 1485.000000 -0.711338 0.821085 0.000000 11.792966 0.106918 0.000000 11.632589 
298000 1490.000000 -0.678830 0.582276 0.000000 12.844317 0.768365 0.000000 11.691769 
299000 1495.000000 -0.715867 0.665658 0.000000 13.963513 1.485254 0.000000 11.735632 
300000 1500.000000 -0.839260 0.669227 0.000000 12.775337 0.404634 0.000000 12.168387 
301000 1505.000000 -0.667834 0.751519 0.000000 12.685067 0.072068 0.000000 12.576964 
302000 1510.000000 -0.799731 0.532348 0.000000 13.170620 0.093494 0.000000 13.030380 
303000 1515.000000 -0.913002 0.528523 0.000000 12.494137 1.166305 0.000000 10.744679 
304000 1520.000000 -0.780832 0.587037 0.000000 13.700896 0.552599 0.000000 12.871997 
305000 1525.000000 -0.710901 0.450409 0.000000 10.838603 0.018527 0.000000 10.810813 
306000 1530.000000 -0.808980 0.441198 0.000000 12.032223 0.511587 0.000000 11.264843 
307000 1535.000000 -0.569671 0.652459 0.000000 10.578133 0.363037 0.000000 10.033578 
308000 1540.000000 -0.719981 0.573838 0.000000 13.251424 0.458050 0.000000 12.564349 
309000 1545.000000 -0.883375 0.794665 0.000000 11.033424 0.169606 0.000000 10.779015 
310000 1550.000000 -0.693272 0.604068 0.000000 14.553587 3.354926 0.000000 9.521199 
311000 1555.000000 -0.810238 0.503259 0.000000 13.545946 1.414275 0.000000 11.424533 
312000 1560.000000 -0.651949 0.779827 0.000000 13.187781 1.478837 0.000000 10.969525 
313000 1565.000000 -0.763250 0.751827 0.000000 14.805146 4.634873 0.000000 7.852836 
314000 1570.000000 -0.967209 0.603429 0.000000 11.045331 0.373586 0.000000 10.484952 
315000 1575.000000 -0.807996 0.759667 0.000000 12.173457 0.372397 0.000000 11.614863 
316000 1580.000000 -0.730557 0.597082 0.000000 14.644570 2.731876 0.000000 10.546757 
317000 1585.000000 -0.619213 0.570932 0.000000 11.213514 0.126661 0.000000 11.023523 
318000 1590.000000 -0.811827 0.638254 0.000000 13.839328 1.375775 0.000000 11.775666 
319000 1595.000000 -0.710075 0.614049 0.000000 13.335413 0.398140 0.000000 12.738203 
320000 1600.000000 -0.640620 0.781866 0.000000 12.437707 0.169915 0.000000 12.182835 
321000 1605.000000 -0.927570 0.569893 0.000000 11.894038 0.451014 0.000000 11.217516 
322000 1610.000000 -0.638590 0.730506 0.000000 12.533728 0.352786 0.000000 12.004548 
323000 1615.000000 -0.792130 0.598909 0.000000 13.853678 0.888356 0.000000 12.521144 
324000 1620.000000 -0.893102 0.723774 0.000000 11.430719 0.022971 0.000000 11.396262 
325000 1625.000000 -0.817138 0.545484 0.000000 13.542488 0.729604 0.000000 12.448082 
326000 1630.000000 -0.765996 0.510397 0.000000 16.059793 6.558709 0.000000 6.221730 
327000 1635.000000 -0.747189 0.656803 0.000000 13.829610 0.895160 0.000000 12.486870 
328000 1640.000000 -0.888740 0.498868 0.000000 12.739641 1.084150 0.000000 11.113416 
329000 1645.000000 -0.925029 0.474303 0.000000 11.530634 0.216143 0.000000 11.206419 
330000 1650.000000 -0.705597 0.720110 0.000000 13.061792 0.092651 0.000000 12.922815 
331000 1655.000000 -1.006593 0.585318 0.000000 10.897716 1.593396 0.000000 8.507622 
332000 1660.000000 -0.703766 0.598489 0.000000 13.479738 0.972420 0.000000 12.021108 
333000 1665.000000 -0.719263 0.583097 0.000000 13.125461 0.067940 0.000000 13.023550 
334000 1670.000000 -0.754001 0.676673 0.000000 13.325170 0.099175 0.000000 13.176407 
335000 1675.000000 -0.849368 0.444436 0.000000 12.866908 1.955713 0.000000 9.933339 
336000 1680.000000 -0.947799 0.792708 0.000000 11.786749 2.741002 0.000000 7.675246 
337000 1685.000000 -0.741960 0.596835 0.000000 14.138845 1.537561 0.000000 11.832503 
338000 1690.000000 -0.795832 0.534040 0.000000 13.528710 0.729469 0.000000 12.434507 
339000 1695.000000 -0.674533 0.634638 0.000000 13.123467 0.793460 0.000000 11.933278 
340000 1700.000000 -0.751070 0.749484 0.000000 12.806704 0.411612 0.000000 12.189286 
341000 1705.000000 -0.542065 0.849314 0.000000 11.474223 0.577211 0.000000 10.608406 
342000 1710.000000 -0.697598 0.704956 0.000000 13.168681 0.267483 0.000000 12.767457 
343000 1715.000000 -0.722718 0.846229 0.000000 11.371806 0.336271 0.000000 10.867399 
344000 1720.000000 -0.776725 0.637035 0.000000 13.880477 0.966014 0.000000 12.431456 
345000 1725.000000 -0.778978 0.615449 0.000000 14.994776 3.099023 0.000000 10.346242 
346000 1730.000000 -0.838425 0.343375 0.000000 10.082168 1.283041 0.000000 8.157607 
347000 1735.000000 -0.730272 0.785841 0.000000 13.680080 2.866970 0.000000 9.379625 
348000 1740.000000 -0.764823 0.704100 0.000000 13.302558 0.575819 0.000000 12.438830 
349000 1745.000000 -0.820983 0.617267 0.000000 13.370322 0.393741 0.000000 12.779711 
350000 1750.000000 -0.693799 0.726315 0.000000 13.168379 0.461286 0.000000 12.476451 
351000 1755.000000 -0.756550 0.799561 0.000000 12.126274 0.560472 0.000000 11.285566 
352000 1760.000000 -0.818085 0.650050 0.000000 13.281702 0.527795 0.000000 12.490010 
353000 1765.000000 -1.014719 0.625024 0.000000 10.100007 0.263713 0.000000 9.704437 
354000 1770.000000 -0.751364 0.487601 0.000000 13.549826 2.555359 0.000000 9.716788 
355000 1775.000000 -0.809225 0.708241 0.000000 13.393021 1.622728 0.000000 10.958929 
356000 1780.000000 -0.774862 0.609249 0.000000 14.012432 1.039520 0.000000 12.453152 
357000 1785.000000 -0.597267 0.848255 0.000000 11.843196 0.346379 0.000000 11.323628 
358000 1790.000000 -0.752938 0.729066 0.000000 14.980727 4.251015 0.000000 8.604206 
359000 1795.000000 -0.704098 0.686730 0.000000 13.798410 1.284214 0.000000 11.872089 
360000 1800.000000 -0.589987 0.736892 0.000000 12.542633 2.246409 0.000000 9.173019 
361000 1805.000000 -0.720508 0.671574 0.000000 13.692010 0.808180 0.000000 12.479740 
362000 1810.000000 -0.800391 0.714592 0.000000 13.308185 1.374312 0.000000 11.246717 
363000 1815.000000 -0.917523 0.547561 0.000000 12.041283 0.277156 0.000000 11.625549 
364000 1820.000000 -0.769106 0.551793 0.000000 13.476277 0.408266 0.000000 12.863878 
365000 1825.000000 -0.737737 0.616011 0.000000 14.615702 2.407997 0.000000 11.003706 
366000 1830.000000 -0.751057 0.552824 0.000000 14.034645 1.714741 0.000000 11.462533 
367000 1835.000000 -0.691909 0.610670 0.000000 13.463886 1.100894 0.000000 11.812544 
368000 1840.000000 -0.613005 0.770741 0.000000 12.611290 1.085735 0.000000 10.982687 
369000 1845.000000 -0.725906 0.639568 0.000000 13.432083 0.158400 0.000000 13.194483 
370000 1850.000000 -0.754533 0.565496 0.000000 13.663202 0.720334 0.000000 12.582701 
371000 1855.000000 -0.727597 0.616246 0.000000 13.602854 0.520819 0.000000 12.821626 
372000 1860.000000 -0.792833 0.660652 0.000000 13.327338 0.262505 0.000000 12.933580 
373000 1865.000000 -0.600753 0.903447 0.000000 10.738605 0.545093 0.000000 9.920965 
374000 1870.000000 -0.772560 0.639327 0.000000 13.706903 0.561818 0.000000 12.864176 
375000 1875.000000 -0.688511 0.813872 0.000000 12.229436 0.373301 0.000000 11.669484 
376000 1880.000000 -0.711240 0.792458 0.000000 12.478263 0.415652 0.000000 11.854785 
377000 1885.000000 -0.868865 0.852880 0.000000 10.830651 0.722364 0.000000 9.747105 
378000 1890.000000 -0.844573 0.692417 0.000000 13.555436 2.432749 0.000000 9.906313 
379000 1895.000000 -0.874323 0.737048 0.000000 12.318640 1.528848 0.000000 10.025369 
380000 1900.000000 -0.804769 0.670226 0.000000 13.147189 0.279915 0.000000 12.727317 
381000 1905.000000 -0.749880 0.739270 0.000000 14.252206 2.992946 0.000000 9.762787 
382000 1910.000000 -0.660210 0.755246 0.000000 13.825292 2.394652 0.000000 10.233314 
383000 1915.000000 -0.682223 0.749239 0.000000 13.286958 1.007029 0.000000 11.776414 
384000 1920.000000 -0.722804 0.491764 0.000000 13.028353 2.078391 0.000000 9.910767 
385000 1925.000000 -0.720495 0.776801 0.000000 12.570003 0.249651 0.000000 12.195527 
386000 1930.000000 -0.746183 0.559125 0.000000 13.882238 1.393937 0.000000 11.791332 
387000 1935.000000 -0.812723 0.488983 0.000000 13.031249 0.733171 0.000000 11.931493 
388000 1940.000000 -0.717115 0.621608 0.000000 13.574646 0.638542 0.000000 12.616833 
389000 1945.000000 -0.693286 0.665045 0.000000 13.729381 1.319339 0.000000 11.750373 
390000 1950.000000 -0.756597 0.759771 0.000000 15.349319 5.800768 0.000000 6.648166 
391000 1955.000000 -0.695496 0.669987 0.000000 13.147399 0.066413 0.000000 13.047780 
392000 1960.000000 -0.851960 0.509098 0.000000 12.769638 0.062183 0.000000 12.676364 
393000 1965.000000 -0.700163 0.588938 0.000000 13.312372 0.793620 0.000000 12.121942 
394000 1970.000000 -0.821939 0.822702 0.000000 11.841641 1.500833 0.000000 9.590391 
395000 1975.000000 -0.713687 0.719019 0.000000 14.321171 2.510907 0.000000 10.554810 
396000 1980.000000 -0.783379 0.507504 0.000000 14.740661 3.727649 0.000000 9.149187 
397000 1985.000000 -1.007648 0.843085 0.000000 9.310798 0.093419 0.000000 9.170669 
398000 1990.000000 -0.748504 0.765924 0.000000 13.247746 1.627124 0.000000 10.807060 
399000 1995.000000 -0.747400 0.601343 0.000000 13.817947 0.759287 0.000000 12.679017 
400000 2000.000000 -0.833486 0.771214 0.000000 11.885617 0.511583 0.000000 11.118244 
401000 2005.000000 -0.726018 0.584133 0.000000 13.347435 0.301411 0.000000 12.895318 
402000 2010.000000 -0.690778 0.572768 0.000000 13.167400 1.040746 0.000000 11.606281 
403000 2015.000000 -0.886209 0.651493 0.000000 12.522126 0.844847 0.000000 11.254855 
404000 2020.000000 -0.796279 0.476873 0.000000 12.566987 0.212272 0.000000 12.248579 
405000 2025.000000 -0.658552 0.603515 0.000000 13.204242 1.787782 0.000000 10.522569 
406000 2030.000000 -0.784375 0.487790 0.000000 12.774103 0.374418 0.000000 12.212477 
407000 2035.000000 -0.779395 0.772806 0.000000 12.163401 0.136208 0.000000 11.959090 
408000 2040.000000 -0.684098 0.750311 0.000000 12.922764 0.248337 0.000000 12.550259 
409000 2045.000000 -0.702485 0.794645 0.000000 13.051888 1.508858 0.000000 10.788601 
410000 2050.000000 -0.812071 0.439156 0.000000 12.300884 1.015295 0.000000 10.777942 
411000 2055.000000 -0.822524 0.611621 0.000000 13.261974 0.076786 0.000000 13.146796 
412000 2060.000000 -0.906571 0.543414 0.000000 12.161319 0.088990 0.000000 12.027834 
413000 2065.000000 -0.760053 0.663715 0.000000 13.518737 0.304207 0.000000 13.062426 
414000 2070.000000 -0.798999 0.615846 0.000000 13.591436 0.387049 0.000000 13.010862 
415000 2075.000000 -0.673261 0.633190 0.000000 12.961595 0.448317 0.000000 12.289119 
416000 2080.000000 -0.681380 0.764739 0.000000 12.894047 0.401904 0.000000 12.291191 
417000 2085.000000 -0.634317 0.613991 0.000000 11.925263 0.102304 0.000000 11.771806 
418000 2090.000000 -0.813168 0.519188 0.000000 13.411120 0.724340 0.000000 12.324610 
419000 2095.000000 -0.922890 0.455822 0.000000 12.032004 1.409171 0.000000 9.918248 
420000 2100.000000 -0.755865 0.499012 0.000000 12.598198 0.087312 0.000000 12.467230 
421000 2105.000000 -0.742054 0.516865 0.000000 12.819068 0.258373 0.000000 12.431508 
422000 2110.000000 -0.432707 0.908697 0.000000 9.721247 0.183585 0.000000 9.445869 
423000 2115.000000 -0.877217 0.544813 0.000000 12.702360 0.164132 0.000000 12.456162 
424000 2120.000000 -0.664367 1.401838 0.000000 9.346071 0.241363 0.000000 8.984027 
425000 2125.000000 -0.625366 1.353004 0.000000 11.280447 2.955844 0.000000 6.846682 
426000 2130.000000 -0.776751 0.606799 0.000000 14.028002 0.982170 0.000000 12.554747 
427000 2135.000000 -0.759571 0.541076 0.000000 13.333696 0.314987 0.000000 12.861215 
428000 2140.000000 -0.777517 0.621679 0.000000 13.954171 0.874898 0.000000 12.641823 
429000 2145.000000 -0.730080 0.737188 0.000000 13.183313 0.511277 0.000000 12.416397 
430000 2150.000000 -0.760775 0.490449 0.000000 12.624172 0.278453 0.000000 12.206492 
431000 2155.000000 -0.640127 0.836917 0.000000 12.671669 1.590391 0.000000 10.286083 
432000 2160.000000 -0.739827 0.626025 0.000000 13.954062 0.941325 0.000000 12.542075 
433000 2165.000000 -0.760579 0.689377 0.000000 13.240161 0.007789 0.000000 13.228478 
434000 2170.000000 -0.777845 0.770240 0.000000 12.270037 0.162342 0.000000 12.026524 
435000 2175.000000 -0.720597 0.709202 0.000000 13.379458 0.413797 0.000000 12.758763 
436000 2180.000000 -0.735115 0.519996 0.000000 13.315945 1.249473 0.000000 11.441735 
437000 2185.000000 -0.673846 0.723567 0.000000 13.152071 0.521823 0.000000 12.369336 
438000 2190.000000 -0.804816 0.739239 0.000000 12.698248 0.705310 0.000000 11.640283 
439000 2195.000000 -0.625367 0.810570 0.000000 12.209151 0.032618 0.000000 12.160225 
440000 2200.000000 -0.808527 0.701009 0.000000 12.814550 0.157835 0.000000 12.577798 
441000 2205.000000 -0.752261 0.697634 0.000000 13.380583 0.346512 0.000000 12.860815 
442000 2210.000000 -0.703829 0.723556 0.000000 13.738155 1.348880 0.000000 11.714834 
443000 2215.000000 -0.928667 0.619556 0.000000 11.631498 0.069839 0.000000 11.526740 
444000 2220.000000 -0.655714 0.566930 0.000000 12.180516 0.390097 0.000000 11.595371 
445000 2225.000000 -0.692974 0.747379 0.000000 13.202134 0.644932 0.000000 12.234736 
446000 2230.000000 -0.748388 0.700497 0.000000 13.367543 0.347549 0.000000 12.846219 
447000 2235.000000 -0.683452 0.730842 0.000000 14.204058 2.537945 0.000000 10.397141 
448000 2240.000000 -0.736320 0.619351 0.000000 13.608577 0.283202 0.000000 13.183774 
449000 2245.000000 -0.707109 0.664944 0.000000 13.362019 0.162897 0.000000 13.117674 
450000 2250.000000 -0.627461 0.872428 0.000000 11.299531 0.163519 0.000000 11.054253 
451000 2255.000000 -0.893177 0.500917 0.000000 12.273484 0.073671 0.000000 12.162978 
452000 2260.000000 -0.859931 0.612444 0.000000 13.432275 1.267783 0.000000 11.530600 
453000 2265.000000 -0.846619 0.596269 0.000000 13.463986 0.824163 0.000000 12.227741 
454000 2270.000000 -0.915443 0.558121 0.000000 12.517210 1.011164 0.000000 11.000464 
455000 2275.000000 -0.767427 0.457168 0.000000 12.256358 0.683533 0.000000 11.231058 
456000 2280.000000 -0.632158 1.377706 0.000000 11.089381 2.294990 0.000000 7.646896 
457000 2285.000000 -0.765400 1.219439 0.000000 8.203025 0.765681 0.000000 7.054503 
458000 2290.000000 -0.530454 1.522926 0.000000 10.346574 1.488748 0.000000 8.113452 
459000 2295.000000 -0.733510 0.495754 0.000000 12.771873 0.980687 0.000000 11.300842 
460000 2300.000000 -0.779584 0.689220 0.000000 13.190425 0.115386 0.000000 13.017346 
461000 2305.000000 -0.767088 0.742735 0.000000 13.018595 0.732455 0.000000 11.919912 
462000 2310.000000 -0.695532 0.637504 0.000000 13.323626 0.400946 0.000000 12.722208 
463000 2315.000000 -0.760578 0.653122 0.000000 13.467238 0.003939 0.000000 13.461330 
464000 2320.000000 -0.892829 0.524831 0.000000 12.414922 0.125902 0.000000 12.226069 
465000 2325.000000 -0.897537 0.590801 0.000000 12.795525 1.053547 0.000000 11.215204 
466000 2330.000000 -0.671284 0.511354 0.000000 11.919144 0.778863 0.000000 10.750849 
467000 2335.000000 -0.764627 0.664049 0.000000 14.058302 1.314797 0.000000 12.086106 
468000 2340.000000 -0.921866 0.458330 0.000000 11.705236 0.588534 0.000000 10.822435 
469000 2345.000000 -0.700591 0.530947 0.000000 12.956897 1.178059 0.000000 11.189809 
470000 2350.000000 -0.748438 0.587638 0.000000 13.972564 1.047592 0.000000 12.401176 
471000 2355.000000 -0.833024 0.488778 0.000000 12.825971 0.267652 0.000000 12.424493 
472000 2360.000000 -0.726022 0.686948 0.000000 13.540896 0.463301 0.000000 12.845943 
473000 2365.000000 -0.721899 0.616854 0.000000 13.476458 0.234063 0.000000 13.125363 
474000 2370.000000 -0.834102 0.484845 0.000000 13.009603 0.726949 0.000000 11.919180 
475000 2375.000000 -0.674376 0.565460 0.000000 16.207008 7.717541 0.000000 4.630697 
476000 2380.000000 -0.707563 0.762665 0.000000 12.753035 0.007890 0.000000 12.741200 
477000 2385.000000 -0.598820 0.593824 0.000000 12.679673 3.428331 0.000000 7.537176 
478000 2390.000000 -0.772326 0.538561 0.000000 13.283025 0.062772 0.000000 13.188867 
479000 2395.000000 -0.692792 0.690628 0.000000 13.314277 0.358276 0.000000 12.776863 
480000 2400.000000 -0.944634 0.244922 0.000000 7.329700 0.182592 0.000000 7.055812 
481000 2405.000000 -0.653472 0.659039 0.000000 13.476065 1.877738 0.000000 10.659458 
482000 2410.000000 -0.825739 0.620540 0.000000 14.136076 1.892996 0.000000 11.296582 
483000 2415.000000 -0.840232 0.576770 0.000000 13.414385 0.526387 0.000000 12.624805 
484000 2420.000000 -0.799493 0.661544 0.000000 14.090473 1.794082 0.000000 11.399351 
485000 2425.000000 -0.800068 0.622073 0.000000 14.497028 2.167419 0.000000 11.245900 
486000 2430.000000 -0.678399 0.630737 0.000000 13.045129 0.389198 0.000000 12.461332 
487000 2435.000000 -0.657724 0.626721 0.000000 12.657580 0.389186 0.000000 12.073801 
488000 2440.000000 -0.661332 0.743683 0.000000 13.325331 1.199108 0.000000 11.526668 
489000 2445.000000 -0.684439 0.720175 0.000000 13.023480 0.083627 0.000000 12.898040 
490000 2450.000000 -0.668313 0.636476 0.000000 12.889222 0.375664 0.000000 12.325726 
491000 2455.000000 -0.756944 0.459544 0.000000 14.215043 4.776686 0.000000 7.050014 
492000 2460.000000 -0.556364 0.787471 0.000000 11.518505 0.916940 0.000000 10.143095 
493000 2465.000000 -0.667041 0.532474 0.000000 12.964183 2.363739 0.000000 9.418574 
494000 2470.000000 -0.709786 0.479920 0.000000 13.040342 2.888763 0.000000 8.707197 
495000 2475.000000 -0.760907 0.479126 0.000000 12.465658 0.382890 0.000000 11.891322 
496000 2480.000000 -0.898884 0.513094 0.000000 12.880402 1.375950 0.000000 10.816478 
497000 2485.000000 -1.007469 0.708304 0.000000 10.315297 0.441867 0.000000 9.652496 
498000 2490.000000 -0.838503 0.451494 0.000000 13.666657 3.114214 0.000000 8.995335 
499000 2495.000000 -0.904067 0.673716 0.000000 12.536912 1.660372 0.000000 10.046354 
