0 0.000000 0.500000 0.000000 0.000000 0.027289 0.018193 0.000000 0.000000 
0 0.000000 0.497863 -0.001292 0.000000 0.004335 0.048893 0.000000 -0.069005 
1000 5.000000 -0.621539 1.365912 0.000000 11.994596 0.759503 0.000000 10.855342 
2000 10.000000 -0.749617 1.255525 0.000000 12.453104 1.317492 0.000000 10.476866 
3000 15.000000 -0.685141 1.247171 0.000000 12.674530 1.006913 0.000000 11.164161 
4000 20.000000 -0.846910 1.166837 0.000000 12.191244 1.679249 0.000000 9.672370 
5000 25.000000 -0.836307 1.125135 0.000000 12.067303 0.301283 0.000000 11.615378 
6000 30.000000 -0.803949 1.256377 0.000000 11.327180 1.606292 0.000000 8.917742 
7000 35.000000 -1.060686 0.768259 0.000000 11.715305 0.882300 0.000000 10.391856 
8000 40.000000 -0.607212 1.347805 0.000000 12.333470 1.141287 0.000000 10.621540 
9000 45.000000 -0.835054 0.722466 0.000000 9.898278 0.407636 0.000000 9.286824 
10000 50.000000 -1.133214 0.810324 0.000000 11.212503 1.538451 0.000000 8.904826 
11000 55.000000 -0.888027 1.003894 0.000000 11.787915 0.173121 0.000000 11.528234 
12000 60.000000 -0.701513 1.161749 0.000000 13.084176 3.110982 0.000000 8.417703 
13000 65.000000 -1.013926 0.925470 0.000000 12.389966 2.523736 0.000000 8.604363 
14000 70.000000 -0.599310 1.402736 0.000000 11.767977 1.168883 0.000000 10.014652 
15000 75.000000 -0.655545 0.713821 0.000000 8.821605 0.848068 0.000000 7.549503 
16000 80.000000 -0.922157 0.848668 0.000000 12.774964 3.191597 0.000000 7.987568 
17000 85.000000 -0.604351 1.305344 0.000000 12.852165 2.387188 0.000000 9.271382 
18000 90.000000 -1.104485 0.772384 0.000000 12.826296 3.601471 0.000000 7.424090 
19000 95.000000 -0.660658 1.310207 0.000000 12.669885 1.296270 0.000000 10.725481 
20000 100.000000 -0.820702 0.926334 0.000000 10.437013 0.146365 0.000000 10.217466 
21000 105.000000 -0.641605 1.306823 0.000000 12.454010 0.894969 0.000000 11.111556 
22000 110.000000 -0.808428 1.091416 0.000000 12.948658 2.046622 0.000000 9.878725 
23000 115.000000 -0.594016 1.333341 0.000000 12.815781 2.329340 0.000000 9.321771 
24000 120.000000 -1.005825 0.738055 0.000000 11.349548 0.514274 0.000000 10.578136 
25000 125.000000 -0.779459 1.205272 0.000000 11.997942 0.072703 0.000000 11.888888 
26000 130.000000 -1.145270 0.778445 0.000000 10.701640 0.391522 0.000000 10.114357 
27000 135.000000 -0.680316 1.126106 0.000000 11.066063 1.343708 0.000000 9.050501 
28000 140.000000 -1.194137 0.810567 0.000000 9.628616 0.792283 0.000000 8.440192 
29000 145.000000 -0.685457 1.227014 0.000000 12.998513 1.887819 0.000000 10.166785 
30000 150.000000 -0.723239 1.088932 0.000000 10.738407 0.056894 0.000000 10.653067 
31000 155.000000 -1.062588 0.623428 0.000000 10.230027 1.146107 0.000000 8.510865 
32000 160.000000 -0.919962 0.652390 0.000000 10.139555 1.151940 0.000000 8.411646 
33000 165.000000 -0.672570 1.400652 0.000000 10.056914 0.348678 0.000000 9.533897 
34000 170.000000 -0.983939 0.643896 0.000000 10.740175 1.935306 0.000000 7.837216 
35000 175.000000 -0.799626 1.047046 0.000000 12.249190 1.651598 0.000000 9.771792 
36000 180.000000 -0.921826 0.967176 0.000000 12.185404 1.150815 0.000000 10.459182 
37000 185.000000 -0.919747 0.915596 0.000000 12.051354 1.213691 0.000000 10.230817 
38000 190.000000 -0.764380 1.213504 0.000000 12.648401 1.170473 0.000000 10.892692 
39000 195.000000 -0.958781 0.963143 0.000000 12.032154 1.130489 0.000000 10.336420 
40000 200.000000 -0.934716 1.123173 0.000000 10.237720 0.619485 0.000000 9.308493 
41000 205.000000 -0.978939 0.932413 0.000000 11.836519 0.838426 0.000000 10.578880 
42000 210.000000 -0.678896 1.229915 0.000000 12.533621 1.038624 0.000000 10.975685 
43000 215.000000 -0.715674 1.245002 0.000000 12.463126 0.529012 0.000000 11.669609 
44000 220.000000 -0.749772 1.276732 0.000000 13.546518 4.263941 0.000000 7.150606 
45000 225.000000 -1.013500 0.825545 0.000000 11.661585 0.464385 0.000000 10.965007 
46000 230.000000 -0.818413 1.077242 0.000000 12.151059 0.554756 0.000000 11.318925 
47000 235.000000 -0.563424 1.381954 0.000000 11.435052 0.197441 0.000000 11.138890 
48000 240.000000 -0.740811 1.199835 0.000000 12.415074 0.412020 0.000000 11.797043 
49000 245.000000 -0.918370 0.964166 0.000000 12.106870 1.055230 0.000000 10.524025 
50000 250.000000 -1.042859 0.865142 0.000000 11.334976 0.329937 0.000000 10.840070 
51000 255.000000 -0.873094 0.824812 0.000000 10.821257 0.669796 0.000000 9.816563 
52000 260.000000 -1.098968 0.832489 0.000000 11.250883 1.030009 0.000000 9.705870 
53000 265.000000 -1.066457 0.803706 0.000000 11.802607 1.184996 0.000000 10.025113 
54000 270.000000 -0.495169 1.413065 0.000000 10.492629 0.479180 0.000000 9.773859 
55000 275.000000 -0.776070 1.088976 0.000000 11.606095 0.001249 0.000000 11.604222 
56000 280.000000 -0.527074 1.298780 0.000000 10.136552 1.296554 0.000000 8.191721 
57000 285.000000 -0.783033 0.858436 0.000000 9.752391 1.019366 0.000000 8.223342 
58000 290.000000 -0.738714 1.171663 0.000000 12.779180 1.414456 0.000000 10.657496 
59000 295.000000 -0.895431 1.008323 0.000000 11.691939 0.003098 0.000000 11.687292 
60000 300.000000 -0.986318 0.823110 0.000000 11.981979 1.151750 0.000000 10.254354 
61000 305.000000 -0.734633 1.183001 0.000000 13.116352 1.974609 0.000000 10.154439 
62000 310.000000 -1.018737 0.743328 0.000000 12.057080 1.786248 0.000000 9.377708 
63000 315.000000 -0.807549 1.212956 0.000000 11.985655 1.186421 0.000000 10.206023 
64000 320.000000 -0.751036 1.168154 0.000000 12.475153 0.698290 0.000000 11.427718 
65000 325.000000 -0.848174 1.141464 0.000000 11.768571 0.267187 0.000000 11.367791 
66000 330.000000 -0.877090 1.063288 0.000000 11.799702 0.039441 0.000000 11.740540 
67000 335.000000 -1.092899 0.699850 0.000000 11.404376 1.147759 0.000000 9.682737 
68000 340.000000 -0.878337 1.132720 0.000000 11.570066 0.715349 0.000000 10.497042 
69000 345.000000 -0.842890 1.029802 0.000000 11.758921 0.159495 0.000000 11.519679 
70000 350.000000 -0.953521 0.762382 0.000000 11.209247 0.405947 0.000000 10.600327 
71000 355.000000 -0.802792 1.270302 0.000000 11.118020 1.910539 0.000000 8.252210 
72000 360.000000 -0.558571 1.336567 0.000000 11.839054 1.495133 0.000000 9.596355 
73000 365.000000 -1.009068 0.731101 0.000000 11.916397 1.684346 0.000000 9.389878 
74000 370.000000 -0.797587 1.154035 0.000000 12.263184 0.305384 0.000000 11.805108 
75000 375.000000 -1.058635 0.941803 0.000000 10.211739 0.031357 0.000000 10.164704 
76000 380.000000 -0.887293 0.871074 0.000000 11.422870 0.968854 0.000000 9.969588 
77000 385.000000 -0.871486 0.854331 0.000000 10.673138 0.044950 0.000000 10.605713 
78000 390.000000 -0.737078 1.161766 0.000000 12.375525 0.705303 0.000000 11.317571 
79000 395.000000 -0.658434 1.171947 0.000000 11.921109 2.267672 0.000000 8.519601 
80000 400.000000 -0.708357 1.199529 0.000000 12.522412 0.887700 0.000000 11.190862 
81000 405.000000 -0.627976 1.293933 0.000000 11.968100 0.126688 0.000000 11.778068 
82000 410.000000 -0.686465 1.275458 0.000000 12.754862 1.161070 0.000000 11.013258 
83000 415.000000 -0.768245 1.109820 0.000000 13.008148 2.379119 0.000000 9.439469 
84000 420.000000 -1.052516 0.658120 0.000000 10.368919 0.076326 0.000000 10.254429 
85000 425.000000 -0.590498 1.343798 0.000000 12.882943 2.445331 0.000000 9.214946 
86000 430.000000 -0.662673 1.276900 0.000000 12.736483 1.207269 0.000000 10.925579 
87000 435.000000 -0.613394 1.240760 0.000000 12.441354 2.910012 0.000000 8.076335 
88000 440.000000 -0.925876 0.936802 0.000000 11.693777 0.247253 0.000000 11.322898 
89000 445.000000 -0.783300 0.898299 0.000000 9.511529 0.100384 0.000000 9.360952 
90000 450.000000 -0.912937 0.927924 0.000000 11.722834 0.482371 0.000000 10.999278 
91000 455.000000 -0.887562 1.183847 0.000000 10.114203 0.460935 0.000000 9.422801 
92000 460.000000 -0.603550 1.174232 0.000000 10.498827 2.644532 0.000000 6.532029 
93000 465.000000 -0.663631 1.287777 0.000000 12.184702 0.122336 0.000000 12.001198 
94000 470.000000 -0.772976 0.957517 0.000000 11.164912 2.784013 0.000000 6.988893 
95000 475.000000 -0.559536 1.406149 0.000000 11.318021 0.224332 0.000000 10.981522 
96000 480.000000 -1.033390 0.696742 0.000000 10.887996 0.100128 0.000000 10.737804 
97000 485.000000 -1.062181 0.867151 0.000000 11.260927 0.495331 0.000000 10.517930 
98000 490.000000 -1.229799 0.814939 0.000000 8.784421 0.968205 0.000000 7.332113 
99000 495.000000 -1.185200 0.837416 0.000000 9.145449 0.224173 0.000000 8.809191 
100000 500.000000 -0.870619 1.034292 0.000000 12.246376 0.834626 0.000000 10.994437 
101000 505.000000 -0.503257 1.459728 0.000000 10.702001 0.659501 0.000000 9.712750 
102000 510.000000 -0.669473 0.808392 0.000000 7.852812 0.057609 0.000000 7.766399 
103000 515.000000 -0.872630 0.681252 0.000000 10.132949 0.885905 0.000000 8.804090 
104000 520.000000 -0.976047 0.901595 0.000000 11.753918 0.439956 0.000000 11.093983 
105000 525.000000 -1.078505 0.720585 0.000000 11.737054 1.337560 0.000000 9.730714 
106000 530.000000 -0.980749 0.742180 0.000000 11.921071 1.720008 0.000000 9.341059 
107000 535.000000 -0.472858 0.555332 0.000000 8.091516 0.941648 0.000000 6.679043 
108000 540.000000 -0.802746 1.151925 0.000000 12.669964 1.113282 0.000000 11.000040 
109000 545.000000 -1.168772 0.667713 0.000000 10.413089 0.391445 0.000000 9.825921 
110000 550.000000 -0.655363 1.243328 0.000000 12.671637 1.558990 0.000000 10.333152 
111000 555.000000 -1.026169 0.922470 0.000000 11.146780 0.204926 0.000000 10.839392 
112000 560.000000 -0.808698 1.188289 0.000000 12.442327 1.288625 0.000000 10.509389 
113000 565.000000 -1.109758 0.893001 0.000000 10.867515 1.978543 0.000000 7.899700 
114000 570.000000 -0.793263 0.978346 0.000000 10.495595 0.038828 0.000000 10.437353 
115000 575.000000 -1.103961 0.768636 0.000000 12.569491 2.998772 0.000000 8.071334 
116000 580.000000 -0.835785 1.016467 0.000000 12.751849 2.388815 0.000000 9.168626 
117000 585.000000 -0.600486 1.304956 0.000000 12.489295 1.721762 0.000000 9.906652 
118000 590.000000 -0.965037 0.981570 0.000000 11.576133 0.398888 0.000000 10.977802 
119000 595.000000 -0.646342 1.326712 0.000000 12.052179 0.148384 0.000000 11.829603 
120000 600.000000 -0.852829 1.214101 0.000000 10.402098 0.369914 0.000000 9.847227 
121000 605.000000 -1.019838 0.692158 0.000000 11.429860 1.350899 0.000000 9.403511 
122000 610.000000 -1.035618 0.784148 0.000000 11.428951 0.041432 0.000000 11.366803 
123000 615.000000 -1.083964 0.883383 0.000000 10.883268 0.694075 0.000000 9.842156 
124000 620.000000 -0.830102 0.891711 0.000000 10.744623 0.901052 0.000000 9.393044 
125000 625.000000 -0.898099 1.067710 0.000000 12.049538 0.864904 0.000000 10.752182 
126000 630.000000 -0.667736 1.241284 0.000000 12.257315 0.449837 0.000000 11.582559 
127000 635.000000 -0.873657 0.659513 0.000000 10.140100 1.417861 0.000000 8.013309 
128000 640.000000 -0.817178 1.172645 0.000000 12.061247 0.436974 0.000000 11.405786 
129000 645.000000 -1.104348 0.912665 0.000000 10.257219 1.193845 0.000000 8.466451 
130000 650.000000 -0.713403 1.171773 0.000000 12.260721 0.739030 0.000000 11.152176 
131000 655.000000 -0.758789 1.261808 0.000000 11.960651 0.777793 0.000000 10.793962 
132000 660.000000 -0.981745 0.712365 0.000000 10.866546 0.089633 0.000000 10.732096 
133000 665.000000 -0.927392 1.040123 0.000000 12.081398 1.278227 0.000000 10.164058 
134000 670.000000 -0.796053 0.726268 0.000000 9.840947 0.870145 0.000000 8.535729 
135000 675.000000 -0.633443 1.239087 0.000000 11.546065 0.191519 0.000000 11.258786 
136000 680.000000 -0.922741 1.003277 0.000000 12.504071 1.699928 0.000000 9.954180 
137000 685.000000 -0.898809 0.723163 0.000000 10.361512 0.098027 0.000000 10.214471 
138000 690.000000 -0.820416 1.188249 0.000000 11.666794 0.150251 0.000000 11.441418 
139000 695.000000 -0.568442 1.304220 0.000000 11.522760 1.167080 0.000000 9.772140 
140000 700.000000 -0.932065 1.008628 0.000000 11.753961 0.373448 0.000000 11.193789 
141000 705.000000 -1.123466 0.776270 0.000000 10.907661 0.109270 0.000000 10.743756 
142000 710.000000 -0.700017 1.296891 0.000000 12.277972 0.710540 0.000000 11.212163 
143000 715.000000 -0.875477 1.008777 0.000000 12.293990 1.086161 0.000000 10.664749 
144000 720.000000 -0.843693 0.954788 0.000000 11.148440 0.186486 0.000000 10.868711 
145000 725.000000 -0.817825 1.090865 0.000000 12.142242 0.275119 0.000000 11.729563 
146000 730.000000 -1.118879 0.733471 0.000000 11.131975 0.380124 0.000000 10.561789 
147000 735.000000 -0.690447 1.208259 0.000000 12.229163 0.456506 0.000000 11.544403 
148000 740.000000 -0.786739 0.995351 0.000000 11.951628 2.739334 0.000000 7.842628 
149000 745.000000 -0.779192 0.914038 0.000000 9.964169 0.896602 0.000000 8.619266 
150000 750.000000 -0.948668 0.771848 0.000000 12.212803 2.305423 0.000000 8.754669 
151000 755.000000 -0.851952 1.054782 0.000000 12.319183 0.837309 0.000000 11.063219 
152000 760.000000 -0.790551 1.148496 0.000000 13.054730 1.760055 0.000000 10.414648 
153000 765.000000 -1.083747 0.859529 0.000000 11.933272 2.278198 0.000000 8.515975 
154000 770.000000 -1.202228 0.721979 0.000000 10.080718 0.165886 0.000000 9.831889 
155000 775.000000 -0.886976 0.981154 0.000000 12.084465 0.864121 0.000000 10.788284 
156000 780.000000 -0.680148 1.329844 0.000000 11.991411 0.652776 0.000000 11.012246 
157000 785.000000 -0.659509 1.333575 0.000000 12.040539 0.420491 0.000000 11.409803 
158000 790.000000 -0.828989 1.133629 0.000000 12.323065 0.674781 0.000000 11.310894 
159000 795.000000 -0.868310 0.968456 0.000000 11.605123 0.318670 0.000000 11.127119 
160000 800.000000 -1.049943 0.669201 0.000000 10.556754 0.074456 0.000000 10.445070 
161000 805.000000 -0.989767 0.927372 0.000000 11.615241 0.426232 0.000000 10.975893 
162000 810.000000 -0.868877 1.128455 0.000000 11.846538 0.694668 0.000000 10.804536 
163000 815.000000 -0.704553 1.246477 0.000000 12.770276 1.022999 0.000000 11.235778 
164000 820.000000 -0.739338 1.200445 0.000000 12.604119 0.678861 0.000000 11.585828 
165000 825.000000 -0.619759 1.125066 0.000000 9.008428 0.915142 0.000000 7.635714 
166000 830.000000 -0.978943 0.829921 0.000000 11.606162 0.258591 0.000000 11.218275 
167000 835.000000 -0.992498 0.862787 0.000000 12.020523 0.976924 0.000000 10.555137 
168000 840.000000 -0.667200 1.316834 0.000000 12.710793 1.446079 0.000000 10.541675 
169000 845.000000 -1.016490 0.956283 0.000000 10.892717 0.031108 0.000000 10.846055 
170000 850.000000 -1.168338 0.684939 0.000000 11.824928 2.894775 0.000000 7.482766 
171000 855.000000 -0.626962 1.390841 0.000000 11.315047 0.220169 0.000000 10.984794 
172000 860.000000 -0.856925 0.989631 0.000000 11.644080 0.207395 0.000000 11.332988 
173000 865.000000 -1.074086 0.684413 0.000000 12.399105 3.238271 0.000000 7.541699 
174000 870.000000 -1.008346 0.780448 0.000000 11.587184 0.316265 0.000000 11.112787 
175000 875.000000 -0.642664 1.298124 0.000000 12.468014 0.708157 0.000000 11.405778 
176000 880.000000 -0.964602 0.747861 0.000000 11.613731 1.097147 0.000000 9.968011 
177000 885.000000 -0.730873 1.208306 0.000000 12.400702 0.171228 0.000000 12.143860 
178000 890.000000 -1.146537 0.895238 0.000000 9.250384 0.599613 0.000000 8.350964 
179000 895.000000 -0.802164 1.059077 0.000000 11.923001 0.466906 0.000000 11.222642 
180000 900.000000 -1.014759 0.727879 0.000000 12.222232 2.154929 0.000000 8.989839 
181000 905.000000 -0.901816 1.011231 0.000000 12.206530 0.830367 0.000000 10.960980 
182000 910.000000 -0.830399 0.780856 0.000000 10.568149 1.280610 0.000000 8.647234 
183000 915.000000 -0.660035 1.243345 0.000000 12.052700 0.097427 0.000000 11.906560 
184000 920.000000 -0.943478 0.951519 0.000000 11.721064 0.140380 0.000000 11.510495 
185000 925.000000 -1.224881 0.614326 0.000000 9.784339 1.207539 0.000000 7.973030 
186000 930.000000 -0.946310 0.713027 0.000000 12.700478 4.134242 0.000000 6.499115 
187000 935.000000 -0.718277 1.176724 0.000000 12.222468 0.356096 0.000000 11.688323 
188000 940.000000 -0.605479 0.569661 0.000000 7.986363 0.612311 0.000000 7.067897 
189000 945.000000 -0.714329 1.135462 0.000000 12.039936 1.215290 0.000000 10.217001 
190000 950.000000 -0.742977 1.242665 0.000000 12.439210 0.649585 0.000000 11.464833 
191000 955.000000 -0.664231 1.252642 0.000000 12.676435 1.131582 0.000000 10.979062 
192000 960.000000 -1.116481 0.695238 0.000000 10.869529 0.132762 0.000000 10.670387 
193000 965.000000 -1.171635 0.775669 0.000000 10.213938 0.032033 0.000000 10.165888 
194000 970.000000 -0.640355 1.329683 0.000000 12.286149 0.573006 0.000000 11.426640 
195000 975.000000 -1.129383 0.619815 0.000000 9.722850 0.003170 0.000000 9.718095 
196000 980.000000 -0.719217 1.254197 0.000000 12.359911 0.281476 0.000000 11.937696 
197000 985.000000 -0.854071 1.119095 0.000000 12.379048 1.061103 0.000000 10.787394 
198000 990.000000 -0.751225 1.202197 0.000000 12.515901 0.450206 0.000000 11.840592 
199000 995.000000 -0.628956 1.331880 0.000000 12.296584 0.615154 0.000000 11.373853 
200000 1000.000000 -0.953704 0.762862 0.000000 11.395040 0.625291 0.000000 10.457103 
201000 1005.000000 -0.493371 1.403380 0.000000 10.357053 0.198765 0.000000 10.058905 
202000 1010.000000 -0.733497 1.159166 0.000000 12.135077 0.206943 0.000000 11.824663 
203000 1015.000000 -0.691107 1.148791 0.000000 12.281824 2.184544 0.000000 9.005008 
204000 1020.000000 -0.657419 1.354118 0.000000 13.250604 3.377612 0.000000 8.184187 
205000 1025.000000 -0.548532 1.321329 0.000000 11.116420 0.797893 0.000000 9.919580 
206000 1030.000000 -0.682513 1.195839 0.000000 12.483676 1.363732 0.000000 10.438078 
207000 1035.000000 -1.074012 0.843680 0.000000 11.127159 0.040875 0.000000 11.065847 
208000 1040.000000 -0.932864 0.960168 0.000000 12.017348 0.646857 0.000000 11.047062 
209000 1045.000000 -1.043629 0.875680 0.000000 11.503232 0.535414 0.000000 10.700111 
210000 1050.000000 -0.963702 0.611318 0.000000 9.201344 0.197444 0.000000 8.905178 
211000 1055.000000 -0.678184 1.266020 0.000000 12.272627 0.006657 0.000000 12.262642 
212000 1060.000000 -0.953072 0.831093 0.000000 11.962831 1.091430 0.000000 10.325686 
213000 1065.000000 -0.674742 1.273515 0.000000 12.876963 1.227915 0.000000 11.035091 
214000 1070.000000 -1.060651 0.739995 0.000000 11.361993 0.156189 0.000000 11.127709 
215000 1075.000000 -0.855869 1.116466 0.000000 11.930113 0.131377 0.000000 11.733048 
216000 1080.000000 -0.890745 1.100454 0.000000 12.286066 1.571580 0.000000 9.928696 
217000 1085.000000 -0.890205 0.981355 0.000000 11.975193 0.516323 0.000000 11.200708 
218000 1090.000000 -0.662475 1.178047 0.000000 11.124184 0.052722 0.000000 11.045101 
219000 1095.000000 -1.104854 0.681149 0.000000 10.815941 0.176395 0.000000 10.551349 
220000 1100.000000 -1.088099 0.821103 0.000000 12.283363 2.391869 0.000000 8.695559 
221000 1105.000000 -0.792581 1.047614 0.000000 11.569896 0.241076 0.000000 11.208282 
222000 1110.000000 -1.095672 0.824663 0.000000 11.187762 0.429511 0.000000 10.543496 
223000 1115.000000 -0.792274 1.220205 0.000000 12.292384 1.180995 0.000000 10.520892 
224000 1120.000000 -0.583330 1.281836 0.000000 11.450161 0.848362 0.000000 10.177618 
225000 1125.000000 -0.413583 1.473788 0.000000 8.622473 0.145513 0.000000 8.404204 
226000 1130.000000 -1.060788 0.683144 0.000000 11.385252 1.176937 0.000000 9.619847 
227000 1135.000000 -0.977665 0.868311 0.000000 11.826845 0.452603 0.000000 11.147940 
228000 1140.000000 -0.606592 1.345817 0.000000 11.925945 0.082920 0.000000 11.801566 
229000 1145.000000 -0.893187 0.742550 0.000000 10.590980 0.232744 0.000000 10.241865 
230000 1150.000000 -0.963563 0.804856 0.000000 11.607858 0.432515 0.000000 10.959085 
231000 1155.000000 -0.756145 0.584408 0.000000 8.210414 0.676448 0.000000 7.195742 
232000 1160.000000 -0.658039 1.254424 0.000000 14.072894 3.953021 0.000000 8.143363 
233000 1165.000000 -1.045061 0.895431 0.000000 11.301801 0.409431 0.000000 10.687655 
234000 1170.000000 -0.986438 0.922771 0.000000 12.515002 1.970882 0.000000 9.558678 
235000 1175.000000 -0.838032 1.050328 0.000000 12.062479 0.287313 0.000000 11.631509 
236000 1180.000000 -0.751952 1.179140 0.000000 12.882818 1.137609 0.000000 11.176405 
237000 1185.000000 -0.770779 0.653100 0.000000 9.630388 1.549203 0.000000 7.306584 
238000 1190.000000 -0.680413 0.733047 0.000000 9.154115 1.171462 0.000000 7.396923 
239000 1195.000000 -1.004493 0.796855 0.000000 11.590633 0.166877 0.000000 11.340317 
240000 1200.000000 -0.680573 1.310575 0.000000 14.080215 4.126077 0.000000 7.891099 
241000 1205.000000 -0.967824 0.987951 0.000000 11.631861 0.531567 0.000000 10.834510 
242000 1210.000000 -1.175727 0.777555 0.000000 10.274879 0.263833 0.000000 9.879129 
243000 1215.000000 -0.885422 1.030315 0.000000 11.907145 0.077101 0.000000 11.791494 
244000 1220.000000 -0.870226 0.650169 0.000000 10.026732 1.393167 0.000000 7.936981 
245000 1225.000000 -0.706823 1.188033 0.000000 12.090706 0.079263 0.000000 11.971812 
246000 1230.000000 -0.678823 1.365811 0.000000 11.063696 0.259979 0.000000 10.673728 
247000 1235.000000 -0.992373 0.744412 0.000000 11.927260 1.441603 0.000000 9.764855 
248000 1240.000000 -0.635120 1.270796 0.000000 12.459355 1.073297 0.000000 10.849410 
249000 1245.000000 -1.088999 0.803595 0.000000 12.105375 1.890067 0.000000 9.270274 
250000 1250.000000 -0.878307 0.998291 0.000000 11.793018 0.075322 0.000000 11.680036 
251000 1255.000000 -0.729051 1.203108 0.000000 14.260677 3.901442 0.000000 8.408515 
252000 1260.000000 -0.764004 1.269854 0.000000 11.450109 0.198961 0.000000 11.151667 
253000 1265.000000 -1.103994 0.620239 0.000000 10.212218 0.929832 0.000000 8.817469 
254000 1270.000000 -0.699195 1.121442 0.000000 10.941625 0.128517 0.000000 10.748849 
255000 1275.000000 -0.716626 1.243983 0.000000 12.371498 0.156200 0.000000 12.137198 
256000 1280.000000 -1.023818 0.773086 0.000000 11.478735 0.105837 0.000000 11.319980 
257000 1285.000000 -0.885796 0.698129 0.000000 10.116132 0.188507 0.000000 9.833371 
258000 1290.000000 -0.731670 1.179078 0.000000 12.900092 1.420376 0.000000 10.769529 
259000 1295.000000 -0.493342 1.392602 0.000000 10.322155 0.326086 0.000000 9.833026 
260000 1300.000000 -0.975655 0.977852 0.000000 11.588860 0.552518 0.000000 10.760083 
261000 1305.000000 -0.945035 0.756303 0.000000 11.076220 0.173996 0.000000 10.815226 
262000 1310.000000 -0.974760 0.923771 0.000000 11.643716 0.147629 0.000000 11.422272 
263000 1315.000000 -0.608775 1.220424 0.000000 11.153970 1.255449 0.000000 9.270797 
264000 1320.000000 -1.077241 0.811916 0.000000 11.888230 1.311984 0.000000 9.920254 
265000 1325.000000 -0.743260 1.205185 0.000000 12.966477 1.301749 0.000000 11.013853 
266000 1330.000000 -0.738454 1.189788 0.000000 12.840606 1.115101 0.000000 11.167955 
267000 1335.000000 -0.780761 0.768388 0.000000 9.719648 0.773365 0.000000 8.559600 
268000 1340.000000 -0.982826 0.641865 0.000000 10.042768 0.424425 0.000000 9.406130 
269000 1345.000000 -0.660827 1.218151 0.000000 12.204935 0.941190 0.000000 10.793150 
270000 1350.000000 -0.504251 1.408811 0.000000 12.002086 2.860035 0.000000 7.712033 
271000 1355.000000 -0.818636 1.236776 0.000000 10.799433 0.172132 0.000000 10.541234 
272000 1360.000000 -0.501946 1.379525 0.000000 10.350889 0.175229 0.000000 10.088045 
273000 1365.000000 -0.862930 1.053140 0.000000 12.149369 0.397504 0.000000 11.553113 
274000 1370.000000 -0.744214 1.328907 0.000000 11.004760 1.446345 0.000000 8.835242 
275000 1375.000000 -1.062330 0.920573 0.000000 10.912498 0.767399 0.000000 9.761399 
276000 1380.000000 -0.893525 0.817273 0.000000 11.749027 1.812284 0.000000 9.030601 
277000 1385.000000 -1.223900 0.653130 0.000000 9.870436 0.440218 0.000000 9.210110 
278000 1390.000000 -1.007601 0.840267 0.000000 11.596848 0.108084 0.000000 11.434722 
279000 1395.000000 -0.851215 1.098757 0.000000 12.196360 0.445456 0.000000 11.528175 
280000 1400.000000 -0.870753 1.103162 0.000000 11.881893 0.253383 0.000000 11.501818 
281000 1405.000000 -0.488045 1.453511 0.000000 11.207033 1.852038 0.000000 8.428976 
282000 1410.000000 -0.816883 0.633567 0.000000 8.887666 0.197352 0.000000 8.591638 
283000 1415.000000 -1.080992 0.756977 0.000000 11.344659 0.162179 0.000000 11.101391 
284000 1420.000000 -0.983518 0.800451 0.000000 11.535658 0.206873 0.000000 11.225349 
285000 1425.000000 -0.719477 1.288517 0.000000 12.011755 0.360822 0.000000 11.470522 
286000 1430.000000 -0.570015 1.333217 0.000000 11.410380 0.087752 0.000000 11.278752 
287000 1435.000000 -0.721070 1.288607 0.000000 13.146931 2.686563 0.000000 9.117087 
288000 1440.000000 -0.737608 1.158773 0.000000 12.275131 0.418891 0.000000 11.646795 
289000 1445.000000 -1.006192 0.948830 0.000000 11.172098 0.075032 0.000000 11.059550 
290000 1450.000000 -1.013477 0.806697 0.000000 11.656202 0.293545 0.000000 11.215885 
291000 1455.000000 -0.721009 1.173434 0.000000 12.375038 0.656921 0.000000 11.389656 
292000 1460.000000 -0.646253 1.270572 0.000000 12.211263 0.327533 0.000000 11.719963 
293000 1465.000000 -0.941009 0.916966 0.000000 11.636238 0.037104 0.000000 11.580582 
294000 1470.000000 -0.878730 1.058081 0.000000 12.433394 1.117117 0.000000 10.757719 
295000 1475.000000 -1.005558 0.829226 0.000000 11.814636 0.555950 0.000000 10.980712 
296000 1480.000000 -0.736959 1.075891 0.000000 11.058060 0.374193 0.000000 10.496771 
297000 1485.000000 -0.904410 1.015707 0.000000 11.793334 0.033588 0.000000 11.742953 
298000 1490.000000 -0.545516 1.489461 0.000000 10.308816 1.112080 0.000000 8.640696 
299000 1495.000000 -0.656972 1.284023 0.000000 12.917382 1.479746 0.000000 10.697763 
300000 1500.000000 -1.109022 0.789718 0.000000 10.999309 0.000679 0.000000 10.998291 
301000 1505.000000 -0.728101 1.194637 0.000000 12.262249 0.000959 0.000000 12.260811 
302000 1510.000000 -1.025424 0.866435 0.000000 11.487415 0.128150 0.000000 11.295189 
303000 1515.000000 -0.943025 0.870558 0.000000 11.637713 0.308670 0.000000 11.174708 
304000 1520.000000 -0.818921 1.166752 0.000000 11.919356 0.015791 0.000000 11.895669 
305000 1525.000000 -0.462153 1.259960 0.000000 6.030725 0.389028 0.000000 5.447183 
306000 1530.000000 -1.061208 0.799546 0.000000 11.446611 0.144939 0.000000 11.229203 
307000 1535.000000 -0.956193 0.883898 0.000000 12.257533 1.364857 0.000000 10.210248 
308000 1540.000000 -0.759259 1.020171 0.000000 11.066401 1.265333 0.000000 9.168401 
309000 1545.000000 -0.728345 1.210048 0.000000 12.931367 1.219314 0.000000 11.102396 
310000 1550.000000 -0.778426 1.089787 0.000000 11.818303 0.089167 0.000000 11.684553 
311000 1555.000000 -0.935621 1.017154 0.000000 12.655224 2.241212 0.000000 9.293406 
312000 1560.000000 -0.848557 1.007735 0.000000 12.222353 1.168868 0.000000 10.469050 
313000 1565.000000 -0.771742 1.103620 0.000000 12.240101 0.784189 0.000000 11.063817 
314000 1570.000000 -0.788384 0.826440 0.000000 10.146263 1.483124 0.000000 7.921577 
315000 1575.000000 -0.759027 1.038261 0.000000 11.159381 0.904579 0.000000 9.802512 
316000 1580.000000 -0.774112 1.183797 0.000000 12.406548 0.329197 0.000000 11.912753 
317000 1585.000000 -0.751433 0.603713 0.000000 9.510049 2.697705 0.000000 5.463492 
318000 1590.000000 -1.050589 0.856717 0.000000 11.613043 0.692899 0.000000 10.573695 
319000 1595.000000 -0.867641 0.967262 0.000000 11.488631 0.013758 0.000000 11.467994 
320000 1600.000000 -0.672741 0.674654 0.000000 8.792983 0.429168 0.000000 8.149230 
321000 1605.000000 -0.789847 0.622436 0.000000 8.719086 0.383471 0.000000 8.143879 
322000 1610.000000 -0.693226 1.252383 0.000000 12.572670 0.565291 0.000000 11.724734 
323000 1615.000000 -1.003784 0.828225 0.000000 12.356859 1.642573 0.000000 9.892999 
324000 1620.000000 -0.655132 1.285215 0.000000 13.108842 1.873299 0.000000 10.298893 
325000 1625.000000 -0.863689 0.889187 0.000000 10.858535 0.058295 0.000000 10.771093 
326000 1630.000000 -1.146660 0.688680 0.000000 11.093730 1.006038 0.000000 9.584674 
327000 1635.000000 -0.922349 0.936446 0.000000 11.726989 0.200750 0.000000 11.425864 
328000 1640.000000 -1.237329 0.702556 0.000000 10.080366 1.081007 0.000000 8.458856 
329000 1645.000000 -0.650135 1.252070 0.000000 13.100524 2.304588 0.000000 9.643642 
330000 1650.000000 -0.760692 1.215156 0.000000 12.284099 0.205013 0.000000 11.976580 
331000 1655.000000 -0.998670 0.968797 0.000000 11.110875 0.099684 0.000000 10.961349 
332000 1660.000000 -0.626121 1.257930 0.000000 13.284246 3.333862 0.000000 8.283453 
333000 1665.000000 -0.867757 1.199522 0.000000 10.471997 0.608743 0.000000 9.558882 
334000 1670.000000 -0.705274 1.184383 0.000000 12.231527 0.533487 0.000000 11.431296 
335000 1675.000000 -0.996313 0.914059 0.000000 11.452702 0.011393 0.000000 11.435613 
336000 1680.000000 -0.207157 0.539233 0.000000 7.563638 0.914087 0.000000 6.192507 
337000 1685.000000 -0.901693 1.097291 0.000000 12.133396 1.631883 0.000000 9.685571 
338000 1690.000000 -0.769453 1.100231 0.000000 11.820898 0.074975 0.000000 11.708436 
339000 1695.000000 -0.876605 1.056867 0.000000 12.332133 0.893455 0.000000 10.991950 
340000 1700.000000 -1.057481 0.799308 0.000000 11.395364 0.017234 0.000000 11.369513 
341000 1705.000000 -0.682769 1.248255 0.000000 12.355954 0.229376 0.000000 12.011890 
342000 1710.000000 -0.976845 0.897669 0.000000 12.351513 1.542595 0.000000 10.037620 
343000 1715.000000 -0.851703 1.027760 0.000000 12.718197 1.833259 0.000000 9.968308 
344000 1720.000000 -0.447067 1.384174 0.000000 9.380303 1.883579 0.000000 6.554935 
345000 1725.000000 -1.003900 0.997808 0.000000 10.701926 0.193975 0.000000 10.410963 
346000 1730.000000 -0.762584 1.288115 0.000000 11.562270 1.256801 0.000000 9.677068 
347000 1735.000000 -0.714703 1.241353 0.000000 12.638133 0.674084 0.000000 11.627007 
348000 1740.000000 -1.009344 0.981335 0.000000 11.227879 1.006740 0.000000 9.717769 
349000 1745.000000 -1.062175 0.790406 0.000000 11.425899 0.122932 0.000000 11.241502 
350000 1750.000000 -1.013916 0.729272 0.000000 11.372658 0.447088 0.000000 10.702026 
351000 1755.000000 -1.080379 0.729752 0.000000 12.169826 2.016647 0.000000 9.144856 
352000 1760.000000 -0.848310 1.117698 0.000000 11.944523 0.052450 0.000000 11.865848 
353000 1765.000000 -0.738958 1.301077 0.000000 11.684895 0.967324 0.000000 10.233909 
354000 1770.000000 -0.712387 1.201072 0.000000 12.822620 1.251739 0.000000 10.945012 
355000 1775.000000 -0.838186 1.059413 0.000000 12.253545 0.637731 0.000000 11.296948 
356000 1780.000000 -0.873194 0.932289 0.000000 11.664091 0.808654 0.000000 10.451110 
357000 1785.000000 -0.890329 1.051191 0.000000 12.543134 1.455391 0.000000 10.360047 
358000 1790.000000 -0.614151 1.371999 0.000000 11.674185 0.037565 0.000000 11.617838 
359000 1795.000000 -0.641915 1.298931 0.000000 13.759780 3.297154 0.000000 8.814050 
360000 1800.000000 -0.854763 0.914922 0.000000 11.184408 0.572193 0.000000 10.326118 
361000 1805.000000 -0.764232 1.111160 0.000000 12.154316 0.601127 0.000000 11.252625 
362000 1810.000000 -0.789220 1.167938 0.000000 12.421282 0.437685 0.000000 11.764754 
363000 1815.000000 -0.857715 0.983770 0.000000 12.417382 1.789028 0.000000 9.733840 
364000 1820.000000 -0.686974 1.272812 0.000000 12.957946 1.403763 0.000000 10.852302 
365000 1825.000000 -0.820031 1.108964 0.000000 12.251814 0.280971 0.000000 11.830358 
366000 1830.000000 -1.007582 0.806963 0.000000 11.774224 0.533656 0.000000 10.973739 
367000 1835.000000 -0.965281 1.092903 0.000000 10.434269 1.269192 0.000000 8.530482 
368000 1840.000000 -0.676016 1.277414 0.000000 13.380119 2.263163 0.000000 9.985373 
369000 1845.000000 -0.832076 1.079609 0.000000 13.520916 2.973860 0.000000 9.060126 
370000 1850.000000 -0.896119 0.971022 0.000000 11.896569 0.413966 0.000000 11.275620 
371000 1855.000000 -1.110796 0.719621 0.000000 11.117752 0.231291 0.000000 10.770816 
372000 1860.000000 -0.917832 1.056099 0.000000 12.526343 2.061609 0.000000 9.433930 
373000 1865.000000 -0.739145 1.185010 0.000000 12.479543 0.403359 0.000000 11.874505 
374000 1870.000000 -0.884608 0.897968 0.000000 11.294780 0.270069 0.000000 10.889676 
375000 1875.000000 -0.629192 1.339018 0.000000 12.259532 0.608362 0.000000 11.346990 
376000 1880.000000 -0.894115 0.776318 0.000000 11.520611 1.724837 0.000000 8.933356 
377000 1885.000000 -0.711351 1.242708 0.000000 13.009021 1.363892 0.000000 10.963184 
378000 1890.000000 -0.991197 0.821549 0.000000 11.838128 0.603786 0.000000 10.932448 
379000 1895.000000 -1.081282 0.652245 0.000000 10.391387 0.071089 0.000000 10.284753 
380000 1900.000000 -0.675563 1.139549 0.000000 11.156929 0.983590 0.000000 9.681545 
381000 1905.000000 -0.762079 1.203544 0.000000 12.806621 1.084953 0.000000 11.179191 
382000 1910.000000 -0.943140 0.955221 0.000000 13.299312 3.221046 0.000000 8.467744 
383000 1915.000000 -0.679975 0.576762 0.000000 8.331288 1.175867 0.000000 6.567487 
384000 1920.000000 -1.013271 0.867613 0.000000 11.653858 0.265806 0.000000 11.255150 
385000 1925.000000 -1.060929 0.710061 0.000000 11.132143 0.094548 0.000000 10.990321 
386000 1930.000000 -0.914010 0.978538 0.000000 12.234510 0.905266 0.000000 10.876611 
387000 1935.000000 -0.951404 1.210127 0.000000 7.597245 2.320097 0.000000 4.117100 
388000 1940.000000 -0.631960 1.286199 0.000000 12.108706 0.154993 0.000000 11.876216 
389000 1945.000000 -0.777945 1.169841 0.000000 14.061781 3.531412 0.000000 8.764663 
390000 1950.000000 -1.035494 0.777301 0.000000 11.559932 0.141195 0.000000 11.348139 
391000 1955.000000 -0.812972 1.077545 0.000000 12.231591 0.457243 0.000000 11.545726 
392000 1960.000000 -0.827202 1.121591 0.000000 13.781662 3.289469 0.000000 8.847459 
393000 1965.000000 -0.941521 0.916678 0.000000 12.155668 0.977506 0.000000 10.689409 
394000 1970.000000 -0.680755 1.237565 0.000000 12.423439 0.392418 0.000000 11.834812 
395000 1975.000000 -1.046323 0.917303 0.000000 10.942500 0.128793 0.000000 10.749310 
396000 1980.000000 -1.159357 0.615452 0.000000 9.645372 0.004123 0.000000 9.639188 
397000 1985.000000 -0.715334 1.061788 0.000000 10.801222 1.241482 0.000000 8.938999 
398000 1990.000000 -0.680461 1.192684 0.000000 11.923137 0.288565 0.000000 11.490289 
399000 1995.000000 -0.964536 0.983460 0.000000 11.854566 0.752480 0.000000 10.725847 
400000 2000.000000 -0.751862 1.249766 0.000000 12.278257 0.560836 0.000000 11.437002 
401000 2005.000000 -0.991499 0.865423 0.000000 12.019211 0.767432 0.000000 10.868062 
402000 2010.000000 -0.550567 1.255204 0.000000 9.617985 0.275038 0.000000 9.205428 
403000 2015.000000 -0.832746 1.075207 0.000000 12.799292 1.446850 0.000000 10.629017 
404000 2020.000000 -0.554697 1.437418 0.000000 11.139339 0.360184 0.000000 10.599064 
405000 2025.000000 -1.102990 0.667875 0.000000 10.857003 0.452375 0.000000 10.178440 
406000 2030.000000 -0.769218 0.748375 0.000000 9.483007 0.373089 0.000000 8.923373 
407000 2035.000000 -0.890733 1.050987 0.000000 12.028839 0.288610 0.000000 11.595924 
408000 2040.000000 -0.760290 1.135899 0.000000 12.929911 1.582386 0.000000 10.556332 
409000 2045.000000 -0.544805 1.379949 0.000000 11.298577 0.041706 0.000000 11.236019 
410000 2050.000000 -0.955064 1.042008 0.000000 12.185570 2.216478 0.000000 8.860853 
411000 2055.000000 -1.097287 0.865603 0.000000 11.695484 2.130389 0.000000 8.499901 
412000 2060.000000 -0.728741 0.654947 0.000000 9.968734 2.444466 0.000000 6.302035 
413000 2065.000000 -0.829620 0.988308 0.000000 11.668941 0.699065 0.000000 10.620343 
414000 2070.000000 -1.027184 0.889829 0.000000 11.398541 0.034517 0.000000 11.346766 
415000 2075.000000 -0.593129 1.383876 0.000000 11.839724 0.396446 0.000000 11.245055 
416000 2080.000000 -0.705121 1.180913 0.000000 12.612146 1.206216 0.000000 10.802822 
417000 2085.000000 -1.011624 0.731108 0.000000 11.403000 0.325088 0.000000 10.915368 
418000 2090.000000 -0.701252 1.116610 0.000000 11.737994 1.671775 0.000000 9.230331 
419000 2095.000000 -0.826594 1.124377 0.000000 12.437552 0.549542 0.000000 11.613240 
420000 2100.000000 -0.882953 1.051408 0.000000 12.622987 1.368214 0.000000 10.570666 
421000 2105.000000 -0.717716 1.242838 0.000000 13.615302 2.469221 0.000000 9.911471 
422000 2110.000000 -0.848830 1.108071 0.000000 12.597976 1.100998 0.000000 10.946479 
423000 2115.000000 -0.992623 0.883189 0.000000 12.643283 2.018305 0.000000 9.615826 
424000 2120.000000 -0.856820 0.649386 0.000000 10.059208 1.511938 0.000000 7.791302 
425000 2125.000000 -0.671544 1.214431 0.000000 12.055334 0.246520 0.000000 11.685554 
426000 2130.000000 -0.961683 0.932234 0.000000 11.761268 0.147125 0.000000 11.540581 
427000 2135.000000 -0.652867 1.318938 0.000000 12.288968 0.293186 0.000000 11.849189 
428000 2140.000000 -1.059692 0.635315 0.000000 11.082714 2.018239 0.000000 8.055356 
429000 2145.000000 -1.009326 0.621954 0.000000 9.982388 0.732549 0.000000 8.883565 
430000 2150.000000 -0.826592 1.106688 0.000000 13.895185 3.460339 0.000000 8.704677 
431000 2155.000000 -0.810297 1.166205 0.000000 12.324562 0.442284 0.000000 11.661136 
432000 2160.000000 -0.626076 1.474569 0.000000 8.805046 0.601510 0.000000 7.902782 
433000 2165.000000 -0.729069 1.271309 0.000000 12.387584 0.716360 0.000000 11.313044 
434000 2170.000000 -0.933797 0.906003 0.000000 11.742688 0.185537 0.000000 11.464383 
435000 2175.000000 -0.928433 0.956324 0.000000 11.898945 0.260364 0.000000 11.508399 
436000 2180.000000 -0.839643 0.914188 0.000000 12.076930 2.654573 0.000000 8.095071 
437000 2185.000000 -0.841615 1.159546 0.000000 12.393297 1.324756 0.000000 10.406164 
438000 2190.000000 -1.036884 0.901008 0.000000 13.108331 3.790951 0.000000 7.421905 
439000 2195.000000 -0.694478 1.261765 0.000000 12.525735 0.314563 0.000000 12.053891 
440000 2200.000000 -0.779340 1.135899 0.000000 12.684189 0.837906 0.000000 11.427330 
441000 2205.000000 -0.586987 1.350279 0.000000 11.811989 0.038352 0.000000 11.754461 
442000 2210.000000 -1.166656 0.793566 0.000000 10.383031 0.330311 0.000000 9.887565 
443000 2215.000000 -0.774076 0.719953 0.000000 10.642949 2.625395 0.000000 6.704858 
444000 2220.000000 -0.992268 0.809281 0.000000 12.889858 2.612204 0.000000 8.971553 
445000 2225.000000 -0.677128 1.360976 0.000000 12.320939 2.290521 0.000000 8.885157 
446000 2230.000000 -0.571533 1.386786 0.000000 11.816400 0.484586 0.000000 11.089521 
447000 2235.000000 -0.995750 0.756114 0.000000 12.977324 3.185296 0.000000 8.199379 
448000 2240.000000 -0.756693 1.187401 0.000000 13.480900 2.161713 0.000000 10.238332 
449000 2245.000000 -1.033359 0.714275 0.000000 12.521761 2.687460 0.000000 8.490570 
450000 2250.000000 -1.056051 0.880797 0.000000 11.426337 0.559107 0.000000 10.587677 
451000 2255.000000 -1.065789 0.895399 0.000000 11.700724 1.675215 0.000000 9.187902 
452000 2260.000000 -0.732689 1.167941 0.000000 12.267617 0.101304 0.000000 12.115661 
453000 2265.000000 -1.094994 0.945236 0.000000 10.204330 1.574318 0.000000 7.842853 
454000 2270.000000 -0.626471 1.354503 0.000000 12.559480 1.283622 0.000000 10.634047 
455000 2275.000000 -1.100897 0.746556 0.000000 11.742976 1.022346 0.000000 10.209457 
456000 2280.000000 -0.924075 0.853839 0.000000 11.645640 0.444551 0.000000 10.978814 
457000 2285.000000 -0.621737 1.384144 0.000000 11.905870 0.723891 0.000000 10.820034 
458000 2290.000000 -1.053913 0.690236 0.000000 11.220046 0.483669 0.000000 10.494543 
459000 2295.000000 -0.949586 1.019055 0.000000 12.517342 2.107501 0.000000 9.356091 
460000 2300.000000 -0.816694 1.125347 0.000000 13.010118 1.508711 0.000000 10.747052 
461000 2305.000000 -0.670905 1.199219 0.000000 12.161372 0.821599 0.000000 10.928974 
462000 2310.000000 -0.861434 0.983833 0.000000 11.809968 0.274853 0.000000 11.397688 
463000 2315.000000 -0.633260 1.331364 0.000000 12.502785 0.755080 0.000000 11.370165 
464000 2320.000000 -0.917282 1.071963 0.000000 11.730306 0.523879 0.000000 10.944487 
465000 2325.000000 -0.678712 1.322267 0.000000 12.392453 0.837957 0.000000 11.135517 
466000 2330.000000 -1.218205 0.532590 0.000000 7.645022 0.303840 0.000000 7.189263 
467000 2335.000000 -0.816206 1.063263 0.000000 15.587684 7.215427 0.000000 4.764543 
468000 2340.000000 -0.658463 1.233123 0.000000 13.578665 3.175983 0.000000 8.814690 
469000 2345.000000 -0.864388 1.001361 0.000000 12.178263 0.713917 0.000000 11.107387 
470000 2350.000000 -0.755560 1.176604 0.000000 12.683152 0.571214 0.000000 11.826331 
471000 2355.000000 -0.488849 1.394966 0.000000 10.298560 0.228576 0.000000 9.955696 
472000 2360.000000 -0.555418 1.332105 0.000000 11.508400 0.674900 0.000000 10.496051 
473000 2365.000000 -0.959459 1.018284 0.000000 12.269062 1.908366 0.000000 9.406513 
474000 2370.000000 -0.821825 1.085153 0.000000 13.201472 2.090845 0.000000 10.065204 
475000 2375.000000 -0.971000 0.979312 0.000000 11.784607 0.621146 0.000000 10.852888 
476000 2380.000000 -0.925104 1.079850 0.000000 11.441649 0.476655 0.000000 10.726666 
477000 2385.000000 -0.927706 0.796495 0.000000 11.977963 1.613744 0.000000 9.557347 
478000 2390.000000 -0.958614 0.994247 0.000000 11.676238 0.313637 0.000000 11.205783 
479000 2395.000000 -0.879011 1.128305 0.000000 11.976269 1.020442 0.000000 10.445606 
480000 2400.000000 -1.070971 0.802660 0.000000 11.837172 0.839588 0.000000 10.577790 
481000 2405.000000 -1.108256 0.863859 0.000000 10.718235 0.470011 0.000000 10.013219 
482000 2410.000000 -1.083904 0.896572 0.000000 10.611918 0.184627 0.000000 10.334978 
483000 2415.000000 -0.601962 1.325947 0.000000 12.349214 0.847885 0.000000 11.077387 
484000 2420.000000 -0.759110 0.876754 0.000000 9.142352 0.132399 0.000000 8.943753 
485000 2425.000000 -0.751413 1.326350 0.000000 10.261352 0.059229 0.000000 10.172509 
486000 2430.000000 -0.972277 0.696116 0.000000 10.906422 0.342951 0.000000 10.391995 
487000 2435.000000 -0.898474 0.818963 0.000000 11.058270 0.124828 0.000000 10.871028 
488000 2440.000000 -0.579687 1.392201 0.000000 11.615883 0.052956 0.000000 11.536449 
489000 2445.000000 -0.932021 0.747580 0.000000 11.125433 0.364445 0.000000 10.578766 
490000 2450.000000 -0.721089 1.243730 0.000000 12.675541 0.564424 0.000000 11.828906 
491000 2455.000000 -0.668097 1.356435 0.000000 11.669125 0.379376 0.000000 11.100061 
492000 2460.000000 -0.778860 1.124683 0.000000 12.776289 1.111146 0.000000 11.109569 
493000 2465.000000 -0.970419 1.008624 0.000000 11.586479 0.710731 0.000000 10.520382 
494000 2470.000000 -0.719465 1.128505 0.000000 12.051073 1.024423 0.000000 10.514438 
495000 2475.000000 -0.900886 0.989521 0.000000 12.731642 1.711677 0.000000 10.164126 
496000 2480.000000 -1.115691 0.877257 0.000000 10.485110 0.660266 0.000000 9.494711 
497000 2485.000000 -0.741849 1.134665 0.000000 12.197740 0.414021 0.000000 11.576709 
498000 2490.000000 -0.607813 1.280352 0.000000 12.307051 1.267504 0.000000 10.405795 
499000 2495.000000 -0.825391 1.142305 0.000000 12.323077 0.343640 0.000000 11.807617 
