0 0.000000 -0.693111 1.408420 0.000000 0.137370 0.091580 0.000000 0.000000 
0 0.000000 -0.691060 1.408321 0.000000 0.281487 0.242511 0.000000 -0.082279 
1000 5.000000 -0.864185 0.468128 0.000000 5.490783 2.914852 0.000000 1.118504 
2000 10.000000 -0.610338 0.838990 0.000000 3.746313 0.190014 0.000000 3.461292 
3000 15.000000 -0.832046 0.490008 0.000000 5.419366 1.837227 0.000000 2.663525 
4000 20.000000 -0.770875 0.602430 0.000000 5.529096 0.380475 0.000000 4.958384 
5000 25.000000 -0.666274 0.493033 0.000000 3.821082 1.927287 0.000000 0.930151 
6000 30.000000 -0.798083 0.534916 0.000000 5.662656 1.269345 0.000000 3.758638 
7000 35.000000 -0.745731 0.619176 0.000000 5.539730 0.503397 0.000000 4.784635 
8000 40.000000 -0.733927 0.678252 0.000000 6.211041 2.143876 0.000000 2.995227 
9000 45.000000 -0.768605 0.816188 0.000000 3.383322 0.077279 0.000000 3.267403 
10000 50.000000 -0.927717 0.451509 0.000000 3.392028 0.746152 0.000000 2.272801 
11000 55.000000 -0.847031 0.768704 0.000000 4.099036 1.455733 0.000000 1.915437 
12000 60.000000 -0.664294 0.602595 0.000000 5.109766 1.748540 0.000000 2.486955 
13000 65.000000 -0.836377 0.667920 0.000000 4.686894 0.360442 0.000000 4.146231 
14000 70.000000 -0.598101 0.650994 0.000000 3.048827 0.056189 0.000000 2.964543 
15000 75.000000 -0.885640 0.457852 0.000000 4.579474 1.790900 0.000000 1.893123 
16000 80.000000 -0.749417 0.637345 0.000000 5.547734 0.508379 0.000000 4.785166 
17000 85.000000 -0.916999 0.581963 0.000000 4.862871 2.285857 0.000000 1.434085 
18000 90.000000 -0.601523 0.840820 0.000000 3.719430 0.237653 0.000000 3.362951 
19000 95.000000 -0.649176 0.750857 0.000000 4.487636 0.234594 0.000000 4.135745 
20000 100.000000 -0.652262 0.687637 0.000000 5.453808 2.212979 0.000000 2.134340 
21000 105.000000 -0.614965 0.612207 0.000000 3.599035 0.752653 0.000000 2.470056 
22000 110.000000 -0.814376 0.608298 0.000000 5.433654 0.641282 0.000000 4.471731 
23000 115.000000 -0.757944 0.668896 0.000000 5.183183 0.067436 0.000000 5.082029 
24000 120.000000 -0.680323 0.754285 0.000000 4.598147 0.075780 0.000000 4.484477 
25000 125.000000 -0.682703 0.579618 0.000000 4.538229 0.325592 0.000000 4.049841 
26000 130.000000 -0.718125 0.558792 0.000000 5.245431 1.088618 0.000000 3.612503 
27000 135.000000 -0.737096 0.704871 0.000000 4.982383 0.054579 0.000000 4.900514 
28000 140.000000 -0.654682 0.663708 0.000000 4.321056 0.028366 0.000000 4.278507 
29000 145.000000 -0.703049 0.535354 0.000000 4.442997 0.449361 0.000000 3.768954 
30000 150.000000 -0.907527 0.636980 0.000000 3.691618 0.099164 0.000000 3.542871 
31000 155.000000 -0.756148 0.777874 0.000000 4.561477 1.089068 0.000000 2.927875 
32000 160.000000 -0.637485 0.883370 0.000000 3.330847 1.376210 0.000000 1.266533 
33000 165.000000 -0.682947 0.403120 0.000000 0.806360 0.071876 0.000000 0.698546 
34000 170.000000 -0.608063 1.463994 0.000000 1.321815 0.301260 0.000000 0.869925 
35000 175.000000 -0.977751 0.538696 0.000000 2.549077 0.161729 0.000000 2.306484 
36000 180.000000 -0.803751 0.694163 0.000000 5.986956 2.730187 0.000000 1.891676 
37000 185.000000 -0.701915 0.733809 0.000000 5.951536 2.401692 0.000000 2.348998 
38000 190.000000 -0.859414 0.541631 0.000000 5.453882 1.628835 0.000000 3.010629 
39000 195.000000 -0.718443 0.494639 0.000000 4.023300 0.462231 0.000000 3.329954 
40000 200.000000 -0.729716 0.666292 0.000000 5.373493 0.457590 0.000000 4.687108 
41000 205.000000 -0.707948 0.474948 0.000000 3.534195 0.628743 0.000000 2.591081 
42000 210.000000 -0.747308 0.595051 0.000000 5.683016 0.918884 0.000000 4.304691 
43000 215.000000 -0.852023 0.591014 0.000000 4.778280 0.092915 0.000000 4.638908 
44000 220.000000 -0.729290 0.697722 0.000000 5.685635 1.365026 0.000000 3.638097 
45000 225.000000 -0.755359 0.525557 0.000000 5.585726 1.726204 0.000000 2.996420 
46000 230.000000 -0.683015 0.785477 0.000000 4.363471 0.173155 0.000000 4.103739 
47000 235.000000 -0.777433 0.593111 0.000000 5.937537 1.307203 0.000000 3.976733 
48000 240.000000 -0.893818 0.686214 0.000000 3.700115 0.355629 0.000000 3.166671 
49000 245.000000 -0.699025 0.699541 0.000000 5.187581 0.605532 0.000000 4.279284 
50000 250.000000 -0.528873 0.849725 0.000000 3.156853 0.727390 0.000000 2.065768 
51000 255.000000 -0.963921 0.602626 0.000000 3.745991 2.025598 0.000000 0.707594 
52000 260.000000 -0.869761 0.559103 0.000000 4.685453 0.348860 0.000000 4.162163 
53000 265.000000 -0.667980 0.743259 0.000000 5.335907 1.603800 0.000000 2.930208 
54000 270.000000 -0.648308 0.738911 0.000000 4.444570 0.217999 0.000000 4.117572 
55000 275.000000 -0.737319 0.697466 0.000000 5.505083 1.024606 0.000000 3.968174 
56000 280.000000 -0.704142 0.646421 0.000000 5.783009 1.609854 0.000000 3.368229 
57000 285.000000 -0.871037 0.685388 0.000000 4.558849 1.421919 0.000000 2.425970 
58000 290.000000 -0.673498 0.766254 0.000000 5.002699 1.108514 0.000000 3.339928 
59000 295.000000 -0.656229 0.645145 0.000000 4.283028 0.019507 0.000000 4.253767 
60000 300.000000 -0.820426 0.535833 0.000000 5.181040 0.459506 0.000000 4.491780 
61000 305.000000 -0.766595 0.709436 0.000000 5.506091 1.452183 0.000000 3.327817 
62000 310.000000 -0.879684 0.681900 0.000000 4.815870 2.092247 0.000000 1.677500 
63000 315.000000 -0.730590 0.436633 0.000000 2.897786 0.476415 0.000000 2.183163 
64000 320.000000 -0.725048 0.651626 0.000000 5.281514 0.231329 0.000000 4.934521 
65000 325.000000 -0.796328 0.592599 0.000000 5.497647 0.508941 0.000000 4.734235 
66000 330.000000 -0.842134 0.535190 0.000000 4.971247 0.338709 0.000000 4.463184 
67000 335.000000 -0.733341 0.477955 0.000000 3.817307 0.266276 0.000000 3.417893 
68000 340.000000 -0.771161 0.640159 0.000000 5.516290 0.533077 0.000000 4.716675 
69000 345.000000 -0.722023 0.564959 0.000000 5.201308 0.760290 0.000000 4.060873 
70000 350.000000 -0.793382 0.675843 0.000000 5.488807 1.200778 0.000000 3.687640 
71000 355.000000 -0.776165 0.700813 0.000000 4.818344 0.060319 0.000000 4.727866 
72000 360.000000 -0.889495 0.448491 0.000000 3.661504 0.355385 0.000000 3.128427 
73000 365.000000 -0.768802 1.350044 0.000000 -0.737258 1.055886 0.000000 -2.321088 
74000 370.000000 -0.836790 0.774935 0.000000 3.601493 0.510837 0.000000 2.835238 
75000 375.000000 -0.614743 0.748995 0.000000 4.367539 1.095996 0.000000 2.723545 
76000 380.000000 -0.732579 0.661720 0.000000 6.284698 2.266595 0.000000 2.884806 
77000 385.000000 -0.779251 0.555877 0.000000 5.639101 1.031406 0.000000 4.091993 
78000 390.000000 -0.601020 0.731337 0.000000 3.716149 0.549402 0.000000 2.892046 
79000 395.000000 -0.717588 0.669490 0.000000 6.365118 2.591034 0.000000 2.478567 
80000 400.000000 -0.639985 0.734226 0.000000 4.219419 0.018111 0.000000 4.192253 
81000 405.000000 -0.794688 0.597203 0.000000 5.398023 0.337983 0.000000 4.891049 
82000 410.000000 -0.767642 0.609043 0.000000 5.538812 0.507895 0.000000 4.776970 
83000 415.000000 -0.603937 0.860367 0.000000 3.291797 0.041041 0.000000 3.230236 
84000 420.000000 -0.865277 0.573926 0.000000 4.645525 0.164663 0.000000 4.398530 
85000 425.000000 -0.716197 0.771409 0.000000 4.697436 0.723256 0.000000 3.612552 
86000 430.000000 -0.830567 0.637587 0.000000 5.331457 1.126684 0.000000 3.641430 
87000 435.000000 -0.707549 0.700993 0.000000 4.952575 0.061875 0.000000 4.859762 
88000 440.000000 -0.811620 0.724140 0.000000 5.218130 2.077760 0.000000 2.101490 
89000 445.000000 -0.698059 0.536808 0.000000 5.772202 3.277781 0.000000 0.855531 
90000 450.000000 -0.819135 0.530821 0.000000 5.825051 1.871905 0.000000 3.017193 
91000 455.000000 -0.788687 0.656786 0.000000 5.137043 0.204827 0.000000 4.829803 
92000 460.000000 -0.732320 0.588544 0.000000 5.526727 0.907916 0.000000 4.164853 
93000 465.000000 -0.808043 0.860368 0.000000 3.165034 1.512824 0.000000 0.895798 
94000 470.000000 -0.935010 0.570651 0.000000 3.438208 0.195567 0.000000 3.144857 
95000 475.000000 -0.795170 0.534232 0.000000 5.354858 0.762938 0.000000 4.210450 
96000 480.000000 -0.749926 0.639666 0.000000 6.072675 1.675091 0.000000 3.560038 
97000 485.000000 -0.732207 0.643542 0.000000 5.587706 0.828036 0.000000 4.345653 
98000 490.000000 -0.790203 0.583600 0.000000 5.463210 0.477495 0.000000 4.746967 
99000 495.000000 -0.507214 0.788390 0.000000 1.823622 0.959820 0.000000 0.383892 
100000 500.000000 -0.889377 0.404557 0.000000 3.266514 1.062978 0.000000 1.672047 
101000 505.000000 -0.747244 0.540899 0.000000 4.875845 0.156815 0.000000 4.640623 
102000 510.000000 -0.632745 0.858405 0.000000 3.479831 0.546600 0.000000 2.659931 
103000 515.000000 -0.661590 0.711834 0.000000 4.762136 0.586357 0.000000 3.882600 
104000 520.000000 -0.804323 0.636375 0.000000 5.793986 1.546076 0.000000 3.474873 
105000 525.000000 -0.684637 0.513804 0.000000 3.823736 0.584895 0.000000 2.946393 
106000 530.000000 -0.710401 0.645860 0.000000 5.212723 0.414102 0.000000 4.591571 
107000 535.000000 -0.834018 0.544143 0.000000 5.038786 0.365686 0.000000 4.490257 
108000 540.000000 -0.729402 0.640519 0.000000 5.187741 0.085086 0.000000 5.060111 
109000 545.000000 -0.802860 0.634266 0.000000 5.865262 1.642494 0.000000 3.401521 
110000 550.000000 -0.693064 0.507702 0.000000 3.670197 0.196571 0.000000 3.375341 
111000 555.000000 -0.983243 0.829035 0.000000 1.770189 0.484590 0.000000 1.043303 
112000 560.000000 -0.695486 0.836971 0.000000 3.480934 0.276207 0.000000 3.066623 
113000 565.000000 -0.742349 0.741574 0.000000 5.643445 2.208851 0.000000 2.330169 
114000 570.000000 -0.783539 0.724206 0.000000 5.345162 1.817305 0.000000 2.619205 
115000 575.000000 -0.776252 0.721623 0.000000 5.115714 1.165208 0.000000 3.367902 
116000 580.000000 -0.638760 0.918521 0.000000 2.266663 1.298604 0.000000 0.318757 
117000 585.000000 -0.889759 0.663865 0.000000 4.687079 1.953663 0.000000 1.756584 
118000 590.000000 -0.805449 0.525135 0.000000 5.133069 0.553752 0.000000 4.302442 
119000 595.000000 -0.707866 0.719303 0.000000 5.120259 0.641603 0.000000 4.157856 
120000 600.000000 -0.588922 0.726317 0.000000 3.097464 0.036080 0.000000 3.043344 
121000 605.000000 -0.705424 0.605108 0.000000 5.648043 1.636602 0.000000 3.193140 
122000 610.000000 -0.822478 0.570036 0.000000 5.513408 0.998454 0.000000 4.015727 
123000 615.000000 -0.757334 0.593965 0.000000 5.602816 0.771507 0.000000 4.445556 
124000 620.000000 -0.812473 0.674307 0.000000 5.114256 0.910255 0.000000 3.748875 
125000 625.000000 -0.716104 0.666736 0.000000 6.003504 1.937646 0.000000 3.097035 
126000 630.000000 -0.487505 0.860207 0.000000 2.049717 0.182773 0.000000 1.775558 
127000 635.000000 -0.834145 0.560662 0.000000 5.252651 0.720194 0.000000 4.172360 
128000 640.000000 -0.778702 0.519575 0.000000 4.845949 0.200312 0.000000 4.545481 
129000 645.000000 -0.641261 0.828399 0.000000 4.094132 0.766629 0.000000 2.944189 
130000 650.000000 -0.831386 0.680286 0.000000 4.397384 0.046628 0.000000 4.327442 
131000 655.000000 -0.767138 0.725378 0.000000 4.860698 0.624755 0.000000 3.923565 
132000 660.000000 -0.513224 0.942032 0.000000 1.865233 0.704756 0.000000 0.808098 
133000 665.000000 -0.799929 0.683070 0.000000 7.318173 5.240666 0.000000 -0.542825 
134000 670.000000 -0.642907 0.810777 0.000000 4.403004 0.926178 0.000000 3.013737 
135000 675.000000 -0.762891 0.642167 0.000000 5.364599 0.332737 0.000000 4.865494 
136000 680.000000 -0.839687 0.630585 0.000000 4.885881 0.434900 0.000000 4.233531 
137000 685.000000 -0.859441 0.582808 0.000000 5.614080 2.015892 0.000000 2.590241 
138000 690.000000 -0.752619 0.623785 0.000000 5.881310 1.277161 0.000000 3.965569 
139000 695.000000 -0.709458 0.598787 0.000000 5.310482 0.907344 0.000000 3.949466 
140000 700.000000 -0.834420 0.572516 0.000000 5.274366 0.720560 0.000000 4.193526 
141000 705.000000 -0.696700 0.690030 0.000000 5.236825 0.740039 0.000000 4.126767 
142000 710.000000 -0.848568 0.511034 0.000000 5.501790 1.912465 0.000000 2.633092 
143000 715.000000 -0.737204 0.711391 0.000000 4.972694 0.212018 0.000000 4.654666 
144000 720.000000 -0.766541 0.667631 0.000000 6.762912 3.352610 0.000000 1.733998 
145000 725.000000 -0.826424 0.594800 0.000000 5.084515 0.191440 0.000000 4.797355 
146000 730.000000 -0.471606 0.892394 0.000000 2.228261 0.402913 0.000000 1.623891 
147000 735.000000 -0.889358 0.505239 0.000000 4.229807 0.390414 0.000000 3.644185 
148000 740.000000 -0.803092 0.693045 0.000000 4.614236 0.017073 0.000000 4.588627 
149000 745.000000 -0.871282 0.482377 0.000000 6.007355 3.867517 0.000000 0.206080 
150000 750.000000 -0.760848 0.703838 0.000000 5.596830 1.514299 0.000000 3.325381 
151000 755.000000 -0.782561 0.428155 0.000000 3.165407 0.155984 0.000000 2.931431 
152000 760.000000 -0.753475 0.474275 0.000000 3.992790 0.306415 0.000000 3.533167 
153000 765.000000 -0.759640 0.424523 0.000000 3.562642 1.649619 0.000000 1.088214 
154000 770.000000 -0.938336 0.795668 0.000000 2.665026 0.734034 0.000000 1.563975 
155000 775.000000 -0.743559 0.480811 0.000000 3.879408 0.025377 0.000000 3.841342 
156000 780.000000 -0.824055 0.622011 0.000000 4.993212 0.101818 0.000000 4.840486 
157000 785.000000 -0.756720 0.652879 0.000000 5.477133 0.514217 0.000000 4.705807 
158000 790.000000 -1.026191 0.528978 0.000000 2.354029 1.957332 0.000000 -0.581968 
159000 795.000000 -0.603315 0.705325 0.000000 3.513898 0.296066 0.000000 3.069798 
160000 800.000000 -0.894460 0.548434 0.000000 5.114992 1.986757 0.000000 2.134856 
161000 805.000000 -0.824651 0.477320 0.000000 4.476303 0.336049 0.000000 3.972230 
162000 810.000000 -0.616911 0.594079 0.000000 3.401169 0.543222 0.000000 2.586336 
163000 815.000000 -0.901931 0.538977 0.000000 4.287403 0.605059 0.000000 3.379815 
164000 820.000000 -0.706475 0.634246 0.000000 6.294188 2.593157 0.000000 2.404452 
165000 825.000000 -0.637979 0.912061 0.000000 2.088565 0.483195 0.000000 1.363772 
166000 830.000000 -0.881380 0.585305 0.000000 4.367562 0.107254 0.000000 4.206681 
167000 835.000000 -0.748420 0.787585 0.000000 4.807698 1.762870 0.000000 2.163393 
168000 840.000000 -0.687167 0.664879 0.000000 4.930991 0.221120 0.000000 4.599310 
169000 845.000000 -0.751070 0.734695 0.000000 4.745624 0.262348 0.000000 4.352102 
170000 850.000000 -0.654878 0.677144 0.000000 4.983555 1.254457 0.000000 3.101870 
171000 855.000000 -0.769126 0.643803 0.000000 5.888047 1.288768 0.000000 3.954895 
172000 860.000000 -0.881259 0.582642 0.000000 5.388181 2.124098 0.000000 2.202034 
173000 865.000000 -0.580139 0.758704 0.000000 3.298944 0.295960 0.000000 2.855004 
174000 870.000000 -0.664507 0.716024 0.000000 4.806257 0.497616 0.000000 4.059833 
175000 875.000000 -0.696747 0.708428 0.000000 5.010552 0.292710 0.000000 4.571487 
176000 880.000000 -0.768262 0.492955 0.000000 4.616315 0.507083 0.000000 3.855691 
177000 885.000000 -0.711521 0.578910 0.000000 4.883585 0.143561 0.000000 4.668244 
178000 890.000000 -0.749472 0.613115 0.000000 6.114239 1.646257 0.000000 3.644853 
179000 895.000000 -0.834601 0.533268 0.000000 5.597445 1.475225 0.000000 3.384607 
180000 900.000000 -0.613136 0.720666 0.000000 4.096325 0.807271 0.000000 2.885418 
181000 905.000000 -0.683922 0.576798 0.000000 4.395981 0.029264 0.000000 4.352086 
182000 910.000000 -0.680512 0.523491 0.000000 6.672042 6.005891 0.000000 -2.336796 
183000 915.000000 -0.692897 0.511369 0.000000 3.751772 0.125303 0.000000 3.563817 
184000 920.000000 -0.926660 0.781775 0.000000 3.961947 2.869643 0.000000 -0.342516 
185000 925.000000 -0.710060 0.655813 0.000000 6.591309 3.063859 0.000000 1.995520 
186000 930.000000 -0.609911 0.717695 0.000000 3.853864 0.499437 0.000000 3.104709 
187000 935.000000 -0.582229 0.768517 0.000000 3.516335 0.460056 0.000000 2.826251 
188000 940.000000 -0.893582 0.571481 0.000000 4.296443 0.290210 0.000000 3.861129 
189000 945.000000 -0.829734 0.626838 0.000000 4.998583 0.239767 0.000000 4.638931 
190000 950.000000 -0.987113 0.573035 0.000000 2.371816 0.097935 0.000000 2.224914 
191000 955.000000 -0.716345 0.698937 0.000000 5.000499 0.014751 0.000000 4.978372 
192000 960.000000 -0.655634 0.633054 0.000000 4.385448 0.329634 0.000000 3.890998 
193000 965.000000 -0.493333 0.703957 0.000000 0.338325 0.406757 0.000000 -0.271810 
194000 970.000000 -0.757283 0.605610 0.000000 7.098377 3.584909 0.000000 1.721013 
195000 975.000000 -0.715808 0.734925 0.000000 4.929952 0.341915 0.000000 4.417080 
196000 980.000000 -0.820982 0.543600 0.000000 5.633357 1.262829 0.000000 3.739113 
197000 985.000000 -0.843695 0.684663 0.000000 4.446334 0.408690 0.000000 3.833298 
198000 990.000000 -0.656541 0.640779 0.000000 4.929186 1.322453 0.000000 2.945506 
199000 995.000000 -0.963312 0.716970 0.000000 2.524671 0.182974 0.000000 2.250210 
200000 1000.000000 -0.760343 0.536718 0.000000 5.844814 1.902751 0.000000 2.990687 
201000 1005.000000 -0.741581 0.951278 0.000000 0.907092 0.059593 0.000000 0.817702 
202000 1010.000000 -0.888708 0.536734 0.000000 4.260163 0.128988 0.000000 4.066681 
203000 1015.000000 -0.783826 0.592051 0.000000 6.736416 2.925135 0.000000 2.348713 
204000 1020.000000 -0.633652 0.594328 0.000000 3.871645 0.718807 0.000000 2.793435 
205000 1025.000000 -0.805508 0.704824 0.000000 4.933933 0.906641 0.000000 3.573972 
206000 1030.000000 -0.752194 0.965402 0.000000 0.880128 0.441862 0.000000 0.217335 
207000 1035.000000 -0.744869 0.622404 0.000000 5.329122 0.131969 0.000000 5.131168 
208000 1040.000000 -0.761957 0.577569 0.000000 5.357147 0.278942 0.000000 4.938734 
209000 1045.000000 -0.640738 0.669545 0.000000 4.205246 0.292766 0.000000 3.766096 
210000 1050.000000 -0.711615 0.680743 0.000000 5.231191 0.404717 0.000000 4.624115 
211000 1055.000000 -0.732804 0.640708 0.000000 5.268828 0.111685 0.000000 5.101300 
212000 1060.000000 -1.016463 0.520320 0.000000 1.629359 0.119372 0.000000 1.450300 
213000 1065.000000 -0.570203 0.783272 0.000000 3.156054 0.059102 0.000000 3.067402 
214000 1070.000000 -0.577911 0.681041 0.000000 3.795891 2.372098 0.000000 0.237745 
215000 1075.000000 -0.775142 0.547792 0.000000 5.110878 0.031830 0.000000 5.063132 
216000 1080.000000 -0.750877 0.656328 0.000000 5.306367 0.142883 0.000000 5.092043 
217000 1085.000000 -0.763263 0.668960 0.000000 5.403566 0.516512 0.000000 4.628797 
218000 1090.000000 -0.854864 0.539934 0.000000 5.168582 0.938818 0.000000 3.760355 
219000 1095.000000 -0.731479 0.537581 0.000000 5.352785 1.396811 0.000000 3.257568 
220000 1100.000000 -0.669152 0.797148 0.000000 4.763630 1.187553 0.000000 2.982300 
221000 1105.000000 -0.848559 0.426017 0.000000 3.620328 0.476059 0.000000 2.906239 
222000 1110.000000 -0.826701 0.491978 0.000000 4.999481 0.952807 0.000000 3.570271 
223000 1115.000000 -0.733930 0.896837 0.000000 2.408151 0.880645 0.000000 1.087184 
224000 1120.000000 -0.635379 0.792497 0.000000 4.714879 1.170652 0.000000 2.958901 
225000 1125.000000 -0.795892 0.620394 0.000000 6.968456 3.524964 0.000000 1.681010 
226000 1130.000000 -0.822971 0.609951 0.000000 5.388718 0.727690 0.000000 4.297183 
227000 1135.000000 -0.747589 0.716698 0.000000 5.220046 0.779031 0.000000 4.051499 
228000 1140.000000 -0.869363 0.582134 0.000000 4.840685 0.633622 0.000000 3.890252 
229000 1145.000000 -0.511861 0.836606 0.000000 2.468660 0.325705 0.000000 1.980102 
230000 1150.000000 -0.850833 0.489367 0.000000 5.032131 1.310016 0.000000 3.067106 
231000 1155.000000 -0.817795 0.619065 0.000000 5.744724 1.398888 0.000000 3.646392 
232000 1160.000000 -0.762303 0.715102 0.000000 5.866056 2.204776 0.000000 2.558892 
233000 1165.000000 -0.832432 0.604732 0.000000 5.149464 0.413230 0.000000 4.529619 
234000 1170.000000 -0.736302 0.625658 0.000000 5.355652 0.241024 0.000000 4.994116 
235000 1175.000000 -0.780510 0.521120 0.000000 6.519522 3.348858 0.000000 1.496235 
236000 1180.000000 -0.980331 0.622740 0.000000 4.536027 4.213008 0.000000 -1.783486 
237000 1185.000000 -0.727206 0.453156 0.000000 3.409895 0.753599 0.000000 2.279496 
238000 1190.000000 -0.499629 0.748655 0.000000 1.595785 1.922208 0.000000 -1.287528 
239000 1195.000000 -0.653200 0.719118 0.000000 4.546439 0.268395 0.000000 4.143847 
240000 1200.000000 -0.825066 0.511171 0.000000 4.867582 0.266996 0.000000 4.467087 
241000 1205.000000 -0.741774 0.777803 0.000000 4.236195 0.234473 0.000000 3.884485 
242000 1210.000000 -0.771473 0.666370 0.000000 5.585233 0.943390 0.000000 4.170148 
243000 1215.000000 -0.728604 0.628099 0.000000 5.489240 0.619322 0.000000 4.560257 
244000 1220.000000 -0.821804 0.489284 0.000000 4.511981 0.063796 0.000000 4.416288 
245000 1225.000000 -0.896892 0.518422 0.000000 4.122754 0.229125 0.000000 3.779066 
246000 1230.000000 -0.836090 0.472621 0.000000 4.388699 0.346714 0.000000 3.868628 
247000 1235.000000 -0.775053 0.610827 0.000000 6.140619 1.685735 0.000000 3.612016 
248000 1240.000000 -0.610405 0.813342 0.000000 4.145462 0.617180 0.000000 3.219691 
249000 1245.000000 -0.891362 0.478845 0.000000 3.955935 0.264997 0.000000 3.558440 
250000 1250.000000 -0.880072 0.751231 0.000000 3.497452 0.628494 0.000000 2.554711 
251000 1255.000000 -0.854907 0.503457 0.000000 5.041622 1.170488 0.000000 3.285889 
252000 1260.000000 -0.887350 0.452524 0.000000 4.706990 2.280724 0.000000 1.285905 
253000 1265.000000 -0.748471 0.603431 0.000000 5.271434 0.040533 0.000000 5.210634 
254000 1270.000000 -0.799238 0.387614 0.000000 2.514876 0.630020 0.000000 1.569846 
255000 1275.000000 -0.848025 0.824005 0.000000 3.386209 1.318319 0.000000 1.408730 
256000 1280.000000 -0.620194 0.630808 0.000000 4.531640 2.179862 0.000000 1.261846 
257000 1285.000000 -0.695557 0.722762 0.000000 5.190541 0.793646 0.000000 4.000073 
258000 1290.000000 -0.759059 0.587192 0.000000 5.896509 1.297107 0.000000 3.950849 
259000 1295.000000 -0.920160 0.584269 0.000000 5.170323 3.088587 0.000000 0.537442 
260000 1300.000000 -0.699174 0.690773 0.000000 5.500059 1.163174 0.000000 3.755298 
261000 1305.000000 -0.717606 0.665214 0.000000 5.845234 1.506254 0.000000 3.585853 
262000 1310.000000 -0.762491 0.469487 0.000000 4.693738 1.669972 0.000000 2.188781 
263000 1315.000000 -0.864418 0.496753 0.000000 4.991634 1.363790 0.000000 2.945948 
264000 1320.000000 -0.791324 0.494044 0.000000 4.653012 0.280269 0.000000 4.232608 
265000 1325.000000 -0.694774 0.528783 0.000000 4.628235 1.279282 0.000000 2.709312 
266000 1330.000000 -0.860571 0.596568 0.000000 5.489875 1.780739 0.000000 2.818766 
267000 1335.000000 -0.719661 0.715322 0.000000 4.988499 0.180235 0.000000 4.718147 
268000 1340.000000 -0.784129 0.635607 0.000000 5.298091 0.163176 0.000000 5.053327 
269000 1345.000000 -0.836721 0.651116 0.000000 5.921290 2.600201 0.000000 2.020988 
270000 1350.000000 -0.949447 0.503830 0.000000 3.025285 0.093339 0.000000 2.885277 
271000 1355.000000 -0.723694 0.482666 0.000000 3.697459 0.088419 0.000000 3.564830 
272000 1360.000000 -1.014647 0.205197 0.000000 -1.860018 0.742937 0.000000 -2.974423 
273000 1365.000000 -0.665656 0.681378 0.000000 5.991753 2.856644 0.000000 1.706786 
274000 1370.000000 -0.662359 0.680413 0.000000 5.684968 2.351578 0.000000 2.157602 
275000 1375.000000 -0.716016 0.697565 0.000000 5.089181 0.153653 0.000000 4.858701 
276000 1380.000000 -0.624767 0.778543 0.000000 4.162144 0.164735 0.000000 3.915042 
277000 1385.000000 -0.623674 0.466236 0.000000 1.660973 0.683234 0.000000 0.636123 
278000 1390.000000 -0.619932 0.782342 0.000000 4.901980 1.759049 0.000000 2.263407 
279000 1395.000000 -0.745936 0.584250 0.000000 5.501770 0.616133 0.000000 4.577570 
280000 1400.000000 -0.767643 0.630747 0.000000 5.672485 0.748305 0.000000 4.550027 
281000 1405.000000 -0.738403 0.555475 0.000000 5.363710 0.875955 0.000000 4.049779 
282000 1410.000000 -0.817174 0.683770 0.000000 4.748588 0.321102 0.000000 4.266936 
283000 1415.000000 -0.799493 0.583022 0.000000 5.246374 0.004040 0.000000 5.240314 
284000 1420.000000 -0.796622 0.694417 0.000000 4.746752 0.110494 0.000000 4.581011 
285000 1425.000000 -0.775010 0.860632 0.000000 2.688994 0.282353 0.000000 2.265463 
286000 1430.000000 -0.941008 0.503766 0.000000 3.145352 0.006300 0.000000 3.135903 
287000 1435.000000 -0.825992 0.592915 0.000000 5.759177 1.438781 0.000000 3.601006 
288000 1440.000000 -0.700040 0.506900 0.000000 3.756642 0.034591 0.000000 3.704756 
289000 1445.000000 -0.649563 0.732723 0.000000 4.994844 1.222436 0.000000 3.161190 
290000 1450.000000 -0.622637 0.649767 0.000000 5.305638 3.398904 0.000000 0.207282 
291000 1455.000000 -0.742783 0.602127 0.000000 5.297970 0.102436 0.000000 5.144317 
292000 1460.000000 -0.788094 0.649578 0.000000 6.824796 3.366334 0.000000 1.775294 
293000 1465.000000 -0.862224 0.592808 0.000000 5.170507 1.126809 0.000000 3.480294 
294000 1470.000000 -0.748328 0.555264 0.000000 5.546699 1.070791 0.000000 3.940513 
295000 1475.000000 -0.824536 0.606450 0.000000 5.106562 0.143436 0.000000 4.891409 
296000 1480.000000 -0.759489 0.658366 0.000000 5.802398 1.166716 0.000000 4.052324 
297000 1485.000000 -0.692642 0.626939 0.000000 5.048526 0.444638 0.000000 4.381570 
298000 1490.000000 -0.850787 0.647150 0.000000 4.616403 0.287841 0.000000 4.184641 
299000 1495.000000 -0.947910 0.660185 0.000000 4.449454 3.131593 0.000000 -0.247936 
300000 1500.000000 -0.682923 0.640889 0.000000 5.088301 0.705754 0.000000 4.029670 
301000 1505.000000 -0.819132 0.555315 0.000000 5.377785 0.593814 0.000000 4.487064 
302000 1510.000000 -0.672331 0.718896 0.000000 5.023132 0.738525 0.000000 3.915344 
303000 1515.000000 -0.901448 0.659542 0.000000 3.715900 0.202090 0.000000 3.412766 
304000 1520.000000 -0.849175 0.543074 0.000000 5.354265 1.177731 0.000000 3.587668 
305000 1525.000000 -0.686048 0.684409 0.000000 5.161230 0.679905 0.000000 4.141373 
306000 1530.000000 -0.671612 0.702549 0.000000 5.251920 1.210897 0.000000 3.435574 
307000 1535.000000 -0.701435 0.623201 0.000000 6.198519 2.582076 0.000000 2.325405 
308000 1540.000000 -0.726058 0.822115 0.000000 3.661334 0.345821 0.000000 3.142603 
309000 1545.000000 -0.499642 0.828965 0.000000 1.927718 0.218964 0.000000 1.599272 
310000 1550.000000 -0.762945 0.665265 0.000000 5.169551 0.052897 0.000000 5.090205 
311000 1555.000000 -0.868986 0.456086 0.000000 4.205471 0.829470 0.000000 2.961266 
312000 1560.000000 -0.671873 0.753530 0.000000 4.608675 0.172928 0.000000 4.349283 
313000 1565.000000 -0.640026 0.710177 0.000000 4.737978 1.138075 0.000000 3.030866 
314000 1570.000000 -0.574631 0.838571 0.000000 3.623224 0.410254 0.000000 3.007843 
315000 1575.000000 -0.867378 0.419956 0.000000 4.803212 3.231452 0.000000 -0.043966 
316000 1580.000000 -0.654354 0.580490 0.000000 5.263376 2.843680 0.000000 0.997856 
317000 1585.000000 -0.698346 0.483039 0.000000 3.338259 0.229292 0.000000 2.994321 
318000 1590.000000 -0.822447 0.939839 0.000000 1.185338 0.079377 0.000000 1.066272 
319000 1595.000000 -0.817147 0.523339 0.000000 5.122875 0.530710 0.000000 4.326809 
320000 1600.000000 -0.706319 0.658612 0.000000 5.762672 1.518614 0.000000 3.484751 
321000 1605.000000 -0.891869 0.817662 0.000000 2.503718 0.006701 0.000000 2.493667 
322000 1610.000000 -0.899483 0.562983 0.000000 4.338934 0.623136 0.000000 3.404229 
323000 1615.000000 -0.828548 0.757521 0.000000 4.416323 1.579885 0.000000 2.046496 
324000 1620.000000 -0.749579 0.662669 0.000000 5.632842 0.917962 0.000000 4.255899 
325000 1625.000000 -0.831849 0.456909 0.000000 4.279432 0.643475 0.000000 3.314220 
326000 1630.000000 -0.982318 0.817388 0.000000 1.765886 0.159909 0.000000 1.526022 
327000 1635.000000 -0.782540 0.664265 0.000000 5.585313 1.064276 0.000000 3.988899 
328000 1640.000000 -1.011152 0.561479 0.000000 3.021951 2.467392 0.000000 -0.679136 
329000 1645.000000 -1.009780 0.807427 0.000000 3.157832 3.489189 0.000000 -2.075952 
330000 1650.000000 -0.776916 0.723819 0.000000 4.644590 0.209065 0.000000 4.330992 
331000 1655.000000 -0.727361 0.630101 0.000000 5.379933 0.430251 0.000000 4.734556 
332000 1660.000000 -0.682981 0.744394 0.000000 5.799118 2.360988 0.000000 2.257636 
333000 1665.000000 -0.891442 0.468873 0.000000 4.165876 0.899719 0.000000 2.816298 
334000 1670.000000 -0.848657 0.777477 0.000000 3.387322 0.311956 0.000000 2.919387 
335000 1675.000000 -0.838057 0.507323 0.000000 4.622893 0.000715 0.000000 4.621820 
336000 1680.000000 -0.817268 0.546422 0.000000 5.348760 0.655800 0.000000 4.365059 
337000 1685.000000 -0.796720 0.450255 0.000000 4.193097 0.904039 0.000000 2.837039 
338000 1690.000000 -0.699616 0.741307 0.000000 4.915749 0.456304 0.000000 4.231292 
339000 1695.000000 -0.638806 0.512030 0.000000 3.132614 1.050847 0.000000 1.556344 
340000 1700.000000 -0.749731 0.549968 0.000000 5.776068 1.665355 0.000000 3.278034 
341000 1705.000000 -0.731265 0.577381 0.000000 5.364558 0.724487 0.000000 4.277827 
342000 1710.000000 -0.774118 0.707601 0.000000 4.751691 0.038350 0.000000 4.694166 
343000 1715.000000 -0.664776 0.767760 0.000000 4.459832 0.108394 0.000000 4.297241 
344000 1720.000000 -0.819917 0.641173 0.000000 5.808997 1.874379 0.000000 2.997428 
345000 1725.000000 -0.710407 0.805846 0.000000 3.865081 0.007040 0.000000 3.854521 
346000 1730.000000 -0.886205 0.542801 0.000000 4.762688 1.045463 0.000000 3.194494 
347000 1735.000000 -0.522419 1.490131 0.000000 1.908763 0.181293 0.000000 1.636824 
348000 1740.000000 -0.471418 1.545498 0.000000 1.427979 0.198836 0.000000 1.129725 
349000 1745.000000 -0.781718 0.741629 0.000000 4.492461 0.446135 0.000000 3.823258 
350000 1750.000000 -0.619254 0.826747 0.000000 3.884508 0.249091 0.000000 3.510871 
351000 1755.000000 -0.650157 0.828267 0.000000 4.731714 1.993408 0.000000 1.741601 
352000 1760.000000 -0.992787 0.627740 0.000000 2.333322 0.350860 0.000000 1.807031 
353000 1765.000000 -0.701433 0.600506 0.000000 4.901652 0.236927 0.000000 4.546261 
354000 1770.000000 -0.802511 0.765827 0.000000 3.802011 0.087354 0.000000 3.670980 
355000 1775.000000 -0.804591 0.541595 0.000000 5.230982 0.426747 0.000000 4.590862 
356000 1780.000000 -0.865784 0.653134 0.000000 4.622232 0.899333 0.000000 3.273232 
357000 1785.000000 -0.772113 0.670703 0.000000 5.311694 0.511618 0.000000 4.544266 
358000 1790.000000 -0.481408 0.652332 0.000000 -0.007928 0.756627 0.000000 -1.142869 
359000 1795.000000 -0.887822 0.531770 0.000000 4.204873 0.030114 0.000000 4.159701 
360000 1800.000000 -0.868464 0.659515 0.000000 4.736939 1.297590 0.000000 2.790554 
361000 1805.000000 -0.771190 0.718741 0.000000 5.894789 2.533585 0.000000 2.094412 
362000 1810.000000 -0.775125 0.760416 0.000000 4.419630 0.674854 0.000000 3.407349 
363000 1815.000000 -0.843370 0.713002 0.000000 4.508274 1.128007 0.000000 2.816264 
364000 1820.000000 -0.768730 0.653310 0.000000 5.762020 1.180239 0.000000 3.991661 
365000 1825.000000 -0.862620 0.575316 0.000000 4.718408 0.247345 0.000000 4.347390 
366000 1830.000000 -0.839290 0.585620 0.000000 4.981413 0.211551 0.000000 4.664086 
367000 1835.000000 -0.471154 0.922031 0.000000 2.338234 0.650801 0.000000 1.362032 
368000 1840.000000 -0.813390 0.646996 0.000000 5.232896 0.675432 0.000000 4.219748 
369000 1845.000000 -0.817968 0.510265 0.000000 5.422482 1.406094 0.000000 3.313341 
370000 1850.000000 -0.532397 0.858889 0.000000 3.229303 0.699352 0.000000 2.180275 
371000 1855.000000 -0.761114 0.710346 0.000000 4.903944 0.245835 0.000000 4.535191 
372000 1860.000000 -0.778129 0.632613 0.000000 5.433149 0.427211 0.000000 4.792332 
373000 1865.000000 -0.750594 0.678821 0.000000 6.290971 2.421467 0.000000 2.658770 
374000 1870.000000 -0.739005 0.588221 0.000000 5.266348 0.295260 0.000000 4.823458 
375000 1875.000000 -0.786256 0.664604 0.000000 6.579380 3.142179 0.000000 1.866111 
376000 1880.000000 -0.970334 0.403987 0.000000 2.245726 1.238181 0.000000 0.388455 
377000 1885.000000 -0.863356 0.493518 0.000000 4.720192 0.885205 0.000000 3.392383 
378000 1890.000000 -0.602640 0.643537 0.000000 3.109770 0.107321 0.000000 2.948787 
379000 1895.000000 -0.720487 0.518195 0.000000 4.229876 0.032002 0.000000 4.181873 
380000 1900.000000 -0.702692 0.581504 0.000000 5.293076 1.212803 0.000000 3.473871 
381000 1905.000000 -0.876479 0.494463 0.000000 4.281720 0.276865 0.000000 3.866423 
382000 1910.000000 -0.726853 0.584914 0.000000 5.628905 1.247193 0.000000 3.758116 
383000 1915.000000 -0.658622 0.588757 0.000000 4.400004 0.818116 0.000000 3.172830 
384000 1920.000000 -1.005895 0.628242 0.000000 2.219929 0.574849 0.000000 1.357656 
385000 1925.000000 -0.733404 0.763308 0.000000 4.483049 0.249312 0.000000 4.109080 
386000 1930.000000 -0.836884 0.547074 0.000000 5.176016 0.600295 0.000000 4.275574 
387000 1935.000000 -0.620482 0.771816 0.000000 3.996169 0.019939 0.000000 3.966261 
388000 1940.000000 -0.921412 0.508155 0.000000 3.773718 0.501106 0.000000 3.022059 
389000 1945.000000 -0.791479 0.751100 0.000000 4.291564 0.447512 0.000000 3.620296 
390000 1950.000000 -0.681925 0.746870 0.000000 5.288517 1.390339 0.000000 3.203009 
391000 1955.000000 -0.658823 0.727399 0.000000 4.746974 0.575459 0.000000 3.883786 
392000 1960.000000 -0.720067 0.686380 0.000000 5.972341 1.896555 0.000000 3.127509 
393000 1965.000000 -0.627628 0.692591 0.000000 3.887939 0.065761 0.000000 3.789298 
394000 1970.000000 -0.937851 0.536502 0.000000 3.279499 0.013138 0.000000 3.259791 
395000 1975.000000 -0.776042 0.615578 0.000000 5.533580 0.530411 0.000000 4.737964 
396000 1980.000000 -0.764745 0.691732 0.000000 5.548660 1.234548 0.000000 3.696837 
397000 1985.000000 -0.706584 0.696840 0.000000 5.050630 0.243533 0.000000 4.685330 
398000 1990.000000 -0.695462 0.605184 0.000000 7.102078 4.747710 0.000000 -0.019487 
399000 1995.000000 -0.777517 0.619717 0.000000 5.331507 0.144138 0.000000 5.115301 
400000 2000.000000 -0.866248 0.646719 0.000000 4.423306 0.420028 0.000000 3.793264 
401000 2005.000000 -0.851994 0.636368 0.000000 5.402501 1.819616 0.000000 2.673077 
402000 2010.000000 -0.596070 0.686289 0.000000 3.405668 0.664282 0.000000 2.409245 
403000 2015.000000 -0.693317 0.623185 0.000000 5.093247 0.631679 0.000000 4.145728 
404000 2020.000000 -0.614372 0.675503 0.000000 3.991983 1.047755 0.000000 2.420351 
405000 2025.000000 -0.882109 0.786945 0.000000 3.086707 0.517160 0.000000 2.310967 
406000 2030.000000 -0.752504 0.766947 0.000000 4.954104 1.588203 0.000000 2.571800 
407000 2035.000000 -0.909711 0.675226 0.000000 4.635679 2.584781 0.000000 0.758508 
408000 2040.000000 -0.814725 0.502405 0.000000 6.378483 3.493723 0.000000 1.137898 
409000 2045.000000 -0.678388 0.766152 0.000000 4.900458 0.915651 0.000000 3.526981 
410000 2050.000000 -0.673637 0.687157 0.000000 4.637697 0.010272 0.000000 4.622289 
411000 2055.000000 -0.733368 0.657182 0.000000 5.266934 0.224877 0.000000 4.929619 
412000 2060.000000 -0.799325 0.647251 0.000000 5.320724 0.595837 0.000000 4.426969 
413000 2065.000000 -0.898907 0.702916 0.000000 3.701741 0.765856 0.000000 2.552957 
414000 2070.000000 -0.731039 0.653342 0.000000 6.582894 2.836564 0.000000 2.328048 
415000 2075.000000 -0.778183 0.507516 0.000000 4.674624 0.095368 0.000000 4.531572 
416000 2080.000000 -0.941311 0.640976 0.000000 3.753191 1.460054 0.000000 1.563109 
417000 2085.000000 -0.878991 0.463020 0.000000 3.989538 0.432586 0.000000 3.340659 
418000 2090.000000 -0.733462 0.539768 0.000000 4.945208 0.552639 0.000000 4.116249 
419000 2095.000000 -0.667812 0.779465 0.000000 4.501526 0.368395 0.000000 3.948934 
420000 2100.000000 -0.834189 0.700491 0.000000 5.114852 1.858521 0.000000 2.327071 
421000 2105.000000 -0.696272 0.662523 0.000000 5.717216 1.632270 0.000000 3.268811 
422000 2110.000000 -0.773316 0.630527 0.000000 5.397886 0.295161 0.000000 4.955144 
423000 2115.000000 -0.778286 0.734526 0.000000 5.046788 1.311905 0.000000 3.078930 
424000 2120.000000 -0.819768 0.568821 0.000000 5.210741 0.283070 0.000000 4.786137 
425000 2125.000000 -0.907361 0.650485 0.000000 4.257798 1.420412 0.000000 2.127179 
426000 2130.000000 -0.533055 0.821734 0.000000 2.746403 0.275432 0.000000 2.333254 
427000 2135.000000 -0.735235 0.691542 0.000000 5.108076 0.173947 0.000000 4.847155 
428000 2140.000000 -0.773920 0.639561 0.000000 5.996070 1.570370 0.000000 3.640515 
429000 2145.000000 -0.972330 0.633168 0.000000 2.709456 0.388227 0.000000 2.127115 
430000 2150.000000 -0.783180 0.545954 0.000000 5.845377 1.573794 0.000000 3.484686 
431000 2155.000000 -0.798011 0.562940 0.000000 6.846931 3.387380 0.000000 1.765861 
432000 2160.000000 -0.805572 0.454254 0.000000 4.105397 0.501892 0.000000 3.352558 
433000 2165.000000 -0.811935 0.590203 0.000000 5.405489 0.552299 0.000000 4.577040 
434000 2170.000000 -0.752129 0.603167 0.000000 5.759446 1.029496 0.000000 4.215202 
435000 2175.000000 -0.832402 0.497483 0.000000 4.737890 0.415326 0.000000 4.114902 
436000 2180.000000 -0.670414 0.564909 0.000000 4.114418 0.247038 0.000000 3.743861 
437000 2185.000000 -0.897261 0.501215 0.000000 4.498033 1.206617 0.000000 2.688108 
438000 2190.000000 -0.698887 0.543189 0.000000 4.281908 0.090512 0.000000 4.146140 
439000 2195.000000 -0.696105 0.608243 0.000000 5.507408 1.507218 0.000000 3.246582 
440000 2200.000000 -0.832472 0.564517 0.000000 4.966344 0.021263 0.000000 4.934450 
441000 2205.000000 -0.808380 0.657735 0.000000 5.446132 1.146987 0.000000 3.725652 
442000 2210.000000 -0.677083 0.655039 0.000000 5.111643 0.934102 0.000000 3.710490 
443000 2215.000000 -0.827341 0.569899 0.000000 5.766961 1.506834 0.000000 3.506710 
444000 2220.000000 -0.713902 0.712336 0.000000 5.290471 0.797850 0.000000 4.093696 
445000 2225.000000 -0.792676 0.555677 0.000000 5.519068 0.768346 0.000000 4.366548 
446000 2230.000000 -0.957283 0.542827 0.000000 3.266984 0.736735 0.000000 2.161882 
447000 2235.000000 -0.525304 0.822720 0.000000 2.807269 0.741043 0.000000 1.695705 
448000 2240.000000 -0.701606 0.744492 0.000000 5.097371 0.883402 0.000000 3.772267 
449000 2245.000000 -0.790702 0.643387 0.000000 6.625644 3.011953 0.000000 2.107714 
450000 2250.000000 -1.024340 0.692430 0.000000 4.453913 5.680791 0.000000 -4.067274 
451000 2255.000000 -0.472205 0.881186 0.000000 1.941268 0.000894 0.000000 1.939928 
452000 2260.000000 -0.637330 0.705354 0.000000 4.703645 1.200083 0.000000 2.903521 
453000 2265.000000 -0.777303 0.545590 0.000000 5.061025 0.006772 0.000000 5.050867 
454000 2270.000000 -0.740179 0.690576 0.000000 5.062211 0.034796 0.000000 5.010017 
455000 2275.000000 -0.742199 0.534544 0.000000 5.287501 1.137763 0.000000 3.580857 
456000 2280.000000 -0.706053 0.790555 0.000000 4.213159 0.158542 0.000000 3.975345 
457000 2285.000000 -0.706761 0.641905 0.000000 5.347863 0.685704 0.000000 4.319307 
458000 2290.000000 -0.781077 0.574291 0.000000 5.443210 0.420439 0.000000 4.812551 
459000 2295.000000 -0.743681 0.657475 0.000000 5.417104 0.436205 0.000000 4.762796 
460000 2300.000000 -0.865165 0.669615 0.000000 4.596043 1.055119 0.000000 3.013365 
461000 2305.000000 -0.668586 0.788769 0.000000 4.461767 0.418845 0.000000 3.833499 
462000 2310.000000 -0.814241 0.665256 0.000000 5.845792 2.169060 0.000000 2.592203 
463000 2315.000000 -0.788627 0.547460 0.000000 5.224609 0.268115 0.000000 4.822437 
464000 2320.000000 -0.863210 0.463873 0.000000 4.128037 0.373956 0.000000 3.567103 
465000 2325.000000 -0.915955 0.522660 0.000000 3.749422 0.131037 0.000000 3.552866 
466000 2330.000000 -0.755166 0.600009 0.000000 5.280922 0.033800 0.000000 5.230223 
467000 2335.000000 -0.700282 0.571281 0.000000 5.065907 0.990719 0.000000 3.579829 
468000 2340.000000 -0.883621 0.562675 0.000000 5.033619 1.452038 0.000000 2.855562 
469000 2345.000000 -0.862309 0.770481 0.000000 3.498653 0.629841 0.000000 2.553891 
470000 2350.000000 -0.764901 0.558024 0.000000 6.364266 2.490805 0.000000 2.628059 
471000 2355.000000 -0.800810 0.665459 0.000000 6.816360 3.816312 0.000000 1.091892 
472000 2360.000000 -0.723971 0.763837 0.000000 5.402519 1.947381 0.000000 2.481447 
473000 2365.000000 -0.681200 0.493221 0.000000 3.604764 0.935663 0.000000 2.201269 
474000 2370.000000 -0.784838 0.483827 0.000000 4.353842 0.052514 0.000000 4.275071 
475000 2375.000000 -0.938945 0.817433 0.000000 2.897139 1.478689 0.000000 0.679105 
476000 2380.000000 -0.940514 0.767834 0.000000 3.514373 2.075737 0.000000 0.400768 
477000 2385.000000 -0.798926 0.697565 0.000000 5.584157 1.887458 0.000000 2.752971 
478000 2390.000000 -0.746109 0.602885 0.000000 5.333754 0.149649 0.000000 5.109280 
479000 2395.000000 -0.865250 0.696912 0.000000 4.924243 2.130171 0.000000 1.728987 
480000 2400.000000 -0.683331 0.872361 0.000000 3.065925 0.732017 0.000000 1.967899 
481000 2405.000000 -0.744402 0.604856 0.000000 5.592028 0.665575 0.000000 4.593665 
482000 2410.000000 -0.926777 0.744799 0.000000 2.790707 0.052033 0.000000 2.712658 
483000 2415.000000 -0.966408 0.771387 0.000000 2.340360 0.282218 0.000000 1.917034 
484000 2420.000000 -0.756524 0.611434 0.000000 5.395168 0.165646 0.000000 5.146700 
485000 2425.000000 -0.524376 0.870543 0.000000 3.017467 0.373849 0.000000 2.456694 
486000 2430.000000 -0.763283 0.736484 0.000000 4.530749 0.001591 0.000000 4.528361 
487000 2435.000000 -0.940681 0.526336 0.000000 3.790211 1.092472 0.000000 2.151503 
488000 2440.000000 -0.741743 0.659602 0.000000 6.404483 2.370346 0.000000 2.848965 
489000 2445.000000 -0.812539 0.608474 0.000000 5.382309 0.485733 0.000000 4.653710 
490000 2450.000000 -0.698302 0.589352 0.000000 4.737955 0.033144 0.000000 4.688239 
491000 2455.000000 -0.811660 0.617099 0.000000 5.703406 1.164762 0.000000 3.956263 
492000 2460.000000 -0.718922 0.483909 0.000000 3.982201 0.729930 0.000000 2.887305 
493000 2465.000000 -0.563829 0.765641 0.000000 3.322704 1.003519 0.000000 1.817425 
494000 2470.000000 -0.782136 0.708509 0.000000 4.701456 0.001789 0.000000 4.698772 
495000 2475.000000 -0.801358 0.575742 0.000000 5.306303 0.137721 0.000000 5.099722 
496000 2480.000000 -0.801962 0.635233 0.000000 5.136505 0.016700 0.000000 5.111455 
497000 2485.000000 -0.760213 0.703529 0.000000 5.803219 1.786650 0.000000 3.123244 
498000 2490.000000 -0.746887 0.670387 0.000000 7.100024 3.837669 0.000000 1.343521 
499000 2495.000000 -0.711992 0.733772 0.000000 5.402564 1.225329 0.000000 3.564571 
